<?xml version="1.0" encoding="UTF-8"?>
<robot generator="Robot 7.3.2 (Python 3.13.5 on win32)" generated="2025-12-02T11:41:38.741573" rpa="false" schemaversion="5">
<suite id="s1" name="Testcases" source="C:\Users\ASUS\PycharmProjects\RobotFramework\Testcases">
<suite id="s1-s1" name="Test" source="C:\Users\ASUS\PycharmProjects\RobotFramework\Testcases\test.robot">
<test id="s1-s1-t1" name="TC001_Checking the testing application with valid data" line="10">
<kw name="Open Browser and enter valid details" owner="keywords">
<kw name="Open Browser" owner="SeleniumLibrary">
<msg time="2025-12-02T11:41:39.779688" level="INFO">Opening browser 'chrome' to base url 'https://testautomationpractice.blogspot.com/#'.</msg>
<arg>${url}</arg>
<arg>${browser}</arg>
<doc>Opens a new browser instance to the optional ``url``.</doc>
<status status="PASS" start="2025-12-02T11:41:39.779336" elapsed="3.526329"/>
</kw>
<kw name="Maximize Browser Window" owner="SeleniumLibrary">
<doc>Maximizes current browser window.</doc>
<status status="PASS" start="2025-12-02T11:41:43.306118" elapsed="2.880561"/>
</kw>
<arg>${url}</arg>
<arg>${browser}</arg>
<status status="PASS" start="2025-12-02T11:41:39.778109" elapsed="6.408821"/>
</kw>
<kw name="Get Total Rows" owner="dataval">
<msg time="2025-12-02T11:41:47.330507" level="INFO">${total_row} = 1</msg>
<var>${total_row}</var>
<arg>${file}</arg>
<arg>${sheet}</arg>
<status status="PASS" start="2025-12-02T11:41:46.187270" elapsed="1.143349"/>
</kw>
<for flavor="IN RANGE">
<iter>
<kw name="Get Row" owner="dataval">
<msg time="2025-12-02T11:41:47.352108" level="INFO">${name_val} = srinikamalikutty</msg>
<var>${name_val}</var>
<arg>${file}</arg>
<arg>${sheet}</arg>
<arg>${i}</arg>
<arg>name</arg>
<status status="PASS" start="2025-12-02T11:41:47.331931" elapsed="0.020278"/>
</kw>
<kw name="Get Row" owner="dataval">
<msg time="2025-12-02T11:41:47.366664" level="INFO">${email_val} = srikamalikutty@123</msg>
<var>${email_val}</var>
<arg>${file}</arg>
<arg>${sheet}</arg>
<arg>${i}</arg>
<arg>email</arg>
<status status="PASS" start="2025-12-02T11:41:47.352568" elapsed="0.014195"/>
</kw>
<kw name="Get Row" owner="dataval">
<msg time="2025-12-02T11:41:47.383415" level="INFO">${cell} = 9988776655</msg>
<var>${cell}</var>
<arg>${file}</arg>
<arg>${sheet}</arg>
<arg>${i}</arg>
<arg>cell</arg>
<status status="PASS" start="2025-12-02T11:41:47.367109" elapsed="0.016404"/>
</kw>
<kw name="Get Row" owner="dataval">
<msg time="2025-12-02T11:41:47.397227" level="INFO">${address_val} = chennai</msg>
<var>${address_val}</var>
<arg>${file}</arg>
<arg>${sheet}</arg>
<arg>${i}</arg>
<arg>address</arg>
<status status="PASS" start="2025-12-02T11:41:47.383851" elapsed="0.013471"/>
</kw>
<kw name="Get Row" owner="dataval">
<msg time="2025-12-02T11:41:47.414882" level="INFO">${title_val} = Automation Testing Practice</msg>
<var>${title_val}</var>
<arg>${file}</arg>
<arg>${sheet}</arg>
<arg>${i}</arg>
<arg>title</arg>
<status status="PASS" start="2025-12-02T11:41:47.397655" elapsed="0.017348"/>
</kw>
<kw name="Get Row" owner="dataval">
<msg time="2025-12-02T11:41:47.431643" level="INFO">${country_val} = India</msg>
<var>${country_val}</var>
<arg>${file}</arg>
<arg>${sheet}</arg>
<arg>${i}</arg>
<arg>country</arg>
<status status="PASS" start="2025-12-02T11:41:47.415396" elapsed="0.016353"/>
</kw>
<kw name="Get Row" owner="dataval">
<msg time="2025-12-02T11:41:47.457922" level="INFO">${colors_val} = Blue</msg>
<var>${colors_val}</var>
<arg>${file}</arg>
<arg>${sheet}</arg>
<arg>${i}</arg>
<arg>colors</arg>
<status status="PASS" start="2025-12-02T11:41:47.432117" elapsed="0.025944"/>
</kw>
<kw name="Get Row" owner="dataval">
<msg time="2025-12-02T11:41:47.475707" level="INFO">${list_val} = Cat</msg>
<var>${list_val}</var>
<arg>${file}</arg>
<arg>${sheet}</arg>
<arg>${i}</arg>
<arg>animals</arg>
<status status="PASS" start="2025-12-02T11:41:47.458516" elapsed="0.017296"/>
</kw>
<kw name="Get Row" owner="dataval">
<msg time="2025-12-02T11:41:47.492884" level="INFO">${date1} = 09/02/2025</msg>
<var>${date1}</var>
<arg>${file}</arg>
<arg>${sheet}</arg>
<arg>${i}</arg>
<arg>date1</arg>
<status status="PASS" start="2025-12-02T11:41:47.476201" elapsed="0.016787"/>
</kw>
<kw name="Get Row" owner="dataval">
<msg time="2025-12-02T11:41:47.509085" level="INFO">${date2} = 02/09/2025</msg>
<var>${date2}</var>
<arg>${file}</arg>
<arg>${sheet}</arg>
<arg>${i}</arg>
<arg>date2</arg>
<status status="PASS" start="2025-12-02T11:41:47.493334" elapsed="0.015853"/>
</kw>
<kw name="Get Row" owner="dataval">
<msg time="2025-12-02T11:41:47.523811" level="INFO">${fromdate} = 02-09-2025</msg>
<var>${fromdate}</var>
<arg>${file}</arg>
<arg>${sheet}</arg>
<arg>${i}</arg>
<arg>from</arg>
<status status="PASS" start="2025-12-02T11:41:47.509524" elapsed="0.014380"/>
</kw>
<kw name="Get Row" owner="dataval">
<msg time="2025-12-02T11:41:47.538592" level="INFO">${todate} = 02-09-2025</msg>
<var>${todate}</var>
<arg>${file}</arg>
<arg>${sheet}</arg>
<arg>${i}</arg>
<arg>to</arg>
<status status="PASS" start="2025-12-02T11:41:47.524235" elapsed="0.014467"/>
</kw>
<kw name="Get Row" owner="dataval">
<msg time="2025-12-02T11:41:47.554606" level="INFO">${file1_msg} = Single file selected: 107_S2058_110_0406.pdf, Size: 119649 bytes, Type: application/pdf</msg>
<var>${file1_msg}</var>
<arg>${file}</arg>
<arg>${sheet}</arg>
<arg>${i}</arg>
<arg>msg1</arg>
<status status="PASS" start="2025-12-02T11:41:47.539074" elapsed="0.015638"/>
</kw>
<kw name="Get Row" owner="dataval">
<msg time="2025-12-02T11:41:47.569914" level="INFO">${file2_msg} = Multiple files selected:
107_S2058_110_0406.pdf, Size: 119649 bytes, Type: application/pdf</msg>
<var>${file2_msg}</var>
<arg>${file}</arg>
<arg>${sheet}</arg>
<arg>${i}</arg>
<arg>msg2</arg>
<status status="PASS" start="2025-12-02T11:41:47.555085" elapsed="0.014932"/>
</kw>
<kw name="Enter the information" owner="keywords">
<kw name="Get Title" owner="SeleniumLibrary">
<msg time="2025-12-02T11:41:47.581191" level="INFO">${title} = Automation Testing Practice</msg>
<var>${title}</var>
<doc>Returns the title of the current page.</doc>
<status status="PASS" start="2025-12-02T11:41:47.572836" elapsed="0.008455"/>
</kw>
<kw name="Log To Console" owner="BuiltIn">
<arg>${title}</arg>
<doc>Logs the given message to the console.</doc>
<status status="PASS" start="2025-12-02T11:41:47.581754" elapsed="0.000560"/>
</kw>
<kw name="Run Keyword And Return Status" owner="BuiltIn">
<kw name="Should Be Equal" owner="BuiltIn">
<arg>${title}</arg>
<arg>${title_val}</arg>
<doc>Fails if the given objects are unequal.</doc>
<status status="PASS" start="2025-12-02T11:41:47.583150" elapsed="0.000523"/>
</kw>
<msg time="2025-12-02T11:41:47.583932" level="INFO">${sts} = True</msg>
<var>${sts}</var>
<arg>Should Be Equal</arg>
<arg>${title}</arg>
<arg>${title_val}</arg>
<doc>Runs the given keyword with given arguments and returns the status as a Boolean value.</doc>
<status status="PASS" start="2025-12-02T11:41:47.582685" elapsed="0.001321"/>
</kw>
<if>
<branch type="IF" condition="${sts}">
<kw name="Log To Console" owner="BuiltIn">
<arg>Matched!!!!</arg>
<doc>Logs the given message to the console.</doc>
<status status="PASS" start="2025-12-02T11:41:47.584730" elapsed="0.000418"/>
</kw>
<status status="PASS" start="2025-12-02T11:41:47.584289" elapsed="0.001028"/>
</branch>
<branch type="ELSE">
<kw name="Run Keyword And Continue On Failure" owner="BuiltIn">
<doc>Runs the keyword and continues execution even if a failure occurs.</doc>
<status status="NOT RUN" start="2025-12-02T11:41:47.585816" elapsed="0.000122"/>
</kw>
<kw name="Fail" owner="BuiltIn">
<arg>Failed!!!</arg>
<doc>Fails the test with the given message and optionally alters its tags.</doc>
<status status="NOT RUN" start="2025-12-02T11:41:47.586206" elapsed="0.000113"/>
</kw>
<status status="NOT RUN" start="2025-12-02T11:41:47.585459" elapsed="0.000982"/>
</branch>
<status status="PASS" start="2025-12-02T11:41:47.584220" elapsed="0.002334"/>
</if>
<kw name="Log To Console" owner="BuiltIn">
<arg>${name}</arg>
<doc>Logs the given message to the console.</doc>
<status status="PASS" start="2025-12-02T11:41:47.587060" elapsed="0.001540"/>
</kw>
<kw name="Wait Until Element Is Visible" owner="SeleniumLibrary">
<arg>${name}</arg>
<arg>${time}</arg>
<doc>Waits until the element ``locator`` is visible.</doc>
<status status="PASS" start="2025-12-02T11:41:47.588962" elapsed="0.184468"/>
</kw>
<kw name="Run Keyword And Continue On Failure" owner="BuiltIn">
<kw name="Input Text" owner="SeleniumLibrary">
<msg time="2025-12-02T11:41:47.774812" level="INFO">Typing text 'srinikamalikutty' into text field 'id:name'.</msg>
<arg>${name}</arg>
<arg>${name_val}</arg>
<doc>Types the given ``text`` into the text field identified by ``locator``.</doc>
<status status="PASS" start="2025-12-02T11:41:47.774265" elapsed="0.339818"/>
</kw>
<arg>Input Text</arg>
<arg>${name}</arg>
<arg>${name_val}</arg>
<doc>Runs the keyword and continues execution even if a failure occurs.</doc>
<status status="PASS" start="2025-12-02T11:41:47.773828" elapsed="0.340483"/>
</kw>
<kw name="Wait Until Element Is Visible" owner="SeleniumLibrary">
<arg>${email}</arg>
<arg>${time}</arg>
<doc>Waits until the element ``locator`` is visible.</doc>
<status status="PASS" start="2025-12-02T11:41:48.114665" elapsed="0.034871"/>
</kw>
<kw name="Run Keyword And Continue On Failure" owner="BuiltIn">
<kw name="Input Text" owner="SeleniumLibrary">
<msg time="2025-12-02T11:41:48.150911" level="INFO">Typing text 'srikamalikutty@123' into text field 'id:email'.</msg>
<arg>${email}</arg>
<arg>${email_val}</arg>
<doc>Types the given ``text`` into the text field identified by ``locator``.</doc>
<status status="PASS" start="2025-12-02T11:41:48.150365" elapsed="0.284836"/>
</kw>
<arg>Input Text</arg>
<arg>${email}</arg>
<arg>${email_val}</arg>
<doc>Runs the keyword and continues execution even if a failure occurs.</doc>
<status status="PASS" start="2025-12-02T11:41:48.149928" elapsed="0.285513"/>
</kw>
<kw name="Wait Until Element Is Visible" owner="SeleniumLibrary">
<arg>${phone}</arg>
<arg>${time}</arg>
<doc>Waits until the element ``locator`` is visible.</doc>
<status status="PASS" start="2025-12-02T11:41:48.435781" elapsed="0.034058"/>
</kw>
<kw name="Run Keyword And Continue On Failure" owner="BuiltIn">
<kw name="Input Text" owner="SeleniumLibrary">
<msg time="2025-12-02T11:41:48.471100" level="INFO">Typing text '9988776655' into text field 'id:phone'.</msg>
<arg>${phone}</arg>
<arg>${cell}</arg>
<doc>Types the given ``text`` into the text field identified by ``locator``.</doc>
<status status="PASS" start="2025-12-02T11:41:48.470610" elapsed="0.211965"/>
</kw>
<arg>Input Text</arg>
<arg>${phone}</arg>
<arg>${cell}</arg>
<doc>Runs the keyword and continues execution even if a failure occurs.</doc>
<status status="PASS" start="2025-12-02T11:41:48.470199" elapsed="0.212607"/>
</kw>
<kw name="Wait Until Element Is Visible" owner="SeleniumLibrary">
<arg>${textarea}</arg>
<arg>${time}</arg>
<doc>Waits until the element ``locator`` is visible.</doc>
<status status="PASS" start="2025-12-02T11:41:48.683158" elapsed="0.049440"/>
</kw>
<kw name="Run Keyword And Continue On Failure" owner="BuiltIn">
<kw name="Input Text" owner="SeleniumLibrary">
<msg time="2025-12-02T11:41:48.734003" level="INFO">Typing text 'chennai' into text field 'id:textarea'.</msg>
<arg>${textarea}</arg>
<arg>${address_val}</arg>
<doc>Types the given ``text`` into the text field identified by ``locator``.</doc>
<status status="PASS" start="2025-12-02T11:41:48.733440" elapsed="0.132871"/>
</kw>
<arg>Input Text</arg>
<arg>${textarea}</arg>
<arg>${address_val}</arg>
<doc>Runs the keyword and continues execution even if a failure occurs.</doc>
<status status="PASS" start="2025-12-02T11:41:48.732994" elapsed="0.133492"/>
</kw>
<kw name="Run Keyword And Continue On Failure" owner="BuiltIn">
<kw name="Click Element" owner="SeleniumLibrary">
<msg time="2025-12-02T11:41:48.867297" level="INFO">Clicking element 'id:male'.</msg>
<arg>${gender}</arg>
<doc>Click the element identified by ``locator``.</doc>
<status status="PASS" start="2025-12-02T11:41:48.867001" elapsed="0.122639"/>
</kw>
<arg>Click Element</arg>
<arg>${gender}</arg>
<doc>Runs the keyword and continues execution even if a failure occurs.</doc>
<status status="PASS" start="2025-12-02T11:41:48.866727" elapsed="0.123158"/>
</kw>
<kw name="Get WebElements" owner="SeleniumLibrary">
<msg time="2025-12-02T11:41:49.025401" level="INFO">${list} = [&lt;selenium.webdriver.remote.webelement.WebElement (session="90cc16c272b9e2b4e85d75c7669083a9", element="f.4E58402E1C94569538B19D307FDE184B.d.60829B47622F99C0A2850B2C206ED8B9.e.42")&gt;, &lt;selenium.webdriv...</msg>
<var>${list}</var>
<arg>${days_checkbox}</arg>
<doc>Returns a list of WebElement objects matching the ``locator``.</doc>
<status status="PASS" start="2025-12-02T11:41:48.990266" elapsed="0.035240"/>
</kw>
<for flavor="IN">
<iter>
<kw name="Select Checkbox" owner="SeleniumLibrary">
<msg time="2025-12-02T11:41:49.026890" level="INFO">Selecting checkbox '&lt;selenium.webdriver.remote.webelement.WebElement (session="90cc16c272b9e2b4e85d75c7669083a9", element="f.4E58402E1C94569538B19D307FDE184B.d.60829B47622F99C0A2850B2C206ED8B9.e.42")&gt;'.</msg>
<arg>${i}</arg>
<doc>Selects the checkbox identified by ``locator``.</doc>
<status status="PASS" start="2025-12-02T11:41:49.026478" elapsed="0.116231"/>
</kw>
<var name="${i}">&lt;selenium.webdriver.remote.webelement.WebElement (session="90cc16c272b9e2b4e85d75c7669083a9", element="f.4E58402E1C94569538B19D307FDE184B.d.60829B47622F99C0A2850B2C206ED8B9.e.42")&gt;</var>
<status status="PASS" start="2025-12-02T11:41:49.026170" elapsed="0.116717"/>
</iter>
<iter>
<kw name="Select Checkbox" owner="SeleniumLibrary">
<msg time="2025-12-02T11:41:49.144012" level="INFO">Selecting checkbox '&lt;selenium.webdriver.remote.webelement.WebElement (session="90cc16c272b9e2b4e85d75c7669083a9", element="f.4E58402E1C94569538B19D307FDE184B.d.60829B47622F99C0A2850B2C206ED8B9.e.43")&gt;'.</msg>
<arg>${i}</arg>
<doc>Selects the checkbox identified by ``locator``.</doc>
<status status="PASS" start="2025-12-02T11:41:49.143547" elapsed="0.108614"/>
</kw>
<var name="${i}">&lt;selenium.webdriver.remote.webelement.WebElement (session="90cc16c272b9e2b4e85d75c7669083a9", element="f.4E58402E1C94569538B19D307FDE184B.d.60829B47622F99C0A2850B2C206ED8B9.e.43")&gt;</var>
<status status="PASS" start="2025-12-02T11:41:49.143217" elapsed="0.109117"/>
</iter>
<iter>
<kw name="Select Checkbox" owner="SeleniumLibrary">
<msg time="2025-12-02T11:41:49.253416" level="INFO">Selecting checkbox '&lt;selenium.webdriver.remote.webelement.WebElement (session="90cc16c272b9e2b4e85d75c7669083a9", element="f.4E58402E1C94569538B19D307FDE184B.d.60829B47622F99C0A2850B2C206ED8B9.e.44")&gt;'.</msg>
<arg>${i}</arg>
<doc>Selects the checkbox identified by ``locator``.</doc>
<status status="PASS" start="2025-12-02T11:41:49.252988" elapsed="0.098586"/>
</kw>
<var name="${i}">&lt;selenium.webdriver.remote.webelement.WebElement (session="90cc16c272b9e2b4e85d75c7669083a9", element="f.4E58402E1C94569538B19D307FDE184B.d.60829B47622F99C0A2850B2C206ED8B9.e.44")&gt;</var>
<status status="PASS" start="2025-12-02T11:41:49.252666" elapsed="0.099083"/>
</iter>
<iter>
<kw name="Select Checkbox" owner="SeleniumLibrary">
<msg time="2025-12-02T11:41:49.352795" level="INFO">Selecting checkbox '&lt;selenium.webdriver.remote.webelement.WebElement (session="90cc16c272b9e2b4e85d75c7669083a9", element="f.4E58402E1C94569538B19D307FDE184B.d.60829B47622F99C0A2850B2C206ED8B9.e.45")&gt;'.</msg>
<arg>${i}</arg>
<doc>Selects the checkbox identified by ``locator``.</doc>
<status status="PASS" start="2025-12-02T11:41:49.352364" elapsed="0.081741"/>
</kw>
<var name="${i}">&lt;selenium.webdriver.remote.webelement.WebElement (session="90cc16c272b9e2b4e85d75c7669083a9", element="f.4E58402E1C94569538B19D307FDE184B.d.60829B47622F99C0A2850B2C206ED8B9.e.45")&gt;</var>
<status status="PASS" start="2025-12-02T11:41:49.352035" elapsed="0.082249"/>
</iter>
<iter>
<kw name="Select Checkbox" owner="SeleniumLibrary">
<msg time="2025-12-02T11:41:49.435536" level="INFO">Selecting checkbox '&lt;selenium.webdriver.remote.webelement.WebElement (session="90cc16c272b9e2b4e85d75c7669083a9", element="f.4E58402E1C94569538B19D307FDE184B.d.60829B47622F99C0A2850B2C206ED8B9.e.46")&gt;'.</msg>
<arg>${i}</arg>
<doc>Selects the checkbox identified by ``locator``.</doc>
<status status="PASS" start="2025-12-02T11:41:49.435058" elapsed="0.085945"/>
</kw>
<var name="${i}">&lt;selenium.webdriver.remote.webelement.WebElement (session="90cc16c272b9e2b4e85d75c7669083a9", element="f.4E58402E1C94569538B19D307FDE184B.d.60829B47622F99C0A2850B2C206ED8B9.e.46")&gt;</var>
<status status="PASS" start="2025-12-02T11:41:49.434732" elapsed="0.086450"/>
</iter>
<iter>
<kw name="Select Checkbox" owner="SeleniumLibrary">
<msg time="2025-12-02T11:41:49.522228" level="INFO">Selecting checkbox '&lt;selenium.webdriver.remote.webelement.WebElement (session="90cc16c272b9e2b4e85d75c7669083a9", element="f.4E58402E1C94569538B19D307FDE184B.d.60829B47622F99C0A2850B2C206ED8B9.e.47")&gt;'.</msg>
<arg>${i}</arg>
<doc>Selects the checkbox identified by ``locator``.</doc>
<status status="PASS" start="2025-12-02T11:41:49.521794" elapsed="0.088692"/>
</kw>
<var name="${i}">&lt;selenium.webdriver.remote.webelement.WebElement (session="90cc16c272b9e2b4e85d75c7669083a9", element="f.4E58402E1C94569538B19D307FDE184B.d.60829B47622F99C0A2850B2C206ED8B9.e.47")&gt;</var>
<status status="PASS" start="2025-12-02T11:41:49.521483" elapsed="0.089182"/>
</iter>
<iter>
<kw name="Select Checkbox" owner="SeleniumLibrary">
<msg time="2025-12-02T11:41:49.611899" level="INFO">Selecting checkbox '&lt;selenium.webdriver.remote.webelement.WebElement (session="90cc16c272b9e2b4e85d75c7669083a9", element="f.4E58402E1C94569538B19D307FDE184B.d.60829B47622F99C0A2850B2C206ED8B9.e.48")&gt;'.</msg>
<arg>${i}</arg>
<doc>Selects the checkbox identified by ``locator``.</doc>
<status status="PASS" start="2025-12-02T11:41:49.611365" elapsed="0.098602"/>
</kw>
<var name="${i}">&lt;selenium.webdriver.remote.webelement.WebElement (session="90cc16c272b9e2b4e85d75c7669083a9", element="f.4E58402E1C94569538B19D307FDE184B.d.60829B47622F99C0A2850B2C206ED8B9.e.48")&gt;</var>
<status status="PASS" start="2025-12-02T11:41:49.610970" elapsed="0.099168"/>
</iter>
<var>${i}</var>
<value>@{list}</value>
<status status="PASS" start="2025-12-02T11:41:49.025721" elapsed="0.684588"/>
</for>
<kw name="Wait Until Element Is Visible" owner="SeleniumLibrary">
<arg>${country}</arg>
<arg>${time}</arg>
<doc>Waits until the element ``locator`` is visible.</doc>
<status status="PASS" start="2025-12-02T11:41:49.710569" elapsed="0.030203"/>
</kw>
<kw name="Run Keyword And Continue On Failure" owner="BuiltIn">
<kw name="Select From List By Label" owner="SeleniumLibrary">
<msg time="2025-12-02T11:41:49.741625" level="INFO">Selecting options from selection list 'id:country' by label India.</msg>
<arg>${country}</arg>
<arg>${country_val}</arg>
<doc>Selects options from selection list ``locator`` by ``labels``.</doc>
<status status="PASS" start="2025-12-02T11:41:49.741302" elapsed="0.230831"/>
</kw>
<arg>Select From List By Label</arg>
<arg>${country}</arg>
<arg>${country_val}</arg>
<doc>Runs the keyword and continues execution even if a failure occurs.</doc>
<status status="PASS" start="2025-12-02T11:41:49.741012" elapsed="0.231396"/>
</kw>
<kw name="Wait Until Element Is Visible" owner="SeleniumLibrary">
<arg>${colors}</arg>
<arg>${time}</arg>
<doc>Waits until the element ``locator`` is visible.</doc>
<status status="PASS" start="2025-12-02T11:41:49.972772" elapsed="0.039106"/>
</kw>
<kw name="Run Keyword And Continue On Failure" owner="BuiltIn">
<kw name="Select From List By Label" owner="SeleniumLibrary">
<msg time="2025-12-02T11:41:50.013326" level="INFO">Selecting options from selection list 'id:colors' by label Blue.</msg>
<arg>${colors}</arg>
<arg>${colors_val}</arg>
<doc>Selects options from selection list ``locator`` by ``labels``.</doc>
<status status="PASS" start="2025-12-02T11:41:50.012783" elapsed="0.164797"/>
</kw>
<arg>Select From List By Label</arg>
<arg>${colors}</arg>
<arg>${colors_val}</arg>
<doc>Runs the keyword and continues execution even if a failure occurs.</doc>
<status status="PASS" start="2025-12-02T11:41:50.012271" elapsed="0.165524"/>
</kw>
<kw name="Wait Until Element Is Visible" owner="SeleniumLibrary">
<arg>${animalslist}</arg>
<arg>${time}</arg>
<doc>Waits until the element ``locator`` is visible.</doc>
<status status="PASS" start="2025-12-02T11:41:50.178172" elapsed="0.027154"/>
</kw>
<kw name="Run Keyword And Continue On Failure" owner="BuiltIn">
<kw name="Select From List By Label" owner="SeleniumLibrary">
<msg time="2025-12-02T11:41:50.206168" level="INFO">Selecting options from selection list 'id:animals' by label Cat.</msg>
<arg>${animalslist}</arg>
<arg>${list_val}</arg>
<doc>Selects options from selection list ``locator`` by ``labels``.</doc>
<status status="PASS" start="2025-12-02T11:41:50.205847" elapsed="0.212030"/>
</kw>
<arg>Select From List By Label</arg>
<arg>${animalslist}</arg>
<arg>${list_val}</arg>
<doc>Runs the keyword and continues execution even if a failure occurs.</doc>
<status status="PASS" start="2025-12-02T11:41:50.205564" elapsed="0.212535"/>
</kw>
<kw name="Wait Until Element Is Visible" owner="SeleniumLibrary">
<arg>${datepicker1}</arg>
<arg>${time}</arg>
<doc>Waits until the element ``locator`` is visible.</doc>
<status status="PASS" start="2025-12-02T11:41:50.418417" elapsed="0.031267"/>
</kw>
<kw name="Execute Javascript" owner="SeleniumLibrary">
<msg time="2025-12-02T11:41:50.450875" level="INFO">Executing JavaScript:
document.getElementById("datepicker").value = "09/02/2025"
Without any arguments.</msg>
<arg>document.getElementById("datepicker").value = "${date1}"</arg>
<doc>Executes the given JavaScript code with possible arguments.</doc>
<status status="PASS" start="2025-12-02T11:41:50.450010" elapsed="0.053977"/>
</kw>
<kw name="Execute Javascript" owner="SeleniumLibrary">
<msg time="2025-12-02T11:41:50.505350" level="INFO">Executing JavaScript:
document.getElementById("txtDate").value = "02/09/2025"
Without any arguments.</msg>
<arg>document.getElementById("txtDate").value = "${date2}"</arg>
<doc>Executes the given JavaScript code with possible arguments.</doc>
<status status="PASS" start="2025-12-02T11:41:50.504390" elapsed="0.010498"/>
</kw>
<kw name="Wait Until Element Is Visible" owner="SeleniumLibrary">
<arg>${startdate}</arg>
<arg>${time}</arg>
<doc>Waits until the element ``locator`` is visible.</doc>
<status status="PASS" start="2025-12-02T11:41:50.515355" elapsed="0.065780"/>
</kw>
<kw name="Run Keyword And Continue On Failure" owner="BuiltIn">
<kw name="Input Text" owner="SeleniumLibrary">
<msg time="2025-12-02T11:41:50.582435" level="INFO">Typing text '02-09-2025' into text field 'id:start-date'.</msg>
<arg>${startdate}</arg>
<arg>${fromdate}</arg>
<doc>Types the given ``text`` into the text field identified by ``locator``.</doc>
<status status="PASS" start="2025-12-02T11:41:50.581883" elapsed="0.108504"/>
</kw>
<arg>Input Text</arg>
<arg>${startdate}</arg>
<arg>${fromdate}</arg>
<doc>Runs the keyword and continues execution even if a failure occurs.</doc>
<status status="PASS" start="2025-12-02T11:41:50.581434" elapsed="0.109215"/>
</kw>
<kw name="Wait Until Element Is Visible" owner="SeleniumLibrary">
<arg>${enddate}</arg>
<arg>${time}</arg>
<doc>Waits until the element ``locator`` is visible.</doc>
<status status="PASS" start="2025-12-02T11:41:50.690945" elapsed="0.033400"/>
</kw>
<kw name="Run Keyword And Continue On Failure" owner="BuiltIn">
<kw name="Input Text" owner="SeleniumLibrary">
<msg time="2025-12-02T11:41:50.725598" level="INFO">Typing text '02-09-2025' into text field 'id:end-date'.</msg>
<arg>${enddate}</arg>
<arg>${todate}</arg>
<doc>Types the given ``text`` into the text field identified by ``locator``.</doc>
<status status="PASS" start="2025-12-02T11:41:50.725119" elapsed="0.134994"/>
</kw>
<arg>Input Text</arg>
<arg>${enddate}</arg>
<arg>${todate}</arg>
<doc>Runs the keyword and continues execution even if a failure occurs.</doc>
<status status="PASS" start="2025-12-02T11:41:50.724719" elapsed="0.135683"/>
</kw>
<kw name="Wait Until Element Is Visible" owner="SeleniumLibrary">
<arg>${submit_btn}</arg>
<arg>${time}</arg>
<doc>Waits until the element ``locator`` is visible.</doc>
<status status="PASS" start="2025-12-02T11:41:50.860721" elapsed="0.023395"/>
</kw>
<kw name="Run Keyword And Continue On Failure" owner="BuiltIn">
<kw name="Click Button" owner="SeleniumLibrary">
<msg time="2025-12-02T11:41:50.885623" level="INFO">Clicking button 'xpath://button[@class='submit-btn']'.</msg>
<arg>${submit_btn}</arg>
<doc>Clicks the button identified by ``locator``.</doc>
<status status="PASS" start="2025-12-02T11:41:50.885007" elapsed="0.103343"/>
</kw>
<arg>Click Button</arg>
<arg>${submit_btn}</arg>
<doc>Runs the keyword and continues execution even if a failure occurs.</doc>
<status status="PASS" start="2025-12-02T11:41:50.884572" elapsed="0.103982"/>
</kw>
<arg>${name_val}</arg>
<arg>${title_val}</arg>
<arg>${email_val}</arg>
<arg>${cell}</arg>
<arg>${address_val}</arg>
<arg>${country_val}</arg>
<arg>${colors_val}</arg>
<arg>${list_val}</arg>
<arg>${date1}</arg>
<arg>${date2}</arg>
<arg>${fromdate}</arg>
<arg>${todate}</arg>
<status status="PASS" start="2025-12-02T11:41:47.570983" elapsed="3.417770"/>
</kw>
<kw name="Uploading the documents and getting table values" owner="keywords">
<kw name="Wait Until Element Is Visible" owner="SeleniumLibrary">
<arg>${file1_data}</arg>
<arg>${time}</arg>
<doc>Waits until the element ``locator`` is visible.</doc>
<status status="PASS" start="2025-12-02T11:41:50.990535" elapsed="0.029021"/>
</kw>
<kw name="Choose File" owner="SeleniumLibrary">
<msg time="2025-12-02T11:41:51.020351" level="INFO">Sending C:\Users\ASUS\PycharmProjects\RobotFramework\Resources\Data\107_S2058_110_0406.pdf to browser.</msg>
<arg>${file1_data}</arg>
<arg>${file1_val}</arg>
<doc>Inputs the ``file_path`` into the file input field ``locator``.</doc>
<status status="PASS" start="2025-12-02T11:41:51.019789" elapsed="0.040329"/>
</kw>
<kw name="Wait Until Element Is Visible" owner="SeleniumLibrary">
<arg>${upload_fiele}</arg>
<arg>${time}</arg>
<doc>Waits until the element ``locator`` is visible.</doc>
<status status="PASS" start="2025-12-02T11:41:51.060465" elapsed="0.030518"/>
</kw>
<kw name="Click Element" owner="SeleniumLibrary">
<msg time="2025-12-02T11:41:51.091972" level="INFO">Clicking element 'xpath://button[text()='Upload Single File']'.</msg>
<arg>${upload_fiele}</arg>
<doc>Click the element identified by ``locator``.</doc>
<status status="PASS" start="2025-12-02T11:41:51.091373" elapsed="0.079485"/>
</kw>
<kw name="Wait Until Element Is Visible" owner="SeleniumLibrary">
<arg>${success_msg1}</arg>
<arg>${time}</arg>
<doc>Waits until the element ``locator`` is visible.</doc>
<status status="PASS" start="2025-12-02T11:41:51.171218" elapsed="0.027269"/>
</kw>
<kw name="Get Text" owner="SeleniumLibrary">
<msg time="2025-12-02T11:41:51.223899" level="INFO">${msg_1} = Single file selected: 107_S2058_110_0406.pdf, Size: 119649 bytes, Type: application/pdf</msg>
<var>${msg_1}</var>
<arg>${success_msg1}</arg>
<doc>Returns the text value of the element identified by ``locator``.</doc>
<status status="PASS" start="2025-12-02T11:41:51.198729" elapsed="0.025241"/>
</kw>
<kw name="Log To Console" owner="BuiltIn">
<arg>${msg_1}</arg>
<doc>Logs the given message to the console.</doc>
<status status="PASS" start="2025-12-02T11:41:51.224214" elapsed="0.001881"/>
</kw>
<kw name="Run Keyword And Return Status" owner="BuiltIn">
<kw name="Should Be Equal" owner="BuiltIn">
<arg>${msg_1}</arg>
<arg>${file1_msg}</arg>
<doc>Fails if the given objects are unequal.</doc>
<status status="PASS" start="2025-12-02T11:41:51.226954" elapsed="0.000702"/>
</kw>
<msg time="2025-12-02T11:41:51.229679" level="INFO">${file_sts} = True</msg>
<var>${file_sts}</var>
<arg>Should Be equal</arg>
<arg>${msg_1}</arg>
<arg>${file1_msg}</arg>
<doc>Runs the given keyword with given arguments and returns the status as a Boolean value.</doc>
<status status="PASS" start="2025-12-02T11:41:51.226489" elapsed="0.003429"/>
</kw>
<kw name="Log To Console" owner="BuiltIn">
<arg>${file1_msg}</arg>
<doc>Logs the given message to the console.</doc>
<status status="PASS" start="2025-12-02T11:41:51.230839" elapsed="0.004463"/>
</kw>
<kw name="Log To Console" owner="BuiltIn">
<arg>${file_sts}</arg>
<doc>Logs the given message to the console.</doc>
<status status="PASS" start="2025-12-02T11:41:51.235902" elapsed="0.000441"/>
</kw>
<if>
<branch type="IF" condition="${file_sts}">
<kw name="Log To Console" owner="BuiltIn">
<arg>sucesss</arg>
<doc>Logs the given message to the console.</doc>
<status status="PASS" start="2025-12-02T11:41:51.236756" elapsed="0.000226"/>
</kw>
<status status="PASS" start="2025-12-02T11:41:51.236496" elapsed="0.000562"/>
</branch>
<branch type="ELSE">
<kw name="Run Keyword And Continue On Failure" owner="BuiltIn">
<arg>Log to console</arg>
<arg>Fail but run</arg>
<doc>Runs the keyword and continues execution even if a failure occurs.</doc>
<status status="NOT RUN" start="2025-12-02T11:41:51.237358" elapsed="0.000073"/>
</kw>
<kw name="Fail" owner="BuiltIn">
<arg>Notmatching</arg>
<doc>Fails the test with the given message and optionally alters its tags.</doc>
<status status="NOT RUN" start="2025-12-02T11:41:51.237572" elapsed="0.000066"/>
</kw>
<status status="NOT RUN" start="2025-12-02T11:41:51.237145" elapsed="0.000555"/>
</branch>
<status status="PASS" start="2025-12-02T11:41:51.236463" elapsed="0.001291"/>
</if>
<kw name="Wait Until Element Is Visible" owner="SeleniumLibrary">
<arg>${file2_data}</arg>
<arg>${time}</arg>
<doc>Waits until the element ``locator`` is visible.</doc>
<status status="PASS" start="2025-12-02T11:41:51.237876" elapsed="0.028069"/>
</kw>
<kw name="Choose File" owner="SeleniumLibrary">
<msg time="2025-12-02T11:41:51.266898" level="INFO">Sending C:\Users\ASUS\PycharmProjects\RobotFramework\Resources\Data\107_S2058_110_0406.pdf to browser.</msg>
<arg>${file2_data}</arg>
<arg>${file2_val}</arg>
<doc>Inputs the ``file_path`` into the file input field ``locator``.</doc>
<status status="PASS" start="2025-12-02T11:41:51.266315" elapsed="0.035095"/>
</kw>
<kw name="Wait Until Element Is Visible" owner="SeleniumLibrary">
<arg>${upload_file2}</arg>
<arg>${time}</arg>
<doc>Waits until the element ``locator`` is visible.</doc>
<status status="PASS" start="2025-12-02T11:41:51.301631" elapsed="0.022343"/>
</kw>
<kw name="Click Element" owner="SeleniumLibrary">
<msg time="2025-12-02T11:41:51.324679" level="INFO">Clicking element 'xpath://button[text()='Upload Multiple Files']'.</msg>
<arg>${upload_file2}</arg>
<doc>Click the element identified by ``locator``.</doc>
<status status="PASS" start="2025-12-02T11:41:51.324300" elapsed="0.082272"/>
</kw>
<kw name="Wait Until Element Is Visible" owner="SeleniumLibrary">
<arg>${success_msg2}</arg>
<arg>${time}</arg>
<doc>Waits until the element ``locator`` is visible.</doc>
<status status="PASS" start="2025-12-02T11:41:51.406925" elapsed="0.032287"/>
</kw>
<kw name="Get Text" owner="SeleniumLibrary">
<msg time="2025-12-02T11:41:51.456954" level="INFO">${msg_2} = Multiple files selected:
107_S2058_110_0406.pdf, Size: 119649 bytes, Type: application/pdf</msg>
<var>${msg_2}</var>
<arg>${success_msg2}</arg>
<doc>Returns the text value of the element identified by ``locator``.</doc>
<status status="PASS" start="2025-12-02T11:41:51.439438" elapsed="0.017580"/>
</kw>
<kw name="Log To Console" owner="BuiltIn">
<arg>${msg_2}</arg>
<doc>Logs the given message to the console.</doc>
<status status="PASS" start="2025-12-02T11:41:51.457232" elapsed="0.000294"/>
</kw>
<kw name="Log To Console" owner="BuiltIn">
<arg>${file2_msg}</arg>
<doc>Logs the given message to the console.</doc>
<status status="PASS" start="2025-12-02T11:41:51.457697" elapsed="0.000250"/>
</kw>
<kw name="Run Keyword And Return Status" owner="BuiltIn">
<kw name="Should Be Equal" owner="BuiltIn">
<arg>${msg_2}</arg>
<arg>${file2_msg}</arg>
<doc>Fails if the given objects are unequal.</doc>
<status status="PASS" start="2025-12-02T11:41:51.458426" elapsed="0.000254"/>
</kw>
<msg time="2025-12-02T11:41:51.458811" level="INFO">${file_sts1} = True</msg>
<var>${file_sts1}</var>
<arg>Should Be equal</arg>
<arg>${msg_2}</arg>
<arg>${file2_msg}</arg>
<doc>Runs the given keyword with given arguments and returns the status as a Boolean value.</doc>
<status status="PASS" start="2025-12-02T11:41:51.458209" elapsed="0.000640"/>
</kw>
<if>
<branch type="IF" condition="${file_sts1}">
<kw name="Log To Console" owner="BuiltIn">
<arg>sucesss</arg>
<doc>Logs the given message to the console.</doc>
<status status="PASS" start="2025-12-02T11:41:51.459182" elapsed="0.000194"/>
</kw>
<status status="PASS" start="2025-12-02T11:41:51.458968" elapsed="0.000477"/>
</branch>
<branch type="ELSE">
<kw name="Run Keyword And Continue On Failure" owner="BuiltIn">
<arg>Log to console</arg>
<arg>Fail but run</arg>
<doc>Runs the keyword and continues execution even if a failure occurs.</doc>
<status status="NOT RUN" start="2025-12-02T11:41:51.459675" elapsed="0.000068"/>
</kw>
<kw name="Fail" owner="BuiltIn">
<arg>Notmatching</arg>
<doc>Fails the test with the given message and optionally alters its tags.</doc>
<status status="NOT RUN" start="2025-12-02T11:41:51.459873" elapsed="0.000063"/>
</kw>
<status status="NOT RUN" start="2025-12-02T11:41:51.459507" elapsed="0.000488"/>
</branch>
<status status="PASS" start="2025-12-02T11:41:51.458941" elapsed="0.001108"/>
</if>
<arg>${file1_val}</arg>
<arg>${file2_val}</arg>
<arg>${file1_msg}</arg>
<arg>${file2_msg}</arg>
<status status="PASS" start="2025-12-02T11:41:50.989584" elapsed="0.470531"/>
</kw>
<var name="${i}">0</var>
<status status="PASS" start="2025-12-02T11:41:47.331566" elapsed="4.128619"/>
</iter>
<var>${i}</var>
<value>0</value>
<value>${total_row}</value>
<status status="PASS" start="2025-12-02T11:41:47.330860" elapsed="4.129401"/>
</for>
<status status="PASS" start="2025-12-02T11:41:39.777221" elapsed="11.683220"/>
</test>
<test id="s1-s1-t2" name="TC003_Reading the table values" line="35">
<kw name="Reading the table values" owner="keywords">
<kw name="Create File" owner="OperatingSystem">
<msg time="2025-12-02T11:41:51.465066" level="INFO" html="true">Created file '&lt;a href="file://C:\Users\ASUS\PycharmProjects\RobotFramework\Resources\Data\logs.txt"&gt;C:\Users\ASUS\PycharmProjects\RobotFramework\Resources\Data\logs.txt&lt;/a&gt;'.</msg>
<arg>${path}</arg>
<doc>Creates a file with the given content and encoding.</doc>
<status status="PASS" start="2025-12-02T11:41:51.464399" elapsed="0.000768"/>
</kw>
<kw name="Get WebElements" owner="SeleniumLibrary">
<msg time="2025-12-02T11:41:51.480545" level="INFO">${tb_val} = [&lt;selenium.webdriver.remote.webelement.WebElement (session="90cc16c272b9e2b4e85d75c7669083a9", element="f.4E58402E1C94569538B19D307FDE184B.d.60829B47622F99C0A2850B2C206ED8B9.e.129")&gt;, &lt;selenium.webdri...</msg>
<var>${tb_val}</var>
<arg>${table}</arg>
<doc>Returns a list of WebElement objects matching the ``locator``.</doc>
<status status="PASS" start="2025-12-02T11:41:51.465356" elapsed="0.015262"/>
</kw>
<for flavor="IN">
<iter>
<kw name="Get Text" owner="SeleniumLibrary">
<msg time="2025-12-02T11:41:51.491743" level="INFO">${txt} = Learn Selenium</msg>
<var>${txt}</var>
<arg>${i}</arg>
<doc>Returns the text value of the element identified by ``locator``.</doc>
<status status="PASS" start="2025-12-02T11:41:51.481207" elapsed="0.010607"/>
</kw>
<kw name="Append To File" owner="OperatingSystem">
<msg time="2025-12-02T11:41:51.492732" level="INFO" html="true">Appended to file '&lt;a href="file://C:\Users\ASUS\PycharmProjects\RobotFramework\Resources\Data\logs.txt"&gt;C:\Users\ASUS\PycharmProjects\RobotFramework\Resources\Data\logs.txt&lt;/a&gt;'.</msg>
<arg>${path}</arg>
<arg>${txt}\n</arg>
<doc>Appends the given content to the specified file.</doc>
<status status="PASS" start="2025-12-02T11:41:51.492013" elapsed="0.000859"/>
</kw>
<var name="${i}">&lt;selenium.webdriver.remote.webelement.WebElement (session="90cc16c272b9e2b4e85d75c7669083a9", element="f.4E58402E1C94569538B19D307FDE184B.d.60829B47622F99C0A2850B2C206ED8B9.e.129")&gt;</var>
<status status="PASS" start="2025-12-02T11:41:51.481013" elapsed="0.012008"/>
</iter>
<iter>
<kw name="Get Text" owner="SeleniumLibrary">
<msg time="2025-12-02T11:41:51.504013" level="INFO">${txt} = Amit</msg>
<var>${txt}</var>
<arg>${i}</arg>
<doc>Returns the text value of the element identified by ``locator``.</doc>
<status status="PASS" start="2025-12-02T11:41:51.493560" elapsed="0.010527"/>
</kw>
<kw name="Append To File" owner="OperatingSystem">
<msg time="2025-12-02T11:41:51.505013" level="INFO" html="true">Appended to file '&lt;a href="file://C:\Users\ASUS\PycharmProjects\RobotFramework\Resources\Data\logs.txt"&gt;C:\Users\ASUS\PycharmProjects\RobotFramework\Resources\Data\logs.txt&lt;/a&gt;'.</msg>
<arg>${path}</arg>
<arg>${txt}\n</arg>
<doc>Appends the given content to the specified file.</doc>
<status status="PASS" start="2025-12-02T11:41:51.504286" elapsed="0.000876"/>
</kw>
<var name="${i}">&lt;selenium.webdriver.remote.webelement.WebElement (session="90cc16c272b9e2b4e85d75c7669083a9", element="f.4E58402E1C94569538B19D307FDE184B.d.60829B47622F99C0A2850B2C206ED8B9.e.130")&gt;</var>
<status status="PASS" start="2025-12-02T11:41:51.493299" elapsed="0.012006"/>
</iter>
<iter>
<kw name="Get Text" owner="SeleniumLibrary">
<msg time="2025-12-02T11:41:51.516137" level="INFO">${txt} = Selenium</msg>
<var>${txt}</var>
<arg>${i}</arg>
<doc>Returns the text value of the element identified by ``locator``.</doc>
<status status="PASS" start="2025-12-02T11:41:51.505696" elapsed="0.010496"/>
</kw>
<kw name="Append To File" owner="OperatingSystem">
<msg time="2025-12-02T11:41:51.517098" level="INFO" html="true">Appended to file '&lt;a href="file://C:\Users\ASUS\PycharmProjects\RobotFramework\Resources\Data\logs.txt"&gt;C:\Users\ASUS\PycharmProjects\RobotFramework\Resources\Data\logs.txt&lt;/a&gt;'.</msg>
<arg>${path}</arg>
<arg>${txt}\n</arg>
<doc>Appends the given content to the specified file.</doc>
<status status="PASS" start="2025-12-02T11:41:51.516384" elapsed="0.000857"/>
</kw>
<var name="${i}">&lt;selenium.webdriver.remote.webelement.WebElement (session="90cc16c272b9e2b4e85d75c7669083a9", element="f.4E58402E1C94569538B19D307FDE184B.d.60829B47622F99C0A2850B2C206ED8B9.e.131")&gt;</var>
<status status="PASS" start="2025-12-02T11:41:51.505504" elapsed="0.011882"/>
</iter>
<iter>
<kw name="Get Text" owner="SeleniumLibrary">
<msg time="2025-12-02T11:41:51.527361" level="INFO">${txt} = 300</msg>
<var>${txt}</var>
<arg>${i}</arg>
<doc>Returns the text value of the element identified by ``locator``.</doc>
<status status="PASS" start="2025-12-02T11:41:51.517935" elapsed="0.009485"/>
</kw>
<kw name="Append To File" owner="OperatingSystem">
<msg time="2025-12-02T11:41:51.529634" level="INFO" html="true">Appended to file '&lt;a href="file://C:\Users\ASUS\PycharmProjects\RobotFramework\Resources\Data\logs.txt"&gt;C:\Users\ASUS\PycharmProjects\RobotFramework\Resources\Data\logs.txt&lt;/a&gt;'.</msg>
<arg>${path}</arg>
<arg>${txt}\n</arg>
<doc>Appends the given content to the specified file.</doc>
<status status="PASS" start="2025-12-02T11:41:51.527621" elapsed="0.002196"/>
</kw>
<var name="${i}">&lt;selenium.webdriver.remote.webelement.WebElement (session="90cc16c272b9e2b4e85d75c7669083a9", element="f.4E58402E1C94569538B19D307FDE184B.d.60829B47622F99C0A2850B2C206ED8B9.e.132")&gt;</var>
<status status="PASS" start="2025-12-02T11:41:51.517665" elapsed="0.012249"/>
</iter>
<iter>
<kw name="Get Text" owner="SeleniumLibrary">
<msg time="2025-12-02T11:41:51.539852" level="INFO">${txt} = Learn Java</msg>
<var>${txt}</var>
<arg>${i}</arg>
<doc>Returns the text value of the element identified by ``locator``.</doc>
<status status="PASS" start="2025-12-02T11:41:51.530553" elapsed="0.009393"/>
</kw>
<kw name="Append To File" owner="OperatingSystem">
<msg time="2025-12-02T11:41:51.541286" level="INFO" html="true">Appended to file '&lt;a href="file://C:\Users\ASUS\PycharmProjects\RobotFramework\Resources\Data\logs.txt"&gt;C:\Users\ASUS\PycharmProjects\RobotFramework\Resources\Data\logs.txt&lt;/a&gt;'.</msg>
<arg>${path}</arg>
<arg>${txt}\n</arg>
<doc>Appends the given content to the specified file.</doc>
<status status="PASS" start="2025-12-02T11:41:51.540351" elapsed="0.001086"/>
</kw>
<var name="${i}">&lt;selenium.webdriver.remote.webelement.WebElement (session="90cc16c272b9e2b4e85d75c7669083a9", element="f.4E58402E1C94569538B19D307FDE184B.d.60829B47622F99C0A2850B2C206ED8B9.e.133")&gt;</var>
<status status="PASS" start="2025-12-02T11:41:51.530221" elapsed="0.011370"/>
</iter>
<iter>
<kw name="Get Text" owner="SeleniumLibrary">
<msg time="2025-12-02T11:41:51.553333" level="INFO">${txt} = Mukesh</msg>
<var>${txt}</var>
<arg>${i}</arg>
<doc>Returns the text value of the element identified by ``locator``.</doc>
<status status="PASS" start="2025-12-02T11:41:51.542184" elapsed="0.011207"/>
</kw>
<kw name="Append To File" owner="OperatingSystem">
<msg time="2025-12-02T11:41:51.554296" level="INFO" html="true">Appended to file '&lt;a href="file://C:\Users\ASUS\PycharmProjects\RobotFramework\Resources\Data\logs.txt"&gt;C:\Users\ASUS\PycharmProjects\RobotFramework\Resources\Data\logs.txt&lt;/a&gt;'.</msg>
<arg>${path}</arg>
<arg>${txt}\n</arg>
<doc>Appends the given content to the specified file.</doc>
<status status="PASS" start="2025-12-02T11:41:51.553592" elapsed="0.000867"/>
</kw>
<var name="${i}">&lt;selenium.webdriver.remote.webelement.WebElement (session="90cc16c272b9e2b4e85d75c7669083a9", element="f.4E58402E1C94569538B19D307FDE184B.d.60829B47622F99C0A2850B2C206ED8B9.e.134")&gt;</var>
<status status="PASS" start="2025-12-02T11:41:51.541886" elapsed="0.012735"/>
</iter>
<iter>
<kw name="Get Text" owner="SeleniumLibrary">
<msg time="2025-12-02T11:41:51.565618" level="INFO">${txt} = Java</msg>
<var>${txt}</var>
<arg>${i}</arg>
<doc>Returns the text value of the element identified by ``locator``.</doc>
<status status="PASS" start="2025-12-02T11:41:51.555278" elapsed="0.010400"/>
</kw>
<kw name="Append To File" owner="OperatingSystem">
<msg time="2025-12-02T11:41:51.566573" level="INFO" html="true">Appended to file '&lt;a href="file://C:\Users\ASUS\PycharmProjects\RobotFramework\Resources\Data\logs.txt"&gt;C:\Users\ASUS\PycharmProjects\RobotFramework\Resources\Data\logs.txt&lt;/a&gt;'.</msg>
<arg>${path}</arg>
<arg>${txt}\n</arg>
<doc>Appends the given content to the specified file.</doc>
<status status="PASS" start="2025-12-02T11:41:51.565864" elapsed="0.000835"/>
</kw>
<var name="${i}">&lt;selenium.webdriver.remote.webelement.WebElement (session="90cc16c272b9e2b4e85d75c7669083a9", element="f.4E58402E1C94569538B19D307FDE184B.d.60829B47622F99C0A2850B2C206ED8B9.e.135")&gt;</var>
<status status="PASS" start="2025-12-02T11:41:51.554956" elapsed="0.011843"/>
</iter>
<iter>
<kw name="Get Text" owner="SeleniumLibrary">
<msg time="2025-12-02T11:41:51.576153" level="INFO">${txt} = 500</msg>
<var>${txt}</var>
<arg>${i}</arg>
<doc>Returns the text value of the element identified by ``locator``.</doc>
<status status="PASS" start="2025-12-02T11:41:51.567185" elapsed="0.009030"/>
</kw>
<kw name="Append To File" owner="OperatingSystem">
<msg time="2025-12-02T11:41:51.577128" level="INFO" html="true">Appended to file '&lt;a href="file://C:\Users\ASUS\PycharmProjects\RobotFramework\Resources\Data\logs.txt"&gt;C:\Users\ASUS\PycharmProjects\RobotFramework\Resources\Data\logs.txt&lt;/a&gt;'.</msg>
<arg>${path}</arg>
<arg>${txt}\n</arg>
<doc>Appends the given content to the specified file.</doc>
<status status="PASS" start="2025-12-02T11:41:51.576431" elapsed="0.000825"/>
</kw>
<var name="${i}">&lt;selenium.webdriver.remote.webelement.WebElement (session="90cc16c272b9e2b4e85d75c7669083a9", element="f.4E58402E1C94569538B19D307FDE184B.d.60829B47622F99C0A2850B2C206ED8B9.e.136")&gt;</var>
<status status="PASS" start="2025-12-02T11:41:51.567000" elapsed="0.010357"/>
</iter>
<iter>
<kw name="Get Text" owner="SeleniumLibrary">
<msg time="2025-12-02T11:41:51.588156" level="INFO">${txt} = Learn JS</msg>
<var>${txt}</var>
<arg>${i}</arg>
<doc>Returns the text value of the element identified by ``locator``.</doc>
<status status="PASS" start="2025-12-02T11:41:51.577739" elapsed="0.010480"/>
</kw>
<kw name="Append To File" owner="OperatingSystem">
<msg time="2025-12-02T11:41:51.589136" level="INFO" html="true">Appended to file '&lt;a href="file://C:\Users\ASUS\PycharmProjects\RobotFramework\Resources\Data\logs.txt"&gt;C:\Users\ASUS\PycharmProjects\RobotFramework\Resources\Data\logs.txt&lt;/a&gt;'.</msg>
<arg>${path}</arg>
<arg>${txt}\n</arg>
<doc>Appends the given content to the specified file.</doc>
<status status="PASS" start="2025-12-02T11:41:51.588433" elapsed="0.000833"/>
</kw>
<var name="${i}">&lt;selenium.webdriver.remote.webelement.WebElement (session="90cc16c272b9e2b4e85d75c7669083a9", element="f.4E58402E1C94569538B19D307FDE184B.d.60829B47622F99C0A2850B2C206ED8B9.e.137")&gt;</var>
<status status="PASS" start="2025-12-02T11:41:51.577549" elapsed="0.011818"/>
</iter>
<iter>
<kw name="Get Text" owner="SeleniumLibrary">
<msg time="2025-12-02T11:41:51.600383" level="INFO">${txt} = Animesh</msg>
<var>${txt}</var>
<arg>${i}</arg>
<doc>Returns the text value of the element identified by ``locator``.</doc>
<status status="PASS" start="2025-12-02T11:41:51.589748" elapsed="0.010728"/>
</kw>
<kw name="Append To File" owner="OperatingSystem">
<msg time="2025-12-02T11:41:51.601702" level="INFO" html="true">Appended to file '&lt;a href="file://C:\Users\ASUS\PycharmProjects\RobotFramework\Resources\Data\logs.txt"&gt;C:\Users\ASUS\PycharmProjects\RobotFramework\Resources\Data\logs.txt&lt;/a&gt;'.</msg>
<arg>${path}</arg>
<arg>${txt}\n</arg>
<doc>Appends the given content to the specified file.</doc>
<status status="PASS" start="2025-12-02T11:41:51.600800" elapsed="0.001042"/>
</kw>
<var name="${i}">&lt;selenium.webdriver.remote.webelement.WebElement (session="90cc16c272b9e2b4e85d75c7669083a9", element="f.4E58402E1C94569538B19D307FDE184B.d.60829B47622F99C0A2850B2C206ED8B9.e.138")&gt;</var>
<status status="PASS" start="2025-12-02T11:41:51.589559" elapsed="0.012429"/>
</iter>
<iter>
<kw name="Get Text" owner="SeleniumLibrary">
<msg time="2025-12-02T11:41:51.612979" level="INFO">${txt} = Javascript</msg>
<var>${txt}</var>
<arg>${i}</arg>
<doc>Returns the text value of the element identified by ``locator``.</doc>
<status status="PASS" start="2025-12-02T11:41:51.602575" elapsed="0.010512"/>
</kw>
<kw name="Append To File" owner="OperatingSystem">
<msg time="2025-12-02T11:41:51.614660" level="INFO" html="true">Appended to file '&lt;a href="file://C:\Users\ASUS\PycharmProjects\RobotFramework\Resources\Data\logs.txt"&gt;C:\Users\ASUS\PycharmProjects\RobotFramework\Resources\Data\logs.txt&lt;/a&gt;'.</msg>
<arg>${path}</arg>
<arg>${txt}\n</arg>
<doc>Appends the given content to the specified file.</doc>
<status status="PASS" start="2025-12-02T11:41:51.613503" elapsed="0.001293"/>
</kw>
<var name="${i}">&lt;selenium.webdriver.remote.webelement.WebElement (session="90cc16c272b9e2b4e85d75c7669083a9", element="f.4E58402E1C94569538B19D307FDE184B.d.60829B47622F99C0A2850B2C206ED8B9.e.139")&gt;</var>
<status status="PASS" start="2025-12-02T11:41:51.602265" elapsed="0.012643"/>
</iter>
<iter>
<kw name="Get Text" owner="SeleniumLibrary">
<msg time="2025-12-02T11:41:51.624343" level="INFO">${txt} = 300</msg>
<var>${txt}</var>
<arg>${i}</arg>
<doc>Returns the text value of the element identified by ``locator``.</doc>
<status status="PASS" start="2025-12-02T11:41:51.615318" elapsed="0.009083"/>
</kw>
<kw name="Append To File" owner="OperatingSystem">
<msg time="2025-12-02T11:41:51.625589" level="INFO" html="true">Appended to file '&lt;a href="file://C:\Users\ASUS\PycharmProjects\RobotFramework\Resources\Data\logs.txt"&gt;C:\Users\ASUS\PycharmProjects\RobotFramework\Resources\Data\logs.txt&lt;/a&gt;'.</msg>
<arg>${path}</arg>
<arg>${txt}\n</arg>
<doc>Appends the given content to the specified file.</doc>
<status status="PASS" start="2025-12-02T11:41:51.624670" elapsed="0.001183"/>
</kw>
<var name="${i}">&lt;selenium.webdriver.remote.webelement.WebElement (session="90cc16c272b9e2b4e85d75c7669083a9", element="f.4E58402E1C94569538B19D307FDE184B.d.60829B47622F99C0A2850B2C206ED8B9.e.140")&gt;</var>
<status status="PASS" start="2025-12-02T11:41:51.615121" elapsed="0.010832"/>
</iter>
<iter>
<kw name="Get Text" owner="SeleniumLibrary">
<msg time="2025-12-02T11:41:51.638875" level="INFO">${txt} = Master In Selenium</msg>
<var>${txt}</var>
<arg>${i}</arg>
<doc>Returns the text value of the element identified by ``locator``.</doc>
<status status="PASS" start="2025-12-02T11:41:51.626338" elapsed="0.012633"/>
</kw>
<kw name="Append To File" owner="OperatingSystem">
<msg time="2025-12-02T11:41:51.640338" level="INFO" html="true">Appended to file '&lt;a href="file://C:\Users\ASUS\PycharmProjects\RobotFramework\Resources\Data\logs.txt"&gt;C:\Users\ASUS\PycharmProjects\RobotFramework\Resources\Data\logs.txt&lt;/a&gt;'.</msg>
<arg>${path}</arg>
<arg>${txt}\n</arg>
<doc>Appends the given content to the specified file.</doc>
<status status="PASS" start="2025-12-02T11:41:51.639313" elapsed="0.001198"/>
</kw>
<var name="${i}">&lt;selenium.webdriver.remote.webelement.WebElement (session="90cc16c272b9e2b4e85d75c7669083a9", element="f.4E58402E1C94569538B19D307FDE184B.d.60829B47622F99C0A2850B2C206ED8B9.e.141")&gt;</var>
<status status="PASS" start="2025-12-02T11:41:51.626143" elapsed="0.014537"/>
</iter>
<iter>
<kw name="Get Text" owner="SeleniumLibrary">
<msg time="2025-12-02T11:41:51.655075" level="INFO">${txt} = Mukesh</msg>
<var>${txt}</var>
<arg>${i}</arg>
<doc>Returns the text value of the element identified by ``locator``.</doc>
<status status="PASS" start="2025-12-02T11:41:51.641331" elapsed="0.013816"/>
</kw>
<kw name="Append To File" owner="OperatingSystem">
<msg time="2025-12-02T11:41:51.656145" level="INFO" html="true">Appended to file '&lt;a href="file://C:\Users\ASUS\PycharmProjects\RobotFramework\Resources\Data\logs.txt"&gt;C:\Users\ASUS\PycharmProjects\RobotFramework\Resources\Data\logs.txt&lt;/a&gt;'.</msg>
<arg>${path}</arg>
<arg>${txt}\n</arg>
<doc>Appends the given content to the specified file.</doc>
<status status="PASS" start="2025-12-02T11:41:51.655349" elapsed="0.000940"/>
</kw>
<var name="${i}">&lt;selenium.webdriver.remote.webelement.WebElement (session="90cc16c272b9e2b4e85d75c7669083a9", element="f.4E58402E1C94569538B19D307FDE184B.d.60829B47622F99C0A2850B2C206ED8B9.e.142")&gt;</var>
<status status="PASS" start="2025-12-02T11:41:51.641004" elapsed="0.015380"/>
</iter>
<iter>
<kw name="Get Text" owner="SeleniumLibrary">
<msg time="2025-12-02T11:41:51.668989" level="INFO">${txt} = Selenium</msg>
<var>${txt}</var>
<arg>${i}</arg>
<doc>Returns the text value of the element identified by ``locator``.</doc>
<status status="PASS" start="2025-12-02T11:41:51.656784" elapsed="0.012309"/>
</kw>
<kw name="Append To File" owner="OperatingSystem">
<msg time="2025-12-02T11:41:51.670498" level="INFO" html="true">Appended to file '&lt;a href="file://C:\Users\ASUS\PycharmProjects\RobotFramework\Resources\Data\logs.txt"&gt;C:\Users\ASUS\PycharmProjects\RobotFramework\Resources\Data\logs.txt&lt;/a&gt;'.</msg>
<arg>${path}</arg>
<arg>${txt}\n</arg>
<doc>Appends the given content to the specified file.</doc>
<status status="PASS" start="2025-12-02T11:41:51.669452" elapsed="0.001195"/>
</kw>
<var name="${i}">&lt;selenium.webdriver.remote.webelement.WebElement (session="90cc16c272b9e2b4e85d75c7669083a9", element="f.4E58402E1C94569538B19D307FDE184B.d.60829B47622F99C0A2850B2C206ED8B9.e.143")&gt;</var>
<status status="PASS" start="2025-12-02T11:41:51.656581" elapsed="0.014180"/>
</iter>
<iter>
<kw name="Get Text" owner="SeleniumLibrary">
<msg time="2025-12-02T11:41:51.681095" level="INFO">${txt} = 3000</msg>
<var>${txt}</var>
<arg>${i}</arg>
<doc>Returns the text value of the element identified by ``locator``.</doc>
<status status="PASS" start="2025-12-02T11:41:51.671173" elapsed="0.009981"/>
</kw>
<kw name="Append To File" owner="OperatingSystem">
<msg time="2025-12-02T11:41:51.682045" level="INFO" html="true">Appended to file '&lt;a href="file://C:\Users\ASUS\PycharmProjects\RobotFramework\Resources\Data\logs.txt"&gt;C:\Users\ASUS\PycharmProjects\RobotFramework\Resources\Data\logs.txt&lt;/a&gt;'.</msg>
<arg>${path}</arg>
<arg>${txt}\n</arg>
<doc>Appends the given content to the specified file.</doc>
<status status="PASS" start="2025-12-02T11:41:51.681367" elapsed="0.000805"/>
</kw>
<var name="${i}">&lt;selenium.webdriver.remote.webelement.WebElement (session="90cc16c272b9e2b4e85d75c7669083a9", element="f.4E58402E1C94569538B19D307FDE184B.d.60829B47622F99C0A2850B2C206ED8B9.e.144")&gt;</var>
<status status="PASS" start="2025-12-02T11:41:51.670970" elapsed="0.011302"/>
</iter>
<iter>
<kw name="Get Text" owner="SeleniumLibrary">
<msg time="2025-12-02T11:41:51.691366" level="INFO">${txt} = Master In Java</msg>
<var>${txt}</var>
<arg>${i}</arg>
<doc>Returns the text value of the element identified by ``locator``.</doc>
<status status="PASS" start="2025-12-02T11:41:51.682645" elapsed="0.008781"/>
</kw>
<kw name="Append To File" owner="OperatingSystem">
<msg time="2025-12-02T11:41:51.692319" level="INFO" html="true">Appended to file '&lt;a href="file://C:\Users\ASUS\PycharmProjects\RobotFramework\Resources\Data\logs.txt"&gt;C:\Users\ASUS\PycharmProjects\RobotFramework\Resources\Data\logs.txt&lt;/a&gt;'.</msg>
<arg>${path}</arg>
<arg>${txt}\n</arg>
<doc>Appends the given content to the specified file.</doc>
<status status="PASS" start="2025-12-02T11:41:51.691637" elapsed="0.000808"/>
</kw>
<var name="${i}">&lt;selenium.webdriver.remote.webelement.WebElement (session="90cc16c272b9e2b4e85d75c7669083a9", element="f.4E58402E1C94569538B19D307FDE184B.d.60829B47622F99C0A2850B2C206ED8B9.e.145")&gt;</var>
<status status="PASS" start="2025-12-02T11:41:51.682461" elapsed="0.010081"/>
</iter>
<iter>
<kw name="Get Text" owner="SeleniumLibrary">
<msg time="2025-12-02T11:41:51.701704" level="INFO">${txt} = Amod</msg>
<var>${txt}</var>
<arg>${i}</arg>
<doc>Returns the text value of the element identified by ``locator``.</doc>
<status status="PASS" start="2025-12-02T11:41:51.692908" elapsed="0.008888"/>
</kw>
<kw name="Append To File" owner="OperatingSystem">
<msg time="2025-12-02T11:41:51.703045" level="INFO" html="true">Appended to file '&lt;a href="file://C:\Users\ASUS\PycharmProjects\RobotFramework\Resources\Data\logs.txt"&gt;C:\Users\ASUS\PycharmProjects\RobotFramework\Resources\Data\logs.txt&lt;/a&gt;'.</msg>
<arg>${path}</arg>
<arg>${txt}\n</arg>
<doc>Appends the given content to the specified file.</doc>
<status status="PASS" start="2025-12-02T11:41:51.702112" elapsed="0.001088"/>
</kw>
<var name="${i}">&lt;selenium.webdriver.remote.webelement.WebElement (session="90cc16c272b9e2b4e85d75c7669083a9", element="f.4E58402E1C94569538B19D307FDE184B.d.60829B47622F99C0A2850B2C206ED8B9.e.146")&gt;</var>
<status status="PASS" start="2025-12-02T11:41:51.692725" elapsed="0.010648"/>
</iter>
<iter>
<kw name="Get Text" owner="SeleniumLibrary">
<msg time="2025-12-02T11:41:51.713154" level="INFO">${txt} = JAVA</msg>
<var>${txt}</var>
<arg>${i}</arg>
<doc>Returns the text value of the element identified by ``locator``.</doc>
<status status="PASS" start="2025-12-02T11:41:51.703956" elapsed="0.009292"/>
</kw>
<kw name="Append To File" owner="OperatingSystem">
<msg time="2025-12-02T11:41:51.714568" level="INFO" html="true">Appended to file '&lt;a href="file://C:\Users\ASUS\PycharmProjects\RobotFramework\Resources\Data\logs.txt"&gt;C:\Users\ASUS\PycharmProjects\RobotFramework\Resources\Data\logs.txt&lt;/a&gt;'.</msg>
<arg>${path}</arg>
<arg>${txt}\n</arg>
<doc>Appends the given content to the specified file.</doc>
<status status="PASS" start="2025-12-02T11:41:51.713570" elapsed="0.001135"/>
</kw>
<var name="${i}">&lt;selenium.webdriver.remote.webelement.WebElement (session="90cc16c272b9e2b4e85d75c7669083a9", element="f.4E58402E1C94569538B19D307FDE184B.d.60829B47622F99C0A2850B2C206ED8B9.e.147")&gt;</var>
<status status="PASS" start="2025-12-02T11:41:51.703656" elapsed="0.011140"/>
</iter>
<iter>
<kw name="Get Text" owner="SeleniumLibrary">
<msg time="2025-12-02T11:41:51.723576" level="INFO">${txt} = 2000</msg>
<var>${txt}</var>
<arg>${i}</arg>
<doc>Returns the text value of the element identified by ``locator``.</doc>
<status status="PASS" start="2025-12-02T11:41:51.715271" elapsed="0.008367"/>
</kw>
<kw name="Append To File" owner="OperatingSystem">
<msg time="2025-12-02T11:41:51.724576" level="INFO" html="true">Appended to file '&lt;a href="file://C:\Users\ASUS\PycharmProjects\RobotFramework\Resources\Data\logs.txt"&gt;C:\Users\ASUS\PycharmProjects\RobotFramework\Resources\Data\logs.txt&lt;/a&gt;'.</msg>
<arg>${path}</arg>
<arg>${txt}\n</arg>
<doc>Appends the given content to the specified file.</doc>
<status status="PASS" start="2025-12-02T11:41:51.723854" elapsed="0.000853"/>
</kw>
<var name="${i}">&lt;selenium.webdriver.remote.webelement.WebElement (session="90cc16c272b9e2b4e85d75c7669083a9", element="f.4E58402E1C94569538B19D307FDE184B.d.60829B47622F99C0A2850B2C206ED8B9.e.148")&gt;</var>
<status status="PASS" start="2025-12-02T11:41:51.715046" elapsed="0.009765"/>
</iter>
<iter>
<kw name="Get Text" owner="SeleniumLibrary">
<msg time="2025-12-02T11:41:51.734416" level="INFO">${txt} = Master In JS</msg>
<var>${txt}</var>
<arg>${i}</arg>
<doc>Returns the text value of the element identified by ``locator``.</doc>
<status status="PASS" start="2025-12-02T11:41:51.725197" elapsed="0.009276"/>
</kw>
<kw name="Append To File" owner="OperatingSystem">
<msg time="2025-12-02T11:41:51.735384" level="INFO" html="true">Appended to file '&lt;a href="file://C:\Users\ASUS\PycharmProjects\RobotFramework\Resources\Data\logs.txt"&gt;C:\Users\ASUS\PycharmProjects\RobotFramework\Resources\Data\logs.txt&lt;/a&gt;'.</msg>
<arg>${path}</arg>
<arg>${txt}\n</arg>
<doc>Appends the given content to the specified file.</doc>
<status status="PASS" start="2025-12-02T11:41:51.734679" elapsed="0.000852"/>
</kw>
<var name="${i}">&lt;selenium.webdriver.remote.webelement.WebElement (session="90cc16c272b9e2b4e85d75c7669083a9", element="f.4E58402E1C94569538B19D307FDE184B.d.60829B47622F99C0A2850B2C206ED8B9.e.149")&gt;</var>
<status status="PASS" start="2025-12-02T11:41:51.725003" elapsed="0.010673"/>
</iter>
<iter>
<kw name="Get Text" owner="SeleniumLibrary">
<msg time="2025-12-02T11:41:51.745359" level="INFO">${txt} = Amit</msg>
<var>${txt}</var>
<arg>${i}</arg>
<doc>Returns the text value of the element identified by ``locator``.</doc>
<status status="PASS" start="2025-12-02T11:41:51.736240" elapsed="0.009201"/>
</kw>
<kw name="Append To File" owner="OperatingSystem">
<msg time="2025-12-02T11:41:51.746343" level="INFO" html="true">Appended to file '&lt;a href="file://C:\Users\ASUS\PycharmProjects\RobotFramework\Resources\Data\logs.txt"&gt;C:\Users\ASUS\PycharmProjects\RobotFramework\Resources\Data\logs.txt&lt;/a&gt;'.</msg>
<arg>${path}</arg>
<arg>${txt}\n</arg>
<doc>Appends the given content to the specified file.</doc>
<status status="PASS" start="2025-12-02T11:41:51.745636" elapsed="0.000831"/>
</kw>
<var name="${i}">&lt;selenium.webdriver.remote.webelement.WebElement (session="90cc16c272b9e2b4e85d75c7669083a9", element="f.4E58402E1C94569538B19D307FDE184B.d.60829B47622F99C0A2850B2C206ED8B9.e.150")&gt;</var>
<status status="PASS" start="2025-12-02T11:41:51.735962" elapsed="0.010602"/>
</iter>
<iter>
<kw name="Get Text" owner="SeleniumLibrary">
<msg time="2025-12-02T11:41:51.755399" level="INFO">${txt} = Javascript</msg>
<var>${txt}</var>
<arg>${i}</arg>
<doc>Returns the text value of the element identified by ``locator``.</doc>
<status status="PASS" start="2025-12-02T11:41:51.746929" elapsed="0.008531"/>
</kw>
<kw name="Append To File" owner="OperatingSystem">
<msg time="2025-12-02T11:41:51.756400" level="INFO" html="true">Appended to file '&lt;a href="file://C:\Users\ASUS\PycharmProjects\RobotFramework\Resources\Data\logs.txt"&gt;C:\Users\ASUS\PycharmProjects\RobotFramework\Resources\Data\logs.txt&lt;/a&gt;'.</msg>
<arg>${path}</arg>
<arg>${txt}\n</arg>
<doc>Appends the given content to the specified file.</doc>
<status status="PASS" start="2025-12-02T11:41:51.755668" elapsed="0.000884"/>
</kw>
<var name="${i}">&lt;selenium.webdriver.remote.webelement.WebElement (session="90cc16c272b9e2b4e85d75c7669083a9", element="f.4E58402E1C94569538B19D307FDE184B.d.60829B47622F99C0A2850B2C206ED8B9.e.151")&gt;</var>
<status status="PASS" start="2025-12-02T11:41:51.746745" elapsed="0.009947"/>
</iter>
<iter>
<kw name="Get Text" owner="SeleniumLibrary">
<msg time="2025-12-02T11:41:51.765954" level="INFO">${txt} = 1000</msg>
<var>${txt}</var>
<arg>${i}</arg>
<doc>Returns the text value of the element identified by ``locator``.</doc>
<status status="PASS" start="2025-12-02T11:41:51.757264" elapsed="0.008747"/>
</kw>
<kw name="Append To File" owner="OperatingSystem">
<msg time="2025-12-02T11:41:51.766917" level="INFO" html="true">Appended to file '&lt;a href="file://C:\Users\ASUS\PycharmProjects\RobotFramework\Resources\Data\logs.txt"&gt;C:\Users\ASUS\PycharmProjects\RobotFramework\Resources\Data\logs.txt&lt;/a&gt;'.</msg>
<arg>${path}</arg>
<arg>${txt}\n</arg>
<doc>Appends the given content to the specified file.</doc>
<status status="PASS" start="2025-12-02T11:41:51.766223" elapsed="0.000809"/>
</kw>
<var name="${i}">&lt;selenium.webdriver.remote.webelement.WebElement (session="90cc16c272b9e2b4e85d75c7669083a9", element="f.4E58402E1C94569538B19D307FDE184B.d.60829B47622F99C0A2850B2C206ED8B9.e.152")&gt;</var>
<status status="PASS" start="2025-12-02T11:41:51.756976" elapsed="0.010137"/>
</iter>
<var>${i}</var>
<value>@{tb_val}</value>
<status status="PASS" start="2025-12-02T11:41:51.480743" elapsed="0.286448"/>
</for>
<kw name="Get WebElements" owner="SeleniumLibrary">
<msg time="2025-12-02T11:41:51.779887" level="INFO">${tb_val_1} = [&lt;selenium.webdriver.remote.webelement.WebElement (session="90cc16c272b9e2b4e85d75c7669083a9", element="f.4E58402E1C94569538B19D307FDE184B.d.60829B47622F99C0A2850B2C206ED8B9.e.153")&gt;, &lt;selenium.webdri...</msg>
<var>${tb_val_1}</var>
<arg>${dynamic_table}</arg>
<doc>Returns a list of WebElement objects matching the ``locator``.</doc>
<status status="PASS" start="2025-12-02T11:41:51.767373" elapsed="0.012588"/>
</kw>
<for flavor="IN">
<iter>
<kw name="Get Text" owner="SeleniumLibrary">
<msg time="2025-12-02T11:41:51.789297" level="INFO">${txt_1} = System</msg>
<var>${txt_1}</var>
<arg>${i}</arg>
<doc>Returns the text value of the element identified by ``locator``.</doc>
<status status="PASS" start="2025-12-02T11:41:51.780515" elapsed="0.008870"/>
</kw>
<kw name="Append To File" owner="OperatingSystem">
<msg time="2025-12-02T11:41:51.790546" level="INFO" html="true">Appended to file '&lt;a href="file://C:\Users\ASUS\PycharmProjects\RobotFramework\Resources\Data\logs.txt"&gt;C:\Users\ASUS\PycharmProjects\RobotFramework\Resources\Data\logs.txt&lt;/a&gt;'.</msg>
<arg>${path}</arg>
<arg>${txt_1}\n</arg>
<doc>Appends the given content to the specified file.</doc>
<status status="PASS" start="2025-12-02T11:41:51.789675" elapsed="0.000980"/>
</kw>
<var name="${i}">&lt;selenium.webdriver.remote.webelement.WebElement (session="90cc16c272b9e2b4e85d75c7669083a9", element="f.4E58402E1C94569538B19D307FDE184B.d.60829B47622F99C0A2850B2C206ED8B9.e.153")&gt;</var>
<status status="PASS" start="2025-12-02T11:41:51.780347" elapsed="0.010391"/>
</iter>
<iter>
<kw name="Get Text" owner="SeleniumLibrary">
<msg time="2025-12-02T11:41:51.799218" level="INFO">${txt_1} = 1.0%</msg>
<var>${txt_1}</var>
<arg>${i}</arg>
<doc>Returns the text value of the element identified by ``locator``.</doc>
<status status="PASS" start="2025-12-02T11:41:51.791086" elapsed="0.008194"/>
</kw>
<kw name="Append To File" owner="OperatingSystem">
<msg time="2025-12-02T11:41:51.800169" level="INFO" html="true">Appended to file '&lt;a href="file://C:\Users\ASUS\PycharmProjects\RobotFramework\Resources\Data\logs.txt"&gt;C:\Users\ASUS\PycharmProjects\RobotFramework\Resources\Data\logs.txt&lt;/a&gt;'.</msg>
<arg>${path}</arg>
<arg>${txt_1}\n</arg>
<doc>Appends the given content to the specified file.</doc>
<status status="PASS" start="2025-12-02T11:41:51.799492" elapsed="0.000859"/>
</kw>
<var name="${i}">&lt;selenium.webdriver.remote.webelement.WebElement (session="90cc16c272b9e2b4e85d75c7669083a9", element="f.4E58402E1C94569538B19D307FDE184B.d.60829B47622F99C0A2850B2C206ED8B9.e.154")&gt;</var>
<status status="PASS" start="2025-12-02T11:41:51.790902" elapsed="0.009536"/>
</iter>
<iter>
<kw name="Get Text" owner="SeleniumLibrary">
<msg time="2025-12-02T11:41:51.809599" level="INFO">${txt_1} = 0.47 MB/s</msg>
<var>${txt_1}</var>
<arg>${i}</arg>
<doc>Returns the text value of the element identified by ``locator``.</doc>
<status status="PASS" start="2025-12-02T11:41:51.800782" elapsed="0.008910"/>
</kw>
<kw name="Append To File" owner="OperatingSystem">
<msg time="2025-12-02T11:41:51.810917" level="INFO" html="true">Appended to file '&lt;a href="file://C:\Users\ASUS\PycharmProjects\RobotFramework\Resources\Data\logs.txt"&gt;C:\Users\ASUS\PycharmProjects\RobotFramework\Resources\Data\logs.txt&lt;/a&gt;'.</msg>
<arg>${path}</arg>
<arg>${txt_1}\n</arg>
<doc>Appends the given content to the specified file.</doc>
<status status="PASS" start="2025-12-02T11:41:51.810018" elapsed="0.001019"/>
</kw>
<var name="${i}">&lt;selenium.webdriver.remote.webelement.WebElement (session="90cc16c272b9e2b4e85d75c7669083a9", element="f.4E58402E1C94569538B19D307FDE184B.d.60829B47622F99C0A2850B2C206ED8B9.e.155")&gt;</var>
<status status="PASS" start="2025-12-02T11:41:51.800605" elapsed="0.010513"/>
</iter>
<iter>
<kw name="Get Text" owner="SeleniumLibrary">
<msg time="2025-12-02T11:41:51.819760" level="INFO">${txt_1} = 3.0 Mbps</msg>
<var>${txt_1}</var>
<arg>${i}</arg>
<doc>Returns the text value of the element identified by ``locator``.</doc>
<status status="PASS" start="2025-12-02T11:41:51.811488" elapsed="0.008369"/>
</kw>
<kw name="Append To File" owner="OperatingSystem">
<msg time="2025-12-02T11:41:51.821132" level="INFO" html="true">Appended to file '&lt;a href="file://C:\Users\ASUS\PycharmProjects\RobotFramework\Resources\Data\logs.txt"&gt;C:\Users\ASUS\PycharmProjects\RobotFramework\Resources\Data\logs.txt&lt;/a&gt;'.</msg>
<arg>${path}</arg>
<arg>${txt_1}\n</arg>
<doc>Appends the given content to the specified file.</doc>
<status status="PASS" start="2025-12-02T11:41:51.820208" elapsed="0.001068"/>
</kw>
<var name="${i}">&lt;selenium.webdriver.remote.webelement.WebElement (session="90cc16c272b9e2b4e85d75c7669083a9", element="f.4E58402E1C94569538B19D307FDE184B.d.60829B47622F99C0A2850B2C206ED8B9.e.156")&gt;</var>
<status status="PASS" start="2025-12-02T11:41:51.811300" elapsed="0.010117"/>
</iter>
<iter>
<kw name="Get Text" owner="SeleniumLibrary">
<msg time="2025-12-02T11:41:51.835171" level="INFO">${txt_1} = 86.9 MB</msg>
<var>${txt_1}</var>
<arg>${i}</arg>
<doc>Returns the text value of the element identified by ``locator``.</doc>
<status status="PASS" start="2025-12-02T11:41:51.821997" elapsed="0.013273"/>
</kw>
<kw name="Append To File" owner="OperatingSystem">
<msg time="2025-12-02T11:41:51.836613" level="INFO" html="true">Appended to file '&lt;a href="file://C:\Users\ASUS\PycharmProjects\RobotFramework\Resources\Data\logs.txt"&gt;C:\Users\ASUS\PycharmProjects\RobotFramework\Resources\Data\logs.txt&lt;/a&gt;'.</msg>
<arg>${path}</arg>
<arg>${txt_1}\n</arg>
<doc>Appends the given content to the specified file.</doc>
<status status="PASS" start="2025-12-02T11:41:51.835608" elapsed="0.001177"/>
</kw>
<var name="${i}">&lt;selenium.webdriver.remote.webelement.WebElement (session="90cc16c272b9e2b4e85d75c7669083a9", element="f.4E58402E1C94569538B19D307FDE184B.d.60829B47622F99C0A2850B2C206ED8B9.e.157")&gt;</var>
<status status="PASS" start="2025-12-02T11:41:51.821701" elapsed="0.015252"/>
</iter>
<iter>
<kw name="Get Text" owner="SeleniumLibrary">
<msg time="2025-12-02T11:41:51.849722" level="INFO">${txt_1} = Chrome</msg>
<var>${txt_1}</var>
<arg>${i}</arg>
<doc>Returns the text value of the element identified by ``locator``.</doc>
<status status="PASS" start="2025-12-02T11:41:51.837609" elapsed="0.012214"/>
</kw>
<kw name="Append To File" owner="OperatingSystem">
<msg time="2025-12-02T11:41:51.851229" level="INFO" html="true">Appended to file '&lt;a href="file://C:\Users\ASUS\PycharmProjects\RobotFramework\Resources\Data\logs.txt"&gt;C:\Users\ASUS\PycharmProjects\RobotFramework\Resources\Data\logs.txt&lt;/a&gt;'.</msg>
<arg>${path}</arg>
<arg>${txt_1}\n</arg>
<doc>Appends the given content to the specified file.</doc>
<status status="PASS" start="2025-12-02T11:41:51.850172" elapsed="0.001236"/>
</kw>
<var name="${i}">&lt;selenium.webdriver.remote.webelement.WebElement (session="90cc16c272b9e2b4e85d75c7669083a9", element="f.4E58402E1C94569538B19D307FDE184B.d.60829B47622F99C0A2850B2C206ED8B9.e.158")&gt;</var>
<status status="PASS" start="2025-12-02T11:41:51.837286" elapsed="0.014309"/>
</iter>
<iter>
<kw name="Get Text" owner="SeleniumLibrary">
<msg time="2025-12-02T11:41:51.861805" level="INFO">${txt_1} = 4.4%</msg>
<var>${txt_1}</var>
<arg>${i}</arg>
<doc>Returns the text value of the element identified by ``locator``.</doc>
<status status="PASS" start="2025-12-02T11:41:51.852249" elapsed="0.009613"/>
</kw>
<kw name="Append To File" owner="OperatingSystem">
<msg time="2025-12-02T11:41:51.862749" level="INFO" html="true">Appended to file '&lt;a href="file://C:\Users\ASUS\PycharmProjects\RobotFramework\Resources\Data\logs.txt"&gt;C:\Users\ASUS\PycharmProjects\RobotFramework\Resources\Data\logs.txt&lt;/a&gt;'.</msg>
<arg>${path}</arg>
<arg>${txt_1}\n</arg>
<doc>Appends the given content to the specified file.</doc>
<status status="PASS" start="2025-12-02T11:41:51.862062" elapsed="0.000809"/>
</kw>
<var name="${i}">&lt;selenium.webdriver.remote.webelement.WebElement (session="90cc16c272b9e2b4e85d75c7669083a9", element="f.4E58402E1C94569538B19D307FDE184B.d.60829B47622F99C0A2850B2C206ED8B9.e.159")&gt;</var>
<status status="PASS" start="2025-12-02T11:41:51.851919" elapsed="0.011034"/>
</iter>
<iter>
<kw name="Get Text" owner="SeleniumLibrary">
<msg time="2025-12-02T11:41:51.872391" level="INFO">${txt_1} = 0.44 MB/s</msg>
<var>${txt_1}</var>
<arg>${i}</arg>
<doc>Returns the text value of the element identified by ``locator``.</doc>
<status status="PASS" start="2025-12-02T11:41:51.863308" elapsed="0.009178"/>
</kw>
<kw name="Append To File" owner="OperatingSystem">
<msg time="2025-12-02T11:41:51.873767" level="INFO" html="true">Appended to file '&lt;a href="file://C:\Users\ASUS\PycharmProjects\RobotFramework\Resources\Data\logs.txt"&gt;C:\Users\ASUS\PycharmProjects\RobotFramework\Resources\Data\logs.txt&lt;/a&gt;'.</msg>
<arg>${path}</arg>
<arg>${txt_1}\n</arg>
<doc>Appends the given content to the specified file.</doc>
<status status="PASS" start="2025-12-02T11:41:51.872819" elapsed="0.001098"/>
</kw>
<var name="${i}">&lt;selenium.webdriver.remote.webelement.WebElement (session="90cc16c272b9e2b4e85d75c7669083a9", element="f.4E58402E1C94569538B19D307FDE184B.d.60829B47622F99C0A2850B2C206ED8B9.e.160")&gt;</var>
<status status="PASS" start="2025-12-02T11:41:51.863123" elapsed="0.010947"/>
</iter>
<iter>
<kw name="Get Text" owner="SeleniumLibrary">
<msg time="2025-12-02T11:41:51.884060" level="INFO">${txt_1} = 2.6 Mbps</msg>
<var>${txt_1}</var>
<arg>${i}</arg>
<doc>Returns the text value of the element identified by ``locator``.</doc>
<status status="PASS" start="2025-12-02T11:41:51.874680" elapsed="0.009438"/>
</kw>
<kw name="Append To File" owner="OperatingSystem">
<msg time="2025-12-02T11:41:51.885066" level="INFO" html="true">Appended to file '&lt;a href="file://C:\Users\ASUS\PycharmProjects\RobotFramework\Resources\Data\logs.txt"&gt;C:\Users\ASUS\PycharmProjects\RobotFramework\Resources\Data\logs.txt&lt;/a&gt;'.</msg>
<arg>${path}</arg>
<arg>${txt_1}\n</arg>
<doc>Appends the given content to the specified file.</doc>
<status status="PASS" start="2025-12-02T11:41:51.884326" elapsed="0.000916"/>
</kw>
<var name="${i}">&lt;selenium.webdriver.remote.webelement.WebElement (session="90cc16c272b9e2b4e85d75c7669083a9", element="f.4E58402E1C94569538B19D307FDE184B.d.60829B47622F99C0A2850B2C206ED8B9.e.161")&gt;</var>
<status status="PASS" start="2025-12-02T11:41:51.874380" elapsed="0.011012"/>
</iter>
<iter>
<kw name="Get Text" owner="SeleniumLibrary">
<msg time="2025-12-02T11:41:51.897581" level="INFO">${txt_1} = 80.5 MB</msg>
<var>${txt_1}</var>
<arg>${i}</arg>
<doc>Returns the text value of the element identified by ``locator``.</doc>
<status status="PASS" start="2025-12-02T11:41:51.886084" elapsed="0.011555"/>
</kw>
<kw name="Append To File" owner="OperatingSystem">
<msg time="2025-12-02T11:41:51.898527" level="INFO" html="true">Appended to file '&lt;a href="file://C:\Users\ASUS\PycharmProjects\RobotFramework\Resources\Data\logs.txt"&gt;C:\Users\ASUS\PycharmProjects\RobotFramework\Resources\Data\logs.txt&lt;/a&gt;'.</msg>
<arg>${path}</arg>
<arg>${txt_1}\n</arg>
<doc>Appends the given content to the specified file.</doc>
<status status="PASS" start="2025-12-02T11:41:51.897842" elapsed="0.000840"/>
</kw>
<var name="${i}">&lt;selenium.webdriver.remote.webelement.WebElement (session="90cc16c272b9e2b4e85d75c7669083a9", element="f.4E58402E1C94569538B19D307FDE184B.d.60829B47622F99C0A2850B2C206ED8B9.e.162")&gt;</var>
<status status="PASS" start="2025-12-02T11:41:51.885777" elapsed="0.013061"/>
</iter>
<iter>
<kw name="Get Text" owner="SeleniumLibrary">
<msg time="2025-12-02T11:41:51.908463" level="INFO">${txt_1} = Internet Explorer</msg>
<var>${txt_1}</var>
<arg>${i}</arg>
<doc>Returns the text value of the element identified by ``locator``.</doc>
<status status="PASS" start="2025-12-02T11:41:51.899443" elapsed="0.009111"/>
</kw>
<kw name="Append To File" owner="OperatingSystem">
<msg time="2025-12-02T11:41:51.909795" level="INFO" html="true">Appended to file '&lt;a href="file://C:\Users\ASUS\PycharmProjects\RobotFramework\Resources\Data\logs.txt"&gt;C:\Users\ASUS\PycharmProjects\RobotFramework\Resources\Data\logs.txt&lt;/a&gt;'.</msg>
<arg>${path}</arg>
<arg>${txt_1}\n</arg>
<doc>Appends the given content to the specified file.</doc>
<status status="PASS" start="2025-12-02T11:41:51.908863" elapsed="0.001060"/>
</kw>
<var name="${i}">&lt;selenium.webdriver.remote.webelement.WebElement (session="90cc16c272b9e2b4e85d75c7669083a9", element="f.4E58402E1C94569538B19D307FDE184B.d.60829B47622F99C0A2850B2C206ED8B9.e.163")&gt;</var>
<status status="PASS" start="2025-12-02T11:41:51.899144" elapsed="0.010880"/>
</iter>
<iter>
<kw name="Get Text" owner="SeleniumLibrary">
<msg time="2025-12-02T11:41:51.918690" level="INFO">${txt_1} = 0.7%</msg>
<var>${txt_1}</var>
<arg>${i}</arg>
<doc>Returns the text value of the element identified by ``locator``.</doc>
<status status="PASS" start="2025-12-02T11:41:51.910412" elapsed="0.008372"/>
</kw>
<kw name="Append To File" owner="OperatingSystem">
<msg time="2025-12-02T11:41:51.920040" level="INFO" html="true">Appended to file '&lt;a href="file://C:\Users\ASUS\PycharmProjects\RobotFramework\Resources\Data\logs.txt"&gt;C:\Users\ASUS\PycharmProjects\RobotFramework\Resources\Data\logs.txt&lt;/a&gt;'.</msg>
<arg>${path}</arg>
<arg>${txt_1}\n</arg>
<doc>Appends the given content to the specified file.</doc>
<status status="PASS" start="2025-12-02T11:41:51.919116" elapsed="0.001079"/>
</kw>
<var name="${i}">&lt;selenium.webdriver.remote.webelement.WebElement (session="90cc16c272b9e2b4e85d75c7669083a9", element="f.4E58402E1C94569538B19D307FDE184B.d.60829B47622F99C0A2850B2C206ED8B9.e.164")&gt;</var>
<status status="PASS" start="2025-12-02T11:41:51.910226" elapsed="0.010118"/>
</iter>
<iter>
<kw name="Get Text" owner="SeleniumLibrary">
<msg time="2025-12-02T11:41:51.930003" level="INFO">${txt_1} = 0.04 MB/s</msg>
<var>${txt_1}</var>
<arg>${i}</arg>
<doc>Returns the text value of the element identified by ``locator``.</doc>
<status status="PASS" start="2025-12-02T11:41:51.920912" elapsed="0.009191"/>
</kw>
<kw name="Append To File" owner="OperatingSystem">
<msg time="2025-12-02T11:41:51.931163" level="INFO" html="true">Appended to file '&lt;a href="file://C:\Users\ASUS\PycharmProjects\RobotFramework\Resources\Data\logs.txt"&gt;C:\Users\ASUS\PycharmProjects\RobotFramework\Resources\Data\logs.txt&lt;/a&gt;'.</msg>
<arg>${path}</arg>
<arg>${txt_1}\n</arg>
<doc>Appends the given content to the specified file.</doc>
<status status="PASS" start="2025-12-02T11:41:51.930388" elapsed="0.000926"/>
</kw>
<var name="${i}">&lt;selenium.webdriver.remote.webelement.WebElement (session="90cc16c272b9e2b4e85d75c7669083a9", element="f.4E58402E1C94569538B19D307FDE184B.d.60829B47622F99C0A2850B2C206ED8B9.e.165")&gt;</var>
<status status="PASS" start="2025-12-02T11:41:51.920620" elapsed="0.010789"/>
</iter>
<iter>
<kw name="Get Text" owner="SeleniumLibrary">
<msg time="2025-12-02T11:41:51.940265" level="INFO">${txt_1} = 1.1 Mbps</msg>
<var>${txt_1}</var>
<arg>${i}</arg>
<doc>Returns the text value of the element identified by ``locator``.</doc>
<status status="PASS" start="2025-12-02T11:41:51.931781" elapsed="0.008546"/>
</kw>
<kw name="Append To File" owner="OperatingSystem">
<msg time="2025-12-02T11:41:51.941224" level="INFO" html="true">Appended to file '&lt;a href="file://C:\Users\ASUS\PycharmProjects\RobotFramework\Resources\Data\logs.txt"&gt;C:\Users\ASUS\PycharmProjects\RobotFramework\Resources\Data\logs.txt&lt;/a&gt;'.</msg>
<arg>${path}</arg>
<arg>${txt_1}\n</arg>
<doc>Appends the given content to the specified file.</doc>
<status status="PASS" start="2025-12-02T11:41:51.940530" elapsed="0.000823"/>
</kw>
<var name="${i}">&lt;selenium.webdriver.remote.webelement.WebElement (session="90cc16c272b9e2b4e85d75c7669083a9", element="f.4E58402E1C94569538B19D307FDE184B.d.60829B47622F99C0A2850B2C206ED8B9.e.166")&gt;</var>
<status status="PASS" start="2025-12-02T11:41:51.931586" elapsed="0.009869"/>
</iter>
<iter>
<kw name="Get Text" owner="SeleniumLibrary">
<msg time="2025-12-02T11:41:51.950706" level="INFO">${txt_1} = 64.1 MB</msg>
<var>${txt_1}</var>
<arg>${i}</arg>
<doc>Returns the text value of the element identified by ``locator``.</doc>
<status status="PASS" start="2025-12-02T11:41:51.941837" elapsed="0.008962"/>
</kw>
<kw name="Append To File" owner="OperatingSystem">
<msg time="2025-12-02T11:41:51.952094" level="INFO" html="true">Appended to file '&lt;a href="file://C:\Users\ASUS\PycharmProjects\RobotFramework\Resources\Data\logs.txt"&gt;C:\Users\ASUS\PycharmProjects\RobotFramework\Resources\Data\logs.txt&lt;/a&gt;'.</msg>
<arg>${path}</arg>
<arg>${txt_1}\n</arg>
<doc>Appends the given content to the specified file.</doc>
<status status="PASS" start="2025-12-02T11:41:51.951110" elapsed="0.001130"/>
</kw>
<var name="${i}">&lt;selenium.webdriver.remote.webelement.WebElement (session="90cc16c272b9e2b4e85d75c7669083a9", element="f.4E58402E1C94569538B19D307FDE184B.d.60829B47622F99C0A2850B2C206ED8B9.e.167")&gt;</var>
<status status="PASS" start="2025-12-02T11:41:51.941646" elapsed="0.010742"/>
</iter>
<iter>
<kw name="Get Text" owner="SeleniumLibrary">
<msg time="2025-12-02T11:41:51.962041" level="INFO">${txt_1} = Firefox</msg>
<var>${txt_1}</var>
<arg>${i}</arg>
<doc>Returns the text value of the element identified by ``locator``.</doc>
[...]
e:U+0301,U+0400-045F,U+0490-0491,U+04B0-04B1,U+2116;}@font-face{font-family:'Open Sans';font-style:normal;font-weight:400;font-stretch:100%;font-display:swap;src:url(//fonts.gstatic.com/s/opensans/v44/memSYaGs126MiZpBA-UvWbX2vVnXBbObj2OVZyOOSr4dVJWUgsjZ0B4saVIGxA.woff2)format('woff2');unicode-range:U+1F00-1FFF;}@font-face{font-family:'Open Sans';font-style:normal;font-weight:400;font-stretch:100%;font-display:swap;src:url(//fonts.gstatic.com/s/opensans/v44/memSYaGs126MiZpBA-UvWbX2vVnXBbObj2OVZyOOSr4dVJWUgsjZ0B4jaVIGxA.woff2)format('woff2');unicode-range:U+0370-0377,U+037A-037F,U+0384-038A,U+038C,U+038E-03A1,U+03A3-03FF;}@font-face{font-family:'Open Sans';font-style:normal;font-weight:400;font-stretch:100%;font-display:swap;src:url(//fonts.gstatic.com/s/opensans/v44/memSYaGs126MiZpBA-UvWbX2vVnXBbObj2OVZyOOSr4dVJWUgsjZ0B4iaVIGxA.woff2)format('woff2');unicode-range:U+0307-0308,U+0590-05FF,U+200C-2010,U+20AA,U+25CC,U+FB1D-FB4F;}@font-face{font-family:'Open Sans';font-style:normal;font-weight:400;font-stretch:100%;font-display:swap;src:url(//fonts.gstatic.com/s/opensans/v44/memSYaGs126MiZpBA-UvWbX2vVnXBbObj2OVZyOOSr4dVJWUgsjZ0B5caVIGxA.woff2)format('woff2');unicode-range:U+0302-0303,U+0305,U+0307-0308,U+0310,U+0312,U+0315,U+031A,U+0326-0327,U+032C,U+032F-0330,U+0332-0333,U+0338,U+033A,U+0346,U+034D,U+0391-03A1,U+03A3-03A9,U+03B1-03C9,U+03D1,U+03D5-03D6,U+03F0-03F1,U+03F4-03F5,U+2016-2017,U+2034-2038,U+203C,U+2040,U+2043,U+2047,U+2050,U+2057,U+205F,U+2070-2071,U+2074-208E,U+2090-209C,U+20D0-20DC,U+20E1,U+20E5-20EF,U+2100-2112,U+2114-2115,U+2117-2121,U+2123-214F,U+2190,U+2192,U+2194-21AE,U+21B0-21E5,U+21F1-21F2,U+21F4-2211,U+2213-2214,U+2216-22FF,U+2308-230B,U+2310,U+2319,U+231C-2321,U+2336-237A,U+237C,U+2395,U+239B-23B7,U+23D0,U+23DC-23E1,U+2474-2475,U+25AF,U+25B3,U+25B7,U+25BD,U+25C1,U+25CA,U+25CC,U+25FB,U+266D-266F,U+27C0-27FF,U+2900-2AFF,U+2B0E-2B11,U+2B30-2B4C,U+2BFE,U+3030,U+FF5B,U+FF5D,U+1D400-1D7FF,U+1EE00-1EEFF;}@font-face{font-family:'Open Sans';font-style:normal;font-weight:400;font-stretch:100%;font-display:swap;src:url(//fonts.gstatic.com/s/opensans/v44/memSYaGs126MiZpBA-UvWbX2vVnXBbObj2OVZyOOSr4dVJWUgsjZ0B5OaVIGxA.woff2)format('woff2');unicode-range:U+0001-000C,U+000E-001F,U+007F-009F,U+20DD-20E0,U+20E2-20E4,U+2150-218F,U+2190,U+2192,U+2194-2199,U+21AF,U+21E6-21F0,U+21F3,U+2218-2219,U+2299,U+22C4-22C6,U+2300-243F,U+2440-244A,U+2460-24FF,U+25A0-27BF,U+2800-28FF,U+2921-2922,U+2981,U+29BF,U+29EB,U+2B00-2BFF,U+4DC0-4DFF,U+FFF9-FFFB,U+10140-1018E,U+10190-1019C,U+101A0,U+101D0-101FD,U+102E0-102FB,U+10E60-10E7E,U+1D2C0-1D2D3,U+1D2E0-1D37F,U+1F000-1F0FF,U+1F100-1F1AD,U+1F1E6-1F1FF,U+1F30D-1F30F,U+1F315,U+1F31C,U+1F31E,U+1F320-1F32C,U+1F336,U+1F378,U+1F37D,U+1F382,U+1F393-1F39F,U+1F3A7-1F3A8,U+1F3AC-1F3AF,U+1F3C2,U+1F3C4-1F3C6,U+1F3CA-1F3CE,U+1F3D4-1F3E0,U+1F3ED,U+1F3F1-1F3F3,U+1F3F5-1F3F7,U+1F408,U+1F415,U+1F41F,U+1F426,U+1F43F,U+1F441-1F442,U+1F444,U+1F446-1F449,U+1F44C-1F44E,U+1F453,U+1F46A,U+1F47D,U+1F4A3,U+1F4B0,U+1F4B3,U+1F4B9,U+1F4BB,U+1F4BF,U+1F4C8-1F4CB,U+1F4D6,U+1F4DA,U+1F4DF,U+1F4E3-1F4E6,U+1F4EA-1F4ED,U+1F4F7,U+1F4F9-1F4FB,U+1F4FD-1F4FE,U+1F503,U+1F507-1F50B,U+1F50D,U+1F512-1F513,U+1F53E-1F54A,U+1F54F-1F5FA,U+1F610,U+1F650-1F67F,U+1F687,U+1F68D,U+1F691,U+1F694,U+1F698,U+1F6AD,U+1F6B2,U+1F6B9-1F6BA,U+1F6BC,U+1F6C6-1F6CF,U+1F6D3-1F6D7,U+1F6E0-1F6EA,U+1F6F0-1F6F3,U+1F6F7-1F6FC,U+1F700-1F7FF,U+1F800-1F80B,U+1F810-1F847,U+1F850-1F859,U+1F860-1F887,U+1F890-1F8AD,U+1F8B0-1F8BB,U+1F8C0-1F8C1,U+1F900-1F90B,U+1F93B,U+1F946,U+1F984,U+1F996,U+1F9E9,U+1FA00-1FA6F,U+1FA70-1FA7C,U+1FA80-1FA89,U+1FA8F-1FAC6,U+1FACE-1FADC,U+1FADF-1FAE9,U+1FAF0-1FAF8,U+1FB00-1FBFF;}@font-face{font-family:'Open Sans';font-style:normal;font-weight:400;font-stretch:100%;font-display:swap;src:url(//fonts.gstatic.com/s/opensans/v44/memSYaGs126MiZpBA-UvWbX2vVnXBbObj2OVZyOOSr4dVJWUgsjZ0B4vaVIGxA.woff2)format('woff2');unicode-range:U+0102-0103,U+0110-0111,U+0128-0129,U+0168-0169,U+01A0-01A1,U+01AF-01B0,U+0300-0301,U+0303-0304,U+0308-0309,U+0323,U+0329,U+1EA0-1EF9,U+20AB;}@font-face{font-family:'Open Sans';font-style:normal;font-weight:400;font-stretch:100%;font-display:swap;src:url(//fonts.gstatic.com/s/opensans/v44/memSYaGs126MiZpBA-UvWbX2vVnXBbObj2OVZyOOSr4dVJWUgsjZ0B4uaVIGxA.woff2)format('woff2');unicode-range:U+0100-02BA,U+02BD-02C5,U+02C7-02CC,U+02CE-02D7,U+02DD-02FF,U+0304,U+0308,U+0329,U+1D00-1DBF,U+1E00-1E9F,U+1EF2-1EFF,U+2020,U+20A0-20AB,U+20AD-20C0,U+2113,U+2C60-2C7F,U+A720-A7FF;}@font-face{font-family:'Open Sans';font-style:normal;font-weight:400;font-stretch:100%;font-display:swap;src:url(//fonts.gstatic.com/s/opensans/v44/memSYaGs126MiZpBA-UvWbX2vVnXBbObj2OVZyOOSr4dVJWUgsjZ0B4gaVI.woff2)format('woff2');unicode-range:U+0000-00FF,U+0131,U+0152-0153,U+02BB-02BC,U+02C6,U+02DA,U+02DC,U+0304,U+0308,U+0329,U+2000-206F,U+20AC,U+2122,U+2191,U+2193,U+2212,U+2215,U+FEFF,U+FFFD;}&lt;/style&gt;
&lt;style id='page-skin-1' type='text/css'&gt;&lt;!--
/*
-----------------------------------------------
Blogger Template Style
Name:     Simple
Designer: Blogger
URL:      www.blogger.com
----------------------------------------------- */
/* Variable definitions
====================
&lt;Variable name="keycolor" description="Main Color" type="color" default="#66bbdd"/&gt;
&lt;Group description="Page Text" selector="body"&gt;
&lt;Variable name="body.font" description="Font" type="font"
default="normal normal 12px Calibri, Tahoma, Helvetica, FreeSans, sans-serif"/&gt;
&lt;Variable name="body.text.color" description="Text Color" type="color" default="#222222"/&gt;
&lt;/Group&gt;
&lt;Group description="Backgrounds" selector=".body-fauxcolumns-outer"&gt;
&lt;Variable name="body.background.color" description="Outer Background" type="color" default="#66bbdd"/&gt;
&lt;Variable name="content.background.color" description="Main Background" type="color" default="#ffffff"/&gt;
&lt;Variable name="header.background.color" description="Header Background" type="color" default="transparent"/&gt;
&lt;/Group&gt;
&lt;Group description="Links" selector=".main-outer"&gt;
&lt;Variable name="link.color" description="Link Color" type="color" default="#2288bb"/&gt;
&lt;Variable name="link.visited.color" description="Visited Color" type="color" default="#888888"/&gt;
&lt;Variable name="link.hover.color" description="Hover Color" type="color" default="#33aaff"/&gt;
&lt;/Group&gt;
&lt;Group description="Blog Title" selector=".header h1"&gt;
&lt;Variable name="header.font" description="Font" type="font"
de... (set the log level to DEBUG or TRACE to see the full content) 
 </msg>
<msg time="2025-12-02T11:42:23.699127" level="INFO">C:\Users\ASUS\PycharmProjects\RobotFramework\.venv\Lib\site-packages\urllib3\connectionpool.py:1097: InsecureRequestWarning: Unverified HTTPS request is being made to host 'testautomationpractice.blogspot.com'. Adding certificate verification is strongly advised. See: https://urllib3.readthedocs.io/en/latest/advanced-usage.html#tls-warnings
  warnings.warn(</msg>
<msg time="2025-12-02T11:42:23.699667" level="INFO">${response} = &lt;Response [200]&gt;</msg>
<var>${response}</var>
<arg>site</arg>
<arg>${url}</arg>
<doc>Sends a GET request on a previously created HTTP Session.</doc>
<status status="PASS" start="2025-12-02T11:42:23.083562" elapsed="0.616201"/>
</kw>
<kw name="Set Variable" owner="BuiltIn">
<msg time="2025-12-02T11:42:23.702475" level="INFO">${status} = 200</msg>
<var>${status}</var>
<arg>${response.status_code}</arg>
<doc>Returns the given values which can then be assigned to a variables.</doc>
<status status="PASS" start="2025-12-02T11:42:23.700156" elapsed="0.002419"/>
</kw>
<kw name="Run Keyword If" owner="BuiltIn">
<kw name="Log To Console" owner="BuiltIn">
<arg>OK: ${url} (Status: ${status})</arg>
<doc>Logs the given message to the console.</doc>
<status status="PASS" start="2025-12-02T11:42:23.703616" elapsed="0.000602"/>
</kw>
<arg>${status} &gt;= 400</arg>
<arg>Log To Console</arg>
<arg>Broken Link: ${url} (Status: ${status})</arg>
<arg>ELSE</arg>
<arg>Log To Console</arg>
<arg>OK: ${url} (Status: ${status})</arg>
<doc>Runs the given keyword with the given arguments, if ``condition`` is true.</doc>
<status status="PASS" start="2025-12-02T11:42:23.702952" elapsed="0.001535"/>
</kw>
<arg>${url}</arg>
<status status="PASS" start="2025-12-02T11:42:15.273101" elapsed="8.431689"/>
</kw>
<status status="PASS" start="2025-12-02T11:42:15.272320" elapsed="8.432791"/>
</test>
<test id="s1-s1-t6" name="TC007_Form submission" line="47">
<kw name="Form submission" owner="keywords">
<kw name="Get Text" owner="SeleniumLibrary">
<msg time="2025-12-02T11:42:23.737635" level="INFO">${txt_val1} = This is a paragraph in Section 1.</msg>
<var>${txt_val1}</var>
<arg>${p1}</arg>
<doc>Returns the text value of the element identified by ``locator``.</doc>
<status status="PASS" start="2025-12-02T11:42:23.707627" elapsed="0.030114"/>
</kw>
<kw name="Wait Until Element Is Enabled" owner="SeleniumLibrary">
<arg>${sec1}</arg>
<arg>${time}</arg>
<doc>Waits until the element ``locator`` is enabled.</doc>
<status status="PASS" start="2025-12-02T11:42:23.738101" elapsed="0.034534"/>
</kw>
<kw name="Input Text" owner="SeleniumLibrary">
<msg time="2025-12-02T11:42:23.773603" level="INFO">Typing text 'This is a paragraph in Section 1.' into text field 'id:input1'.</msg>
<arg>${sec1}</arg>
<arg>${txt_val1}</arg>
<doc>Types the given ``text`` into the text field identified by ``locator``.</doc>
<status status="PASS" start="2025-12-02T11:42:23.773047" elapsed="0.243795"/>
</kw>
<kw name="Click Button" owner="SeleniumLibrary">
<msg time="2025-12-02T11:42:24.017718" level="INFO">Clicking button 'id:btn1'.</msg>
<arg>${sec1_btn}</arg>
<doc>Clicks the button identified by ``locator``.</doc>
<status status="PASS" start="2025-12-02T11:42:24.017229" elapsed="0.179363"/>
</kw>
<kw name="Get Text" owner="SeleniumLibrary">
<msg time="2025-12-02T11:42:24.266549" level="INFO">${txt_val2} = This is a paragraph in Section 2.</msg>
<var>${txt_val2}</var>
<arg>${p2}</arg>
<doc>Returns the text value of the element identified by ``locator``.</doc>
<status status="PASS" start="2025-12-02T11:42:24.196950" elapsed="0.069706"/>
</kw>
<kw name="Wait Until Element Is Enabled" owner="SeleniumLibrary">
<arg>${sec2}</arg>
<arg>${time}</arg>
<doc>Waits until the element ``locator`` is enabled.</doc>
<status status="PASS" start="2025-12-02T11:42:24.267029" elapsed="0.033793"/>
</kw>
<kw name="Input Text" owner="SeleniumLibrary">
<msg time="2025-12-02T11:42:24.301743" level="INFO">Typing text 'This is a paragraph in Section 2.' into text field 'id:input2'.</msg>
<arg>${sec2}</arg>
<arg>${txt_val2}</arg>
<doc>Types the given ``text`` into the text field identified by ``locator``.</doc>
<status status="PASS" start="2025-12-02T11:42:24.301188" elapsed="0.220769"/>
</kw>
<kw name="Click Button" owner="SeleniumLibrary">
<msg time="2025-12-02T11:42:24.522864" level="INFO">Clicking button 'id:btn2'.</msg>
<arg>${sec2_btn}</arg>
<doc>Clicks the button identified by ``locator``.</doc>
<status status="PASS" start="2025-12-02T11:42:24.522351" elapsed="0.130700"/>
</kw>
<kw name="Get Text" owner="SeleniumLibrary">
<msg time="2025-12-02T11:42:24.682387" level="INFO">${txt_val3} = This is a paragraph in Section 3.</msg>
<var>${txt_val3}</var>
<arg>${p3}</arg>
<doc>Returns the text value of the element identified by ``locator``.</doc>
<status status="PASS" start="2025-12-02T11:42:24.653443" elapsed="0.029011"/>
</kw>
<kw name="Wait Until Element Is Enabled" owner="SeleniumLibrary">
<arg>${sec3}</arg>
<arg>${time}</arg>
<doc>Waits until the element ``locator`` is enabled.</doc>
<status status="PASS" start="2025-12-02T11:42:24.682765" elapsed="0.038042"/>
</kw>
<kw name="Input Text" owner="SeleniumLibrary">
<msg time="2025-12-02T11:42:24.721534" level="INFO">Typing text 'This is a paragraph in Section 3.' into text field 'id:input3'.</msg>
<arg>${sec3}</arg>
<arg>${txt_val3}</arg>
<doc>Types the given ``text`` into the text field identified by ``locator``.</doc>
<status status="PASS" start="2025-12-02T11:42:24.721113" elapsed="0.237308"/>
</kw>
<kw name="Click Button" owner="SeleniumLibrary">
<msg time="2025-12-02T11:42:24.959346" level="INFO">Clicking button 'id:btn3'.</msg>
<arg>${sec3_btn}</arg>
<doc>Clicks the button identified by ``locator``.</doc>
<status status="PASS" start="2025-12-02T11:42:24.958829" elapsed="0.130343"/>
</kw>
<kw name="Get WebElements" owner="SeleniumLibrary">
<msg time="2025-12-02T11:42:25.122348" level="INFO">${ele} = [&lt;selenium.webdriver.remote.webelement.WebElement (session="90cc16c272b9e2b4e85d75c7669083a9", element="f.4E58402E1C94569538B19D307FDE184B.d.60829B47622F99C0A2850B2C206ED8B9.e.329")&gt;, &lt;selenium.webdri...</msg>
<var>${ele}</var>
<arg>${footer_links}</arg>
<doc>Returns a list of WebElement objects matching the ``locator``.</doc>
<status status="PASS" start="2025-12-02T11:42:25.089583" elapsed="0.032875"/>
</kw>
<for flavor="IN">
<iter>
<kw name="Get Text" owner="SeleniumLibrary">
<msg time="2025-12-02T11:42:25.149096" level="INFO">${text} = Home</msg>
<var>${text}</var>
<arg>${index}</arg>
<doc>Returns the text value of the element identified by ``locator``.</doc>
<status status="PASS" start="2025-12-02T11:42:25.123624" elapsed="0.025569"/>
</kw>
<if>
<branch type="IF" condition="$text == 'Home'">
<kw name="Log To Console" owner="BuiltIn">
<arg>Skipping 'Home' link</arg>
<doc>Logs the given message to the console.</doc>
<status status="PASS" start="2025-12-02T11:42:25.150000" elapsed="0.000385"/>
</kw>
<continue>
<status status="PASS" start="2025-12-02T11:42:25.150555" elapsed="0.000169"/>
</continue>
<status status="PASS" start="2025-12-02T11:42:25.149436" elapsed="0.001431"/>
</branch>
<status status="PASS" start="2025-12-02T11:42:25.149388" elapsed="0.001627"/>
</if>
<kw name="Click Element" owner="SeleniumLibrary">
<arg>${index}</arg>
<doc>Click the element identified by ``locator``.</doc>
<status status="NOT RUN" start="2025-12-02T11:42:25.151274" elapsed="0.000124"/>
</kw>
<kw name="Go Back" owner="SeleniumLibrary">
<doc>Simulates the user clicking the back button on their browser.</doc>
<status status="NOT RUN" start="2025-12-02T11:42:25.151688" elapsed="0.000120"/>
</kw>
<kw name="Sleep" owner="BuiltIn">
<arg>1s</arg>
<doc>Pauses the test executed for the given time.</doc>
<status status="NOT RUN" start="2025-12-02T11:42:25.152074" elapsed="0.000114"/>
</kw>
<var name="${index}">&lt;selenium.webdriver.remote.webelement.WebElement (session="90cc16c272b9e2b4e85d75c7669083a9", element="f.4E58402E1C94569538B19D307FDE184B.d.60829B47622F99C0A2850B2C206ED8B9.e.329")&gt;</var>
<status status="PASS" start="2025-12-02T11:42:25.123284" elapsed="0.029033"/>
</iter>
<iter>
<kw name="Get Text" owner="SeleniumLibrary">
<msg time="2025-12-02T11:42:25.165551" level="INFO">${text} = Hidden Elements &amp; AJAX</msg>
<var>${text}</var>
<arg>${index}</arg>
<doc>Returns the text value of the element identified by ``locator``.</doc>
<status status="PASS" start="2025-12-02T11:42:25.153107" elapsed="0.012542"/>
</kw>
<if>
<branch type="IF" condition="$text == 'Home'">
<kw name="Log To Console" owner="BuiltIn">
<arg>Skipping 'Home' link</arg>
<doc>Logs the given message to the console.</doc>
<status status="NOT RUN" start="2025-12-02T11:42:25.166435" elapsed="0.000127"/>
</kw>
<continue>
<status status="NOT RUN" start="2025-12-02T11:42:25.166714" elapsed="0.000111"/>
</continue>
<status status="NOT RUN" start="2025-12-02T11:42:25.165904" elapsed="0.001038"/>
</branch>
<status status="PASS" start="2025-12-02T11:42:25.165857" elapsed="0.001220"/>
</if>
<kw name="Click Element" owner="SeleniumLibrary">
<msg time="2025-12-02T11:42:25.167761" level="INFO">Clicking element '&lt;selenium.webdriver.remote.webelement.WebElement (session="90cc16c272b9e2b4e85d75c7669083a9", element="f.4E58402E1C94569538B19D307FDE184B.d.60829B47622F99C0A2850B2C206ED8B9.e.330")&gt;'.</msg>
<arg>${index}</arg>
<doc>Click the element identified by ``locator``.</doc>
<status status="PASS" start="2025-12-02T11:42:25.167312" elapsed="1.938496"/>
</kw>
<kw name="Go Back" owner="SeleniumLibrary">
<doc>Simulates the user clicking the back button on their browser.</doc>
<status status="PASS" start="2025-12-02T11:42:27.106198" elapsed="0.043861"/>
</kw>
<kw name="Sleep" owner="BuiltIn">
<msg time="2025-12-02T11:42:28.154258" level="INFO">Slept 1 second.</msg>
<arg>1s</arg>
<doc>Pauses the test executed for the given time.</doc>
<status status="PASS" start="2025-12-02T11:42:27.150410" elapsed="1.004044"/>
</kw>
<var name="${index}">&lt;selenium.webdriver.remote.webelement.WebElement (session="90cc16c272b9e2b4e85d75c7669083a9", element="f.4E58402E1C94569538B19D307FDE184B.d.60829B47622F99C0A2850B2C206ED8B9.e.330")&gt;</var>
<status status="PASS" start="2025-12-02T11:42:25.152813" elapsed="3.001795"/>
</iter>
<iter>
<kw name="Get Text" owner="SeleniumLibrary">
<msg time="2025-12-02T11:42:28.167373" level="INFO">${text} = Download Files</msg>
<var>${text}</var>
<arg>${index}</arg>
<doc>Returns the text value of the element identified by ``locator``.</doc>
<status status="PASS" start="2025-12-02T11:42:28.155371" elapsed="0.012060"/>
</kw>
<if>
<branch type="IF" condition="$text == 'Home'">
<kw name="Log To Console" owner="BuiltIn">
<arg>Skipping 'Home' link</arg>
<doc>Logs the given message to the console.</doc>
<status status="NOT RUN" start="2025-12-02T11:42:28.167933" elapsed="0.000089"/>
</kw>
<continue>
<status status="NOT RUN" start="2025-12-02T11:42:28.168102" elapsed="0.000060"/>
</continue>
<status status="NOT RUN" start="2025-12-02T11:42:28.167589" elapsed="0.000627"/>
</branch>
<status status="PASS" start="2025-12-02T11:42:28.167560" elapsed="0.000708"/>
</if>
<kw name="Click Element" owner="SeleniumLibrary">
<msg time="2025-12-02T11:42:28.168674" level="INFO">Clicking element '&lt;selenium.webdriver.remote.webelement.WebElement (session="90cc16c272b9e2b4e85d75c7669083a9", element="f.4E58402E1C94569538B19D307FDE184B.d.60829B47622F99C0A2850B2C206ED8B9.e.331")&gt;'.</msg>
<arg>${index}</arg>
<doc>Click the element identified by ``locator``.</doc>
<status status="PASS" start="2025-12-02T11:42:28.168398" elapsed="1.862084"/>
</kw>
<kw name="Go Back" owner="SeleniumLibrary">
<doc>Simulates the user clicking the back button on their browser.</doc>
<status status="PASS" start="2025-12-02T11:42:30.030856" elapsed="0.032269"/>
</kw>
<kw name="Sleep" owner="BuiltIn">
<msg time="2025-12-02T11:42:31.064437" level="INFO">Slept 1 second.</msg>
<arg>1s</arg>
<doc>Pauses the test executed for the given time.</doc>
<status status="PASS" start="2025-12-02T11:42:30.063489" elapsed="1.001148"/>
</kw>
<var name="${index}">&lt;selenium.webdriver.remote.webelement.WebElement (session="90cc16c272b9e2b4e85d75c7669083a9", element="f.4E58402E1C94569538B19D307FDE184B.d.60829B47622F99C0A2850B2C206ED8B9.e.331")&gt;</var>
<status status="PASS" start="2025-12-02T11:42:28.155025" elapsed="2.909775"/>
</iter>
<var>${index}</var>
<value>@{ele}</value>
<status status="PASS" start="2025-12-02T11:42:25.122662" elapsed="5.942306"/>
</for>
<status status="PASS" start="2025-12-02T11:42:23.706928" elapsed="7.358277"/>
</kw>
<status status="PASS" start="2025-12-02T11:42:23.705679" elapsed="7.359810"/>
</test>
<status status="PASS" start="2025-12-02T11:41:38.788909" elapsed="52.277453"/>
</suite>
<status status="PASS" start="2025-12-02T11:41:38.766683" elapsed="52.301219"/>
</suite>
<statistics>
<total>
<stat pass="6" fail="0" skip="0">All Tests</stat>
</total>
<tag>
</tag>
<suite>
<stat name="Testcases" id="s1" pass="6" fail="0" skip="0">Testcases</stat>
<stat name="Test" id="s1-s1" pass="6" fail="0" skip="0">Testcases.Test</stat>
</suite>
</statistics>
<errors>
<msg time="2025-12-02T11:41:38.790129" level="ERROR">Error in file 'C:\Users\ASUS\PycharmProjects\RobotFramework\Testcases\test.robot' on line 2: Invalid resource file extension '.py'. Supported extensions are '.json', '.resource', '.rest', '.robot', '.rsrc', '.rst', '.tsv' and '.txt'.</msg>
</errors>
</robot>
