<?xml version="1.0" encoding="UTF-8"?>
<robot generator="Robot 7.3.2 (Python 3.13.5 on win32)" generated="2025-09-16T20:15:44.829897" rpa="false" schemaversion="5">
<suite id="s1" name="Test" source="C:\Users\ASUS\PycharmProjects\RobotFramework\TestCases\test.robot">
<test id="s1-t1" name="TC001_Checking the testing application with valid data" line="10">
<kw name="Open Browser and enter valid details" owner="keywords">
<kw name="Open Browser" owner="SeleniumLibrary">
<msg time="2025-09-16T20:15:45.747252" level="INFO">Opening browser 'chrome' to base url 'https://testautomationpractice.blogspot.com/#'.</msg>
<arg>${url}</arg>
<arg>${browser}</arg>
<doc>Opens a new browser instance to the optional ``url``.</doc>
<status status="PASS" start="2025-09-16T20:15:45.746982" elapsed="4.503449"/>
</kw>
<kw name="Maximize Browser Window" owner="SeleniumLibrary">
<doc>Maximizes current browser window.</doc>
<status status="PASS" start="2025-09-16T20:15:50.250857" elapsed="0.032500"/>
</kw>
<arg>${url}</arg>
<arg>${browser}</arg>
<status status="PASS" start="2025-09-16T20:15:45.745950" elapsed="4.537609"/>
</kw>
<kw name="Get Total Rows" owner="dataval">
<msg time="2025-09-16T20:15:50.556001" level="INFO">${total_row} = 1</msg>
<var>${total_row}</var>
<arg>${file}</arg>
<arg>${sheet}</arg>
<status status="PASS" start="2025-09-16T20:15:50.283986" elapsed="0.272072"/>
</kw>
<for flavor="IN RANGE">
<iter>
<kw name="Get Row" owner="dataval">
<msg time="2025-09-16T20:15:50.565240" level="INFO">${name_val} = srinikamalikutty</msg>
<var>${name_val}</var>
<arg>${file}</arg>
<arg>${sheet}</arg>
<arg>${i}</arg>
<arg>name</arg>
<status status="PASS" start="2025-09-16T20:15:50.556834" elapsed="0.008456"/>
</kw>
<kw name="Get Row" owner="dataval">
<msg time="2025-09-16T20:15:50.572078" level="INFO">${email_val} = srikamalikutty@123</msg>
<var>${email_val}</var>
<arg>${file}</arg>
<arg>${sheet}</arg>
<arg>${i}</arg>
<arg>email</arg>
<status status="PASS" start="2025-09-16T20:15:50.565464" elapsed="0.006660"/>
</kw>
<kw name="Get Row" owner="dataval">
<msg time="2025-09-16T20:15:50.581856" level="INFO">${cell} = 9988776655</msg>
<var>${cell}</var>
<arg>${file}</arg>
<arg>${sheet}</arg>
<arg>${i}</arg>
<arg>cell</arg>
<status status="PASS" start="2025-09-16T20:15:50.572297" elapsed="0.009609"/>
</kw>
<kw name="Get Row" owner="dataval">
<msg time="2025-09-16T20:15:50.588823" level="INFO">${address_val} = chennai</msg>
<var>${address_val}</var>
<arg>${file}</arg>
<arg>${sheet}</arg>
<arg>${i}</arg>
<arg>address</arg>
<status status="PASS" start="2025-09-16T20:15:50.582076" elapsed="0.006796"/>
</kw>
<kw name="Get Row" owner="dataval">
<msg time="2025-09-16T20:15:50.598435" level="INFO">${title_val} = Automation Testing Practice</msg>
<var>${title_val}</var>
<arg>${file}</arg>
<arg>${sheet}</arg>
<arg>${i}</arg>
<arg>title</arg>
<status status="PASS" start="2025-09-16T20:15:50.589046" elapsed="0.009437"/>
</kw>
<kw name="Get Row" owner="dataval">
<msg time="2025-09-16T20:15:50.605152" level="INFO">${country_val} = India</msg>
<var>${country_val}</var>
<arg>${file}</arg>
<arg>${sheet}</arg>
<arg>${i}</arg>
<arg>country</arg>
<status status="PASS" start="2025-09-16T20:15:50.598653" elapsed="0.006547"/>
</kw>
<kw name="Get Row" owner="dataval">
<msg time="2025-09-16T20:15:50.616236" level="INFO">${colors_val} = Blue</msg>
<var>${colors_val}</var>
<arg>${file}</arg>
<arg>${sheet}</arg>
<arg>${i}</arg>
<arg>colors</arg>
<status status="PASS" start="2025-09-16T20:15:50.605371" elapsed="0.010937"/>
</kw>
<kw name="Get Row" owner="dataval">
<msg time="2025-09-16T20:15:50.628099" level="INFO">${list_val} = Cat</msg>
<var>${list_val}</var>
<arg>${file}</arg>
<arg>${sheet}</arg>
<arg>${i}</arg>
<arg>animals</arg>
<status status="PASS" start="2025-09-16T20:15:50.616602" elapsed="0.011547"/>
</kw>
<kw name="Get Row" owner="dataval">
<msg time="2025-09-16T20:15:50.634861" level="INFO">${date1} = 09/02/2025</msg>
<var>${date1}</var>
<arg>${file}</arg>
<arg>${sheet}</arg>
<arg>${i}</arg>
<arg>date1</arg>
<status status="PASS" start="2025-09-16T20:15:50.628326" elapsed="0.006584"/>
</kw>
<kw name="Get Row" owner="dataval">
<msg time="2025-09-16T20:15:50.641923" level="INFO">${date2} = 02/09/2025</msg>
<var>${date2}</var>
<arg>${file}</arg>
<arg>${sheet}</arg>
<arg>${i}</arg>
<arg>date2</arg>
<status status="PASS" start="2025-09-16T20:15:50.635082" elapsed="0.006907"/>
</kw>
<kw name="Get Row" owner="dataval">
<msg time="2025-09-16T20:15:50.649577" level="INFO">${fromdate} = 02-09-2025</msg>
<var>${fromdate}</var>
<arg>${file}</arg>
<arg>${sheet}</arg>
<arg>${i}</arg>
<arg>from</arg>
<status status="PASS" start="2025-09-16T20:15:50.642241" elapsed="0.007385"/>
</kw>
<kw name="Get Row" owner="dataval">
<msg time="2025-09-16T20:15:50.656319" level="INFO">${todate} = 02-09-2025</msg>
<var>${todate}</var>
<arg>${file}</arg>
<arg>${sheet}</arg>
<arg>${i}</arg>
<arg>to</arg>
<status status="PASS" start="2025-09-16T20:15:50.649805" elapsed="0.006567"/>
</kw>
<kw name="Get Row" owner="dataval">
<msg time="2025-09-16T20:15:50.663892" level="INFO">${file1_msg} = Single file selected: 107_S2058_110_0406.pdf, Size: 119649 bytes, Type: application/pdf</msg>
<var>${file1_msg}</var>
<arg>${file}</arg>
<arg>${sheet}</arg>
<arg>${i}</arg>
<arg>msg1</arg>
<status status="PASS" start="2025-09-16T20:15:50.656537" elapsed="0.007404"/>
</kw>
<kw name="Get Row" owner="dataval">
<msg time="2025-09-16T20:15:50.671385" level="INFO">${file2_msg} = Multiple files selected:
107_S2058_110_0406.pdf, Size: 119649 bytes, Type: application/pdf</msg>
<var>${file2_msg}</var>
<arg>${file}</arg>
<arg>${sheet}</arg>
<arg>${i}</arg>
<arg>msg2</arg>
<status status="PASS" start="2025-09-16T20:15:50.664122" elapsed="0.007332"/>
</kw>
<kw name="Enter the information" owner="keywords">
<kw name="Get Title" owner="SeleniumLibrary">
<msg time="2025-09-16T20:15:50.681063" level="INFO">${title} = Automation Testing Practice</msg>
<var>${title}</var>
<doc>Returns the title of the current page.</doc>
<status status="PASS" start="2025-09-16T20:15:50.673973" elapsed="0.007137"/>
</kw>
<kw name="Log To Console" owner="BuiltIn">
<arg>${title}</arg>
<doc>Logs the given message to the console.</doc>
<status status="PASS" start="2025-09-16T20:15:50.681273" elapsed="0.000348"/>
</kw>
<kw name="Run Keyword And Return Status" owner="BuiltIn">
<kw name="Should Be Equal" owner="BuiltIn">
<arg>${title}</arg>
<arg>${title_val}</arg>
<doc>Fails if the given objects are unequal.</doc>
<status status="PASS" start="2025-09-16T20:15:50.681966" elapsed="0.000205"/>
</kw>
<msg time="2025-09-16T20:15:50.682276" level="INFO">${sts} = True</msg>
<var>${sts}</var>
<arg>Should Be Equal</arg>
<arg>${title}</arg>
<arg>${title_val}</arg>
<doc>Runs the given keyword with given arguments and returns the status as a Boolean value.</doc>
<status status="PASS" start="2025-09-16T20:15:50.681786" elapsed="0.000520"/>
</kw>
<if>
<branch type="IF" condition="${sts}">
<kw name="Log To Console" owner="BuiltIn">
<arg>Matched!!!!</arg>
<doc>Logs the given message to the console.</doc>
<status status="PASS" start="2025-09-16T20:15:50.682595" elapsed="0.000262"/>
</kw>
<status status="PASS" start="2025-09-16T20:15:50.682428" elapsed="0.000502"/>
</branch>
<branch type="ELSE">
<kw name="Run Keyword And Continue On Failure" owner="BuiltIn">
<doc>Runs the keyword and continues execution even if a failure occurs.</doc>
<status status="NOT RUN" start="2025-09-16T20:15:50.683116" elapsed="0.000040"/>
</kw>
<kw name="Fail" owner="BuiltIn">
<arg>Failed!!!</arg>
<doc>Fails the test with the given message and optionally alters its tags.</doc>
<status status="NOT RUN" start="2025-09-16T20:15:50.683263" elapsed="0.000030"/>
</kw>
<status status="NOT RUN" start="2025-09-16T20:15:50.682985" elapsed="0.000350"/>
</branch>
<status status="PASS" start="2025-09-16T20:15:50.682395" elapsed="0.000980"/>
</if>
<kw name="Log To Console" owner="BuiltIn">
<arg>${name}</arg>
<doc>Logs the given message to the console.</doc>
<status status="PASS" start="2025-09-16T20:15:50.683469" elapsed="0.001083"/>
</kw>
<kw name="Wait Until Element Is Visible" owner="SeleniumLibrary">
<arg>${name}</arg>
<arg>${time}</arg>
<doc>Waits until the element ``locator`` is visible.</doc>
<status status="PASS" start="2025-09-16T20:15:50.684927" elapsed="0.027211"/>
</kw>
<kw name="Run Keyword And Continue On Failure" owner="BuiltIn">
<kw name="Input Text" owner="SeleniumLibrary">
<msg time="2025-09-16T20:15:50.713025" level="INFO">Typing text 'srinikamalikutty' into text field 'id:name'.</msg>
<arg>${name}</arg>
<arg>${name_val}</arg>
<doc>Types the given ``text`` into the text field identified by ``locator``.</doc>
<status status="PASS" start="2025-09-16T20:15:50.712693" elapsed="0.183425"/>
</kw>
<arg>Input Text</arg>
<arg>${name}</arg>
<arg>${name_val}</arg>
<doc>Runs the keyword and continues execution even if a failure occurs.</doc>
<status status="PASS" start="2025-09-16T20:15:50.712418" elapsed="0.183867"/>
</kw>
<kw name="Wait Until Element Is Visible" owner="SeleniumLibrary">
<arg>${email}</arg>
<arg>${time}</arg>
<doc>Waits until the element ``locator`` is visible.</doc>
<status status="PASS" start="2025-09-16T20:15:50.896556" elapsed="0.066787"/>
</kw>
<kw name="Run Keyword And Continue On Failure" owner="BuiltIn">
<kw name="Input Text" owner="SeleniumLibrary">
<msg time="2025-09-16T20:15:50.963969" level="INFO">Typing text 'srikamalikutty@123' into text field 'id:email'.</msg>
<arg>${email}</arg>
<arg>${email_val}</arg>
<doc>Types the given ``text`` into the text field identified by ``locator``.</doc>
<status status="PASS" start="2025-09-16T20:15:50.963735" elapsed="0.108896"/>
</kw>
<arg>Input Text</arg>
<arg>${email}</arg>
<arg>${email_val}</arg>
<doc>Runs the keyword and continues execution even if a failure occurs.</doc>
<status status="PASS" start="2025-09-16T20:15:50.963551" elapsed="0.109195"/>
</kw>
<kw name="Wait Until Element Is Visible" owner="SeleniumLibrary">
<arg>${phone}</arg>
<arg>${time}</arg>
<doc>Waits until the element ``locator`` is visible.</doc>
<status status="PASS" start="2025-09-16T20:15:51.072913" elapsed="0.017210"/>
</kw>
<kw name="Run Keyword And Continue On Failure" owner="BuiltIn">
<kw name="Input Text" owner="SeleniumLibrary">
<msg time="2025-09-16T20:15:51.090776" level="INFO">Typing text '9988776655' into text field 'id:phone'.</msg>
<arg>${phone}</arg>
<arg>${cell}</arg>
<doc>Types the given ``text`` into the text field identified by ``locator``.</doc>
<status status="PASS" start="2025-09-16T20:15:51.090508" elapsed="0.093131"/>
</kw>
<arg>Input Text</arg>
<arg>${phone}</arg>
<arg>${cell}</arg>
<doc>Runs the keyword and continues execution even if a failure occurs.</doc>
<status status="PASS" start="2025-09-16T20:15:51.090327" elapsed="0.093426"/>
</kw>
<kw name="Wait Until Element Is Visible" owner="SeleniumLibrary">
<arg>${textarea}</arg>
<arg>${time}</arg>
<doc>Waits until the element ``locator`` is visible.</doc>
<status status="PASS" start="2025-09-16T20:15:51.183935" elapsed="0.019686"/>
</kw>
<kw name="Run Keyword And Continue On Failure" owner="BuiltIn">
<kw name="Input Text" owner="SeleniumLibrary">
<msg time="2025-09-16T20:15:51.204339" level="INFO">Typing text 'chennai' into text field 'id:textarea'.</msg>
<arg>${textarea}</arg>
<arg>${address_val}</arg>
<doc>Types the given ``text`` into the text field identified by ``locator``.</doc>
<status status="PASS" start="2025-09-16T20:15:51.204068" elapsed="0.086055"/>
</kw>
<arg>Input Text</arg>
<arg>${textarea}</arg>
<arg>${address_val}</arg>
<doc>Runs the keyword and continues execution even if a failure occurs.</doc>
<status status="PASS" start="2025-09-16T20:15:51.203846" elapsed="0.086497"/>
</kw>
<kw name="Run Keyword And Continue On Failure" owner="BuiltIn">
<kw name="Click Element" owner="SeleniumLibrary">
<msg time="2025-09-16T20:15:51.291320" level="INFO">Clicking element 'id:male'.</msg>
<arg>${gender}</arg>
<doc>Click the element identified by ``locator``.</doc>
<status status="PASS" start="2025-09-16T20:15:51.290994" elapsed="0.078373"/>
</kw>
<arg>Click Element</arg>
<arg>${gender}</arg>
<doc>Runs the keyword and continues execution even if a failure occurs.</doc>
<status status="PASS" start="2025-09-16T20:15:51.290685" elapsed="0.078893"/>
</kw>
<kw name="Get WebElements" owner="SeleniumLibrary">
<msg time="2025-09-16T20:15:51.382456" level="INFO">${list} = [&lt;selenium.webdriver.remote.webelement.WebElement (session="92a10f4c7382a7fc69d19c5a25d128bb", element="f.29E379AC6E79BBBFFFE07203492AAC95.d.5ADFA80EA915602731EE3446FE78C44F.e.42")&gt;, &lt;selenium.webdriv...</msg>
<var>${list}</var>
<arg>${days_checkbox}</arg>
<doc>Returns a list of WebElement objects matching the ``locator``.</doc>
<status status="PASS" start="2025-09-16T20:15:51.369768" elapsed="0.012741"/>
</kw>
<for flavor="IN">
<iter>
<kw name="Select Checkbox" owner="SeleniumLibrary">
<msg time="2025-09-16T20:15:51.383140" level="INFO">Selecting checkbox '&lt;selenium.webdriver.remote.webelement.WebElement (session="92a10f4c7382a7fc69d19c5a25d128bb", element="f.29E379AC6E79BBBFFFE07203492AAC95.d.5ADFA80EA915602731EE3446FE78C44F.e.42")&gt;'.</msg>
<arg>${i}</arg>
<doc>Selects the checkbox identified by ``locator``.</doc>
<status status="PASS" start="2025-09-16T20:15:51.382943" elapsed="0.070153"/>
</kw>
<var name="${i}">&lt;selenium.webdriver.remote.webelement.WebElement (session="92a10f4c7382a7fc69d19c5a25d128bb", element="f.29E379AC6E79BBBFFFE07203492AAC95.d.5ADFA80EA915602731EE3446FE78C44F.e.42")&gt;</var>
<status status="PASS" start="2025-09-16T20:15:51.382812" elapsed="0.070366"/>
</iter>
<iter>
<kw name="Select Checkbox" owner="SeleniumLibrary">
<msg time="2025-09-16T20:15:51.453667" level="INFO">Selecting checkbox '&lt;selenium.webdriver.remote.webelement.WebElement (session="92a10f4c7382a7fc69d19c5a25d128bb", element="f.29E379AC6E79BBBFFFE07203492AAC95.d.5ADFA80EA915602731EE3446FE78C44F.e.43")&gt;'.</msg>
<arg>${i}</arg>
<doc>Selects the checkbox identified by ``locator``.</doc>
<status status="PASS" start="2025-09-16T20:15:51.453462" elapsed="0.111014"/>
</kw>
<var name="${i}">&lt;selenium.webdriver.remote.webelement.WebElement (session="92a10f4c7382a7fc69d19c5a25d128bb", element="f.29E379AC6E79BBBFFFE07203492AAC95.d.5ADFA80EA915602731EE3446FE78C44F.e.43")&gt;</var>
<status status="PASS" start="2025-09-16T20:15:51.453334" elapsed="0.111321"/>
</iter>
<iter>
<kw name="Select Checkbox" owner="SeleniumLibrary">
<msg time="2025-09-16T20:15:51.565384" level="INFO">Selecting checkbox '&lt;selenium.webdriver.remote.webelement.WebElement (session="92a10f4c7382a7fc69d19c5a25d128bb", element="f.29E379AC6E79BBBFFFE07203492AAC95.d.5ADFA80EA915602731EE3446FE78C44F.e.44")&gt;'.</msg>
<arg>${i}</arg>
<doc>Selects the checkbox identified by ``locator``.</doc>
<status status="PASS" start="2025-09-16T20:15:51.565104" elapsed="0.054567"/>
</kw>
<var name="${i}">&lt;selenium.webdriver.remote.webelement.WebElement (session="92a10f4c7382a7fc69d19c5a25d128bb", element="f.29E379AC6E79BBBFFFE07203492AAC95.d.5ADFA80EA915602731EE3446FE78C44F.e.44")&gt;</var>
<status status="PASS" start="2025-09-16T20:15:51.564954" elapsed="0.054895"/>
</iter>
<iter>
<kw name="Select Checkbox" owner="SeleniumLibrary">
<msg time="2025-09-16T20:15:51.620548" level="INFO">Selecting checkbox '&lt;selenium.webdriver.remote.webelement.WebElement (session="92a10f4c7382a7fc69d19c5a25d128bb", element="f.29E379AC6E79BBBFFFE07203492AAC95.d.5ADFA80EA915602731EE3446FE78C44F.e.45")&gt;'.</msg>
<arg>${i}</arg>
<doc>Selects the checkbox identified by ``locator``.</doc>
<status status="PASS" start="2025-09-16T20:15:51.620264" elapsed="0.052108"/>
</kw>
<var name="${i}">&lt;selenium.webdriver.remote.webelement.WebElement (session="92a10f4c7382a7fc69d19c5a25d128bb", element="f.29E379AC6E79BBBFFFE07203492AAC95.d.5ADFA80EA915602731EE3446FE78C44F.e.45")&gt;</var>
<status status="PASS" start="2025-09-16T20:15:51.620106" elapsed="0.052379"/>
</iter>
<iter>
<kw name="Select Checkbox" owner="SeleniumLibrary">
<msg time="2025-09-16T20:15:51.673222" level="INFO">Selecting checkbox '&lt;selenium.webdriver.remote.webelement.WebElement (session="92a10f4c7382a7fc69d19c5a25d128bb", element="f.29E379AC6E79BBBFFFE07203492AAC95.d.5ADFA80EA915602731EE3446FE78C44F.e.46")&gt;'.</msg>
<arg>${i}</arg>
<doc>Selects the checkbox identified by ``locator``.</doc>
<status status="PASS" start="2025-09-16T20:15:51.672820" elapsed="0.177083"/>
</kw>
<var name="${i}">&lt;selenium.webdriver.remote.webelement.WebElement (session="92a10f4c7382a7fc69d19c5a25d128bb", element="f.29E379AC6E79BBBFFFE07203492AAC95.d.5ADFA80EA915602731EE3446FE78C44F.e.46")&gt;</var>
<status status="PASS" start="2025-09-16T20:15:51.672669" elapsed="0.177354"/>
</iter>
<iter>
<kw name="Select Checkbox" owner="SeleniumLibrary">
<msg time="2025-09-16T20:15:51.850667" level="INFO">Selecting checkbox '&lt;selenium.webdriver.remote.webelement.WebElement (session="92a10f4c7382a7fc69d19c5a25d128bb", element="f.29E379AC6E79BBBFFFE07203492AAC95.d.5ADFA80EA915602731EE3446FE78C44F.e.47")&gt;'.</msg>
<arg>${i}</arg>
<doc>Selects the checkbox identified by ``locator``.</doc>
<status status="PASS" start="2025-09-16T20:15:51.850396" elapsed="0.161921"/>
</kw>
<var name="${i}">&lt;selenium.webdriver.remote.webelement.WebElement (session="92a10f4c7382a7fc69d19c5a25d128bb", element="f.29E379AC6E79BBBFFFE07203492AAC95.d.5ADFA80EA915602731EE3446FE78C44F.e.47")&gt;</var>
<status status="PASS" start="2025-09-16T20:15:51.850219" elapsed="0.162207"/>
</iter>
<iter>
<kw name="Select Checkbox" owner="SeleniumLibrary">
<msg time="2025-09-16T20:15:52.013065" level="INFO">Selecting checkbox '&lt;selenium.webdriver.remote.webelement.WebElement (session="92a10f4c7382a7fc69d19c5a25d128bb", element="f.29E379AC6E79BBBFFFE07203492AAC95.d.5ADFA80EA915602731EE3446FE78C44F.e.48")&gt;'.</msg>
<arg>${i}</arg>
<doc>Selects the checkbox identified by ``locator``.</doc>
<status status="PASS" start="2025-09-16T20:15:52.012792" elapsed="0.088193"/>
</kw>
<var name="${i}">&lt;selenium.webdriver.remote.webelement.WebElement (session="92a10f4c7382a7fc69d19c5a25d128bb", element="f.29E379AC6E79BBBFFFE07203492AAC95.d.5ADFA80EA915602731EE3446FE78C44F.e.48")&gt;</var>
<status status="PASS" start="2025-09-16T20:15:52.012619" elapsed="0.088476"/>
</iter>
<var>${i}</var>
<value>@{list}</value>
<status status="PASS" start="2025-09-16T20:15:51.382615" elapsed="0.718576"/>
</for>
<kw name="Wait Until Element Is Visible" owner="SeleniumLibrary">
<arg>${country}</arg>
<arg>${time}</arg>
<doc>Waits until the element ``locator`` is visible.</doc>
<status status="PASS" start="2025-09-16T20:15:52.101426" elapsed="0.021119"/>
</kw>
<kw name="Run Keyword And Continue On Failure" owner="BuiltIn">
<kw name="Select From List By Label" owner="SeleniumLibrary">
<msg time="2025-09-16T20:15:52.123219" level="INFO">Selecting options from selection list 'id:country' by label India.</msg>
<arg>${country}</arg>
<arg>${country_val}</arg>
<doc>Selects options from selection list ``locator`` by ``labels``.</doc>
<status status="PASS" start="2025-09-16T20:15:52.122984" elapsed="0.084538"/>
</kw>
<arg>Select From List By Label</arg>
<arg>${country}</arg>
<arg>${country_val}</arg>
<doc>Runs the keyword and continues execution even if a failure occurs.</doc>
<status status="PASS" start="2025-09-16T20:15:52.122780" elapsed="0.084867"/>
</kw>
<kw name="Wait Until Element Is Visible" owner="SeleniumLibrary">
<arg>${colors}</arg>
<arg>${time}</arg>
<doc>Waits until the element ``locator`` is visible.</doc>
<status status="PASS" start="2025-09-16T20:15:52.207847" elapsed="0.021289"/>
</kw>
<kw name="Run Keyword And Continue On Failure" owner="BuiltIn">
<kw name="Select From List By Label" owner="SeleniumLibrary">
<msg time="2025-09-16T20:15:52.230021" level="INFO">Selecting options from selection list 'id:colors' by label Blue.</msg>
<arg>${colors}</arg>
<arg>${colors_val}</arg>
<doc>Selects options from selection list ``locator`` by ``labels``.</doc>
<status status="PASS" start="2025-09-16T20:15:52.229721" elapsed="0.101714"/>
</kw>
<arg>Select From List By Label</arg>
<arg>${colors}</arg>
<arg>${colors_val}</arg>
<doc>Runs the keyword and continues execution even if a failure occurs.</doc>
<status status="PASS" start="2025-09-16T20:15:52.229461" elapsed="0.102175"/>
</kw>
<kw name="Wait Until Element Is Visible" owner="SeleniumLibrary">
<arg>${animalslist}</arg>
<arg>${time}</arg>
<doc>Waits until the element ``locator`` is visible.</doc>
<status status="PASS" start="2025-09-16T20:15:52.331925" elapsed="0.020731"/>
</kw>
<kw name="Run Keyword And Continue On Failure" owner="BuiltIn">
<kw name="Select From List By Label" owner="SeleniumLibrary">
<msg time="2025-09-16T20:15:52.353603" level="INFO">Selecting options from selection list 'id:animals' by label Cat.</msg>
<arg>${animalslist}</arg>
<arg>${list_val}</arg>
<doc>Selects options from selection list ``locator`` by ``labels``.</doc>
<status status="PASS" start="2025-09-16T20:15:52.353181" elapsed="0.087412"/>
</kw>
<arg>Select From List By Label</arg>
<arg>${animalslist}</arg>
<arg>${list_val}</arg>
<doc>Runs the keyword and continues execution even if a failure occurs.</doc>
<status status="PASS" start="2025-09-16T20:15:52.352882" elapsed="0.087827"/>
</kw>
<kw name="Wait Until Element Is Visible" owner="SeleniumLibrary">
<arg>${datepicker1}</arg>
<arg>${time}</arg>
<doc>Waits until the element ``locator`` is visible.</doc>
<status status="PASS" start="2025-09-16T20:15:52.440874" elapsed="0.019950"/>
</kw>
<kw name="Execute Javascript" owner="SeleniumLibrary">
<msg time="2025-09-16T20:15:52.461613" level="INFO">Executing JavaScript:
document.getElementById("datepicker").value = "09/02/2025"
Without any arguments.</msg>
<arg>document.getElementById("datepicker").value = "${date1}"</arg>
<doc>Executes the given JavaScript code with possible arguments.</doc>
<status status="PASS" start="2025-09-16T20:15:52.461040" elapsed="0.005278"/>
</kw>
<kw name="Execute Javascript" owner="SeleniumLibrary">
<msg time="2025-09-16T20:15:52.466958" level="INFO">Executing JavaScript:
document.getElementById("txtDate").value = "02/09/2025"
Without any arguments.</msg>
<arg>document.getElementById("txtDate").value = "${date2}"</arg>
<doc>Executes the given JavaScript code with possible arguments.</doc>
<status status="PASS" start="2025-09-16T20:15:52.466516" elapsed="0.004414"/>
</kw>
<kw name="Wait Until Element Is Visible" owner="SeleniumLibrary">
<arg>${startdate}</arg>
<arg>${time}</arg>
<doc>Waits until the element ``locator`` is visible.</doc>
<status status="PASS" start="2025-09-16T20:15:52.471123" elapsed="0.023497"/>
</kw>
<kw name="Run Keyword And Continue On Failure" owner="BuiltIn">
<kw name="Input Text" owner="SeleniumLibrary">
<msg time="2025-09-16T20:15:52.495576" level="INFO">Typing text '02-09-2025' into text field 'id:start-date'.</msg>
<arg>${startdate}</arg>
<arg>${fromdate}</arg>
<doc>Types the given ``text`` into the text field identified by ``locator``.</doc>
<status status="PASS" start="2025-09-16T20:15:52.495206" elapsed="0.092503"/>
</kw>
<arg>Input Text</arg>
<arg>${startdate}</arg>
<arg>${fromdate}</arg>
<doc>Runs the keyword and continues execution even if a failure occurs.</doc>
<status status="PASS" start="2025-09-16T20:15:52.494917" elapsed="0.092956"/>
</kw>
<kw name="Wait Until Element Is Visible" owner="SeleniumLibrary">
<arg>${enddate}</arg>
<arg>${time}</arg>
<doc>Waits until the element ``locator`` is visible.</doc>
<status status="PASS" start="2025-09-16T20:15:52.588144" elapsed="0.023469"/>
</kw>
<kw name="Run Keyword And Continue On Failure" owner="BuiltIn">
<kw name="Input Text" owner="SeleniumLibrary">
<msg time="2025-09-16T20:15:52.612651" level="INFO">Typing text '02-09-2025' into text field 'id:end-date'.</msg>
<arg>${enddate}</arg>
<arg>${todate}</arg>
<doc>Types the given ``text`` into the text field identified by ``locator``.</doc>
<status status="PASS" start="2025-09-16T20:15:52.612248" elapsed="0.085402"/>
</kw>
<arg>Input Text</arg>
<arg>${enddate}</arg>
<arg>${todate}</arg>
<doc>Runs the keyword and continues execution even if a failure occurs.</doc>
<status status="PASS" start="2025-09-16T20:15:52.611926" elapsed="0.085888"/>
</kw>
<kw name="Wait Until Element Is Visible" owner="SeleniumLibrary">
<arg>${submit_btn}</arg>
<arg>${time}</arg>
<doc>Waits until the element ``locator`` is visible.</doc>
<status status="PASS" start="2025-09-16T20:15:52.698191" elapsed="0.018345"/>
</kw>
<kw name="Run Keyword And Continue On Failure" owner="BuiltIn">
<kw name="Click Button" owner="SeleniumLibrary">
<msg time="2025-09-16T20:15:52.717557" level="INFO">Clicking button 'xpath://button[@class='submit-btn']'.</msg>
<arg>${submit_btn}</arg>
<doc>Clicks the button identified by ``locator``.</doc>
<status status="PASS" start="2025-09-16T20:15:52.717224" elapsed="0.079086"/>
</kw>
<arg>Click Button</arg>
<arg>${submit_btn}</arg>
<doc>Runs the keyword and continues execution even if a failure occurs.</doc>
<status status="PASS" start="2025-09-16T20:15:52.716844" elapsed="0.079573"/>
</kw>
<arg>${name_val}</arg>
<arg>${title_val}</arg>
<arg>${email_val}</arg>
<arg>${cell}</arg>
<arg>${address_val}</arg>
<arg>${country_val}</arg>
<arg>${colors_val}</arg>
<arg>${list_val}</arg>
<arg>${date1}</arg>
<arg>${date2}</arg>
<arg>${fromdate}</arg>
<arg>${todate}</arg>
<status status="PASS" start="2025-09-16T20:15:50.672573" elapsed="2.123943"/>
</kw>
<kw name="Uploading the documents and getting table values" owner="keywords">
<kw name="Wait Until Element Is Visible" owner="SeleniumLibrary">
<arg>${file1_data}</arg>
<arg>${time}</arg>
<doc>Waits until the element ``locator`` is visible.</doc>
<status status="PASS" start="2025-09-16T20:15:52.797357" elapsed="0.022719"/>
</kw>
<kw name="Choose File" owner="SeleniumLibrary">
<msg time="2025-09-16T20:15:52.820806" level="INFO">Sending C:\Users\ASUS\PycharmProjects\RobotFramework\Resources\Data\107_S2058_110_0406.pdf to browser.</msg>
<arg>${file1_data}</arg>
<arg>${file1_val}</arg>
<doc>Inputs the ``file_path`` into the file input field ``locator``.</doc>
<status status="PASS" start="2025-09-16T20:15:52.820368" elapsed="0.028899"/>
</kw>
<kw name="Wait Until Element Is Visible" owner="SeleniumLibrary">
<arg>${upload_fiele}</arg>
<arg>${time}</arg>
<doc>Waits until the element ``locator`` is visible.</doc>
<status status="PASS" start="2025-09-16T20:15:52.849478" elapsed="0.019732"/>
</kw>
<kw name="Click Element" owner="SeleniumLibrary">
<msg time="2025-09-16T20:15:52.869771" level="INFO">Clicking element 'xpath://button[text()='Upload Single File']'.</msg>
<arg>${upload_fiele}</arg>
<doc>Click the element identified by ``locator``.</doc>
<status status="PASS" start="2025-09-16T20:15:52.869503" elapsed="0.062465"/>
</kw>
<kw name="Wait Until Element Is Visible" owner="SeleniumLibrary">
<arg>${success_msg1}</arg>
<arg>${time}</arg>
<doc>Waits until the element ``locator`` is visible.</doc>
<status status="PASS" start="2025-09-16T20:15:52.932158" elapsed="0.017826"/>
</kw>
<kw name="Get Text" owner="SeleniumLibrary">
<msg time="2025-09-16T20:15:52.970252" level="INFO">${msg_1} = Single file selected: 107_S2058_110_0406.pdf, Size: 119649 bytes, Type: application/pdf</msg>
<var>${msg_1}</var>
<arg>${success_msg1}</arg>
<doc>Returns the text value of the element identified by ``locator``.</doc>
<status status="PASS" start="2025-09-16T20:15:52.950187" elapsed="0.020114"/>
</kw>
<kw name="Log To Console" owner="BuiltIn">
<arg>${msg_1}</arg>
<doc>Logs the given message to the console.</doc>
<status status="PASS" start="2025-09-16T20:15:52.970471" elapsed="0.000319"/>
</kw>
<kw name="Run Keyword And Return Status" owner="BuiltIn">
<kw name="Should Be Equal" owner="BuiltIn">
<arg>${msg_1}</arg>
<arg>${file1_msg}</arg>
<doc>Fails if the given objects are unequal.</doc>
<status status="PASS" start="2025-09-16T20:15:52.971149" elapsed="0.000204"/>
</kw>
<msg time="2025-09-16T20:15:52.971456" level="INFO">${file_sts} = True</msg>
<var>${file_sts}</var>
<arg>Should Be equal</arg>
<arg>${msg_1}</arg>
<arg>${file1_msg}</arg>
<doc>Runs the given keyword with given arguments and returns the status as a Boolean value.</doc>
<status status="PASS" start="2025-09-16T20:15:52.970968" elapsed="0.000517"/>
</kw>
<kw name="Log To Console" owner="BuiltIn">
<arg>${file1_msg}</arg>
<doc>Logs the given message to the console.</doc>
<status status="PASS" start="2025-09-16T20:15:52.971601" elapsed="0.000228"/>
</kw>
<kw name="Log To Console" owner="BuiltIn">
<arg>${file_sts}</arg>
<doc>Logs the given message to the console.</doc>
<status status="PASS" start="2025-09-16T20:15:52.971958" elapsed="0.000227"/>
</kw>
<if>
<branch type="IF" condition="${file_sts}">
<kw name="Log To Console" owner="BuiltIn">
<arg>sucesss</arg>
<doc>Logs the given message to the console.</doc>
<status status="PASS" start="2025-09-16T20:15:52.972459" elapsed="0.000196"/>
</kw>
<status status="PASS" start="2025-09-16T20:15:52.972298" elapsed="0.000416"/>
</branch>
<branch type="ELSE">
<kw name="Run Keyword And Continue On Failure" owner="BuiltIn">
<arg>Log to console</arg>
<arg>Fail but run</arg>
<doc>Runs the keyword and continues execution even if a failure occurs.</doc>
<status status="NOT RUN" start="2025-09-16T20:15:52.972880" elapsed="0.000033"/>
</kw>
<kw name="Fail" owner="BuiltIn">
<arg>Notmatching</arg>
<doc>Fails the test with the given message and optionally alters its tags.</doc>
<status status="NOT RUN" start="2025-09-16T20:15:52.973025" elapsed="0.000030"/>
</kw>
<status status="NOT RUN" start="2025-09-16T20:15:52.972762" elapsed="0.000338"/>
</branch>
<status status="PASS" start="2025-09-16T20:15:52.972271" elapsed="0.000867"/>
</if>
<kw name="Wait Until Element Is Visible" owner="SeleniumLibrary">
<arg>${file2_data}</arg>
<arg>${time}</arg>
<doc>Waits until the element ``locator`` is visible.</doc>
<status status="PASS" start="2025-09-16T20:15:52.973243" elapsed="0.017630"/>
</kw>
<kw name="Choose File" owner="SeleniumLibrary">
<msg time="2025-09-16T20:15:52.991659" level="INFO">Sending C:\Users\ASUS\PycharmProjects\RobotFramework\Resources\Data\107_S2058_110_0406.pdf to browser.</msg>
<arg>${file2_data}</arg>
<arg>${file2_val}</arg>
<doc>Inputs the ``file_path`` into the file input field ``locator``.</doc>
<status status="PASS" start="2025-09-16T20:15:52.991057" elapsed="0.025479"/>
</kw>
<kw name="Wait Until Element Is Visible" owner="SeleniumLibrary">
<arg>${upload_file2}</arg>
<arg>${time}</arg>
<doc>Waits until the element ``locator`` is visible.</doc>
<status status="PASS" start="2025-09-16T20:15:53.016731" elapsed="0.017472"/>
</kw>
<kw name="Click Element" owner="SeleniumLibrary">
<msg time="2025-09-16T20:15:53.034624" level="INFO">Clicking element 'xpath://button[text()='Upload Multiple Files']'.</msg>
<arg>${upload_file2}</arg>
<doc>Click the element identified by ``locator``.</doc>
<status status="PASS" start="2025-09-16T20:15:53.034399" elapsed="0.056569"/>
</kw>
<kw name="Wait Until Element Is Visible" owner="SeleniumLibrary">
<arg>${success_msg2}</arg>
<arg>${time}</arg>
<doc>Waits until the element ``locator`` is visible.</doc>
<status status="PASS" start="2025-09-16T20:15:53.091157" elapsed="0.021713"/>
</kw>
<kw name="Get Text" owner="SeleniumLibrary">
<msg time="2025-09-16T20:15:53.128750" level="INFO">${msg_2} = Multiple files selected:
107_S2058_110_0406.pdf, Size: 119649 bytes, Type: application/pdf</msg>
<var>${msg_2}</var>
<arg>${success_msg2}</arg>
<doc>Returns the text value of the element identified by ``locator``.</doc>
<status status="PASS" start="2025-09-16T20:15:53.113071" elapsed="0.015733"/>
</kw>
<kw name="Log To Console" owner="BuiltIn">
<arg>${msg_2}</arg>
<doc>Logs the given message to the console.</doc>
<status status="PASS" start="2025-09-16T20:15:53.128989" elapsed="0.000345"/>
</kw>
<kw name="Log To Console" owner="BuiltIn">
<arg>${file2_msg}</arg>
<doc>Logs the given message to the console.</doc>
<status status="PASS" start="2025-09-16T20:15:53.129498" elapsed="0.000277"/>
</kw>
<kw name="Run Keyword And Return Status" owner="BuiltIn">
<kw name="Should Be Equal" owner="BuiltIn">
<arg>${msg_2}</arg>
<arg>${file2_msg}</arg>
<doc>Fails if the given objects are unequal.</doc>
<status status="PASS" start="2025-09-16T20:15:53.130086" elapsed="0.000200"/>
</kw>
<msg time="2025-09-16T20:15:53.130517" level="INFO">${file_sts1} = True</msg>
<var>${file_sts1}</var>
<arg>Should Be equal</arg>
<arg>${msg_2}</arg>
<arg>${file2_msg}</arg>
<doc>Runs the given keyword with given arguments and returns the status as a Boolean value.</doc>
<status status="PASS" start="2025-09-16T20:15:53.129924" elapsed="0.000625"/>
</kw>
<if>
<branch type="IF" condition="${file_sts1}">
<kw name="Log To Console" owner="BuiltIn">
<arg>sucesss</arg>
<doc>Logs the given message to the console.</doc>
<status status="PASS" start="2025-09-16T20:15:53.130813" elapsed="0.000201"/>
</kw>
<status status="PASS" start="2025-09-16T20:15:53.130656" elapsed="0.000421"/>
</branch>
<branch type="ELSE">
<kw name="Run Keyword And Continue On Failure" owner="BuiltIn">
<arg>Log to console</arg>
<arg>Fail but run</arg>
<doc>Runs the keyword and continues execution even if a failure occurs.</doc>
<status status="NOT RUN" start="2025-09-16T20:15:53.131256" elapsed="0.000034"/>
</kw>
<kw name="Fail" owner="BuiltIn">
<arg>Notmatching</arg>
<doc>Fails the test with the given message and optionally alters its tags.</doc>
<status status="NOT RUN" start="2025-09-16T20:15:53.131404" elapsed="0.000031"/>
</kw>
<status status="NOT RUN" start="2025-09-16T20:15:53.131131" elapsed="0.000351"/>
</branch>
<status status="PASS" start="2025-09-16T20:15:53.130632" elapsed="0.000889"/>
</if>
<arg>${file1_val}</arg>
<arg>${file2_val}</arg>
<arg>${file1_msg}</arg>
<arg>${file2_msg}</arg>
<status status="PASS" start="2025-09-16T20:15:52.796913" elapsed="0.334667"/>
</kw>
<var name="${i}">0</var>
<status status="PASS" start="2025-09-16T20:15:50.556692" elapsed="2.574944"/>
</iter>
<var>${i}</var>
<value>0</value>
<value>${total_row}</value>
<status status="PASS" start="2025-09-16T20:15:50.556370" elapsed="2.575322"/>
</for>
<status status="PASS" start="2025-09-16T20:15:45.745133" elapsed="7.386810"/>
</test>
<test id="s1-t2" name="TC003_Reading the table values" line="35">
<kw name="Reading the table values" owner="keywords">
<kw name="Create File" owner="OperatingSystem">
<msg time="2025-09-16T20:15:53.133873" level="INFO" html="true">Created file '&lt;a href="file://C:\Users\ASUS\PycharmProjects\RobotFramework\Resources\Data\logs.txt"&gt;C:\Users\ASUS\PycharmProjects\RobotFramework\Resources\Data\logs.txt&lt;/a&gt;'.</msg>
<arg>${path}</arg>
<doc>Creates a file with the given content and encoding.</doc>
<status status="PASS" start="2025-09-16T20:15:53.133261" elapsed="0.000701"/>
</kw>
<kw name="Get WebElements" owner="SeleniumLibrary">
<msg time="2025-09-16T20:15:53.146747" level="INFO">${tb_val} = [&lt;selenium.webdriver.remote.webelement.WebElement (session="92a10f4c7382a7fc69d19c5a25d128bb", element="f.29E379AC6E79BBBFFFE07203492AAC95.d.5ADFA80EA915602731EE3446FE78C44F.e.126")&gt;, &lt;selenium.webdri...</msg>
<var>${tb_val}</var>
<arg>${table}</arg>
<doc>Returns a list of WebElement objects matching the ``locator``.</doc>
<status status="PASS" start="2025-09-16T20:15:53.134111" elapsed="0.012712"/>
</kw>
<for flavor="IN">
<iter>
<kw name="Get Text" owner="SeleniumLibrary">
<msg time="2025-09-16T20:15:53.154531" level="INFO">${txt} = Learn Selenium</msg>
<var>${txt}</var>
<arg>${i}</arg>
<doc>Returns the text value of the element identified by ``locator``.</doc>
<status status="PASS" start="2025-09-16T20:15:53.147479" elapsed="0.007102"/>
</kw>
<kw name="Append To File" owner="OperatingSystem">
<msg time="2025-09-16T20:15:53.155427" level="INFO" html="true">Appended to file '&lt;a href="file://C:\Users\ASUS\PycharmProjects\RobotFramework\Resources\Data\logs.txt"&gt;C:\Users\ASUS\PycharmProjects\RobotFramework\Resources\Data\logs.txt&lt;/a&gt;'.</msg>
<arg>${path}</arg>
<arg>${txt}\n</arg>
<doc>Appends the given content to the specified file.</doc>
<status status="PASS" start="2025-09-16T20:15:53.154756" elapsed="0.000782"/>
</kw>
<var name="${i}">&lt;selenium.webdriver.remote.webelement.WebElement (session="92a10f4c7382a7fc69d19c5a25d128bb", element="f.29E379AC6E79BBBFFFE07203492AAC95.d.5ADFA80EA915602731EE3446FE78C44F.e.126")&gt;</var>
<status status="PASS" start="2025-09-16T20:15:53.147285" elapsed="0.008331"/>
</iter>
<iter>
<kw name="Get Text" owner="SeleniumLibrary">
<msg time="2025-09-16T20:15:53.165108" level="INFO">${txt} = Amit</msg>
<var>${txt}</var>
<arg>${i}</arg>
<doc>Returns the text value of the element identified by ``locator``.</doc>
<status status="PASS" start="2025-09-16T20:15:53.155940" elapsed="0.009218"/>
</kw>
<kw name="Append To File" owner="OperatingSystem">
<msg time="2025-09-16T20:15:53.165989" level="INFO" html="true">Appended to file '&lt;a href="file://C:\Users\ASUS\PycharmProjects\RobotFramework\Resources\Data\logs.txt"&gt;C:\Users\ASUS\PycharmProjects\RobotFramework\Resources\Data\logs.txt&lt;/a&gt;'.</msg>
<arg>${path}</arg>
<arg>${txt}\n</arg>
<doc>Appends the given content to the specified file.</doc>
<status status="PASS" start="2025-09-16T20:15:53.165328" elapsed="0.000774"/>
</kw>
<var name="${i}">&lt;selenium.webdriver.remote.webelement.WebElement (session="92a10f4c7382a7fc69d19c5a25d128bb", element="f.29E379AC6E79BBBFFFE07203492AAC95.d.5ADFA80EA915602731EE3446FE78C44F.e.127")&gt;</var>
<status status="PASS" start="2025-09-16T20:15:53.155776" elapsed="0.010398"/>
</iter>
<iter>
<kw name="Get Text" owner="SeleniumLibrary">
<msg time="2025-09-16T20:15:53.173363" level="INFO">${txt} = Selenium</msg>
<var>${txt}</var>
<arg>${i}</arg>
<doc>Returns the text value of the element identified by ``locator``.</doc>
<status status="PASS" start="2025-09-16T20:15:53.166458" elapsed="0.006953"/>
</kw>
<kw name="Append To File" owner="OperatingSystem">
<msg time="2025-09-16T20:15:53.174217" level="INFO" html="true">Appended to file '&lt;a href="file://C:\Users\ASUS\PycharmProjects\RobotFramework\Resources\Data\logs.txt"&gt;C:\Users\ASUS\PycharmProjects\RobotFramework\Resources\Data\logs.txt&lt;/a&gt;'.</msg>
<arg>${path}</arg>
<arg>${txt}\n</arg>
<doc>Appends the given content to the specified file.</doc>
<status status="PASS" start="2025-09-16T20:15:53.173572" elapsed="0.000752"/>
</kw>
<var name="${i}">&lt;selenium.webdriver.remote.webelement.WebElement (session="92a10f4c7382a7fc69d19c5a25d128bb", element="f.29E379AC6E79BBBFFFE07203492AAC95.d.5ADFA80EA915602731EE3446FE78C44F.e.128")&gt;</var>
<status status="PASS" start="2025-09-16T20:15:53.166322" elapsed="0.008080"/>
</iter>
<iter>
<kw name="Get Text" owner="SeleniumLibrary">
<msg time="2025-09-16T20:15:53.182771" level="INFO">${txt} = 300</msg>
<var>${txt}</var>
<arg>${i}</arg>
<doc>Returns the text value of the element identified by ``locator``.</doc>
<status status="PASS" start="2025-09-16T20:15:53.174818" elapsed="0.008001"/>
</kw>
<kw name="Append To File" owner="OperatingSystem">
<msg time="2025-09-16T20:15:53.183635" level="INFO" html="true">Appended to file '&lt;a href="file://C:\Users\ASUS\PycharmProjects\RobotFramework\Resources\Data\logs.txt"&gt;C:\Users\ASUS\PycharmProjects\RobotFramework\Resources\Data\logs.txt&lt;/a&gt;'.</msg>
<arg>${path}</arg>
<arg>${txt}\n</arg>
<doc>Appends the given content to the specified file.</doc>
<status status="PASS" start="2025-09-16T20:15:53.182990" elapsed="0.000753"/>
</kw>
<var name="${i}">&lt;selenium.webdriver.remote.webelement.WebElement (session="92a10f4c7382a7fc69d19c5a25d128bb", element="f.29E379AC6E79BBBFFFE07203492AAC95.d.5ADFA80EA915602731EE3446FE78C44F.e.129")&gt;</var>
<status status="PASS" start="2025-09-16T20:15:53.174545" elapsed="0.009266"/>
</iter>
<iter>
<kw name="Get Text" owner="SeleniumLibrary">
<msg time="2025-09-16T20:15:53.190948" level="INFO">${txt} = Learn Java</msg>
<var>${txt}</var>
<arg>${i}</arg>
<doc>Returns the text value of the element identified by ``locator``.</doc>
<status status="PASS" start="2025-09-16T20:15:53.184083" elapsed="0.006914"/>
</kw>
<kw name="Append To File" owner="OperatingSystem">
<msg time="2025-09-16T20:15:53.192432" level="INFO" html="true">Appended to file '&lt;a href="file://C:\Users\ASUS\PycharmProjects\RobotFramework\Resources\Data\logs.txt"&gt;C:\Users\ASUS\PycharmProjects\RobotFramework\Resources\Data\logs.txt&lt;/a&gt;'.</msg>
<arg>${path}</arg>
<arg>${txt}\n</arg>
<doc>Appends the given content to the specified file.</doc>
<status status="PASS" start="2025-09-16T20:15:53.191164" elapsed="0.001428"/>
</kw>
<var name="${i}">&lt;selenium.webdriver.remote.webelement.WebElement (session="92a10f4c7382a7fc69d19c5a25d128bb", element="f.29E379AC6E79BBBFFFE07203492AAC95.d.5ADFA80EA915602731EE3446FE78C44F.e.130")&gt;</var>
<status status="PASS" start="2025-09-16T20:15:53.183960" elapsed="0.008747"/>
</iter>
<iter>
<kw name="Get Text" owner="SeleniumLibrary">
<msg time="2025-09-16T20:15:53.200417" level="INFO">${txt} = Mukesh</msg>
<var>${txt}</var>
<arg>${i}</arg>
<doc>Returns the text value of the element identified by ``locator``.</doc>
<status status="PASS" start="2025-09-16T20:15:53.193204" elapsed="0.007262"/>
</kw>
<kw name="Append To File" owner="OperatingSystem">
<msg time="2025-09-16T20:15:53.201280" level="INFO" html="true">Appended to file '&lt;a href="file://C:\Users\ASUS\PycharmProjects\RobotFramework\Resources\Data\logs.txt"&gt;C:\Users\ASUS\PycharmProjects\RobotFramework\Resources\Data\logs.txt&lt;/a&gt;'.</msg>
<arg>${path}</arg>
<arg>${txt}\n</arg>
<doc>Appends the given content to the specified file.</doc>
<status status="PASS" start="2025-09-16T20:15:53.200634" elapsed="0.000752"/>
</kw>
<var name="${i}">&lt;selenium.webdriver.remote.webelement.WebElement (session="92a10f4c7382a7fc69d19c5a25d128bb", element="f.29E379AC6E79BBBFFFE07203492AAC95.d.5ADFA80EA915602731EE3446FE78C44F.e.131")&gt;</var>
<status status="PASS" start="2025-09-16T20:15:53.192965" elapsed="0.008490"/>
</iter>
<iter>
<kw name="Get Text" owner="SeleniumLibrary">
<msg time="2025-09-16T20:15:53.209782" level="INFO">${txt} = Java</msg>
<var>${txt}</var>
<arg>${i}</arg>
<doc>Returns the text value of the element identified by ``locator``.</doc>
<status status="PASS" start="2025-09-16T20:15:53.201730" elapsed="0.008145"/>
</kw>
<kw name="Append To File" owner="OperatingSystem">
<msg time="2025-09-16T20:15:53.211165" level="INFO" html="true">Appended to file '&lt;a href="file://C:\Users\ASUS\PycharmProjects\RobotFramework\Resources\Data\logs.txt"&gt;C:\Users\ASUS\PycharmProjects\RobotFramework\Resources\Data\logs.txt&lt;/a&gt;'.</msg>
<arg>${path}</arg>
<arg>${txt}\n</arg>
<doc>Appends the given content to the specified file.</doc>
<status status="PASS" start="2025-09-16T20:15:53.210226" elapsed="0.001064"/>
</kw>
<var name="${i}">&lt;selenium.webdriver.remote.webelement.WebElement (session="92a10f4c7382a7fc69d19c5a25d128bb", element="f.29E379AC6E79BBBFFFE07203492AAC95.d.5ADFA80EA915602731EE3446FE78C44F.e.132")&gt;</var>
<status status="PASS" start="2025-09-16T20:15:53.201607" elapsed="0.009759"/>
</iter>
<iter>
<kw name="Get Text" owner="SeleniumLibrary">
<msg time="2025-09-16T20:15:53.218948" level="INFO">${txt} = 500</msg>
<var>${txt}</var>
<arg>${i}</arg>
<doc>Returns the text value of the element identified by ``locator``.</doc>
<status status="PASS" start="2025-09-16T20:15:53.212053" elapsed="0.006943"/>
</kw>
<kw name="Append To File" owner="OperatingSystem">
<msg time="2025-09-16T20:15:53.219819" level="INFO" html="true">Appended to file '&lt;a href="file://C:\Users\ASUS\PycharmProjects\RobotFramework\Resources\Data\logs.txt"&gt;C:\Users\ASUS\PycharmProjects\RobotFramework\Resources\Data\logs.txt&lt;/a&gt;'.</msg>
<arg>${path}</arg>
<arg>${txt}\n</arg>
<doc>Appends the given content to the specified file.</doc>
<status status="PASS" start="2025-09-16T20:15:53.219165" elapsed="0.000760"/>
</kw>
<var name="${i}">&lt;selenium.webdriver.remote.webelement.WebElement (session="92a10f4c7382a7fc69d19c5a25d128bb", element="f.29E379AC6E79BBBFFFE07203492AAC95.d.5ADFA80EA915602731EE3446FE78C44F.e.133")&gt;</var>
<status status="PASS" start="2025-09-16T20:15:53.211517" elapsed="0.008474"/>
</iter>
<iter>
<kw name="Get Text" owner="SeleniumLibrary">
<msg time="2025-09-16T20:15:53.228075" level="INFO">${txt} = Learn JS</msg>
<var>${txt}</var>
<arg>${i}</arg>
<doc>Returns the text value of the element identified by ``locator``.</doc>
<status status="PASS" start="2025-09-16T20:15:53.220260" elapsed="0.007890"/>
</kw>
<kw name="Append To File" owner="OperatingSystem">
<msg time="2025-09-16T20:15:53.229030" level="INFO" html="true">Appended to file '&lt;a href="file://C:\Users\ASUS\PycharmProjects\RobotFramework\Resources\Data\logs.txt"&gt;C:\Users\ASUS\PycharmProjects\RobotFramework\Resources\Data\logs.txt&lt;/a&gt;'.</msg>
<arg>${path}</arg>
<arg>${txt}\n</arg>
<doc>Appends the given content to the specified file.</doc>
<status status="PASS" start="2025-09-16T20:15:53.228355" elapsed="0.000784"/>
</kw>
<var name="${i}">&lt;selenium.webdriver.remote.webelement.WebElement (session="92a10f4c7382a7fc69d19c5a25d128bb", element="f.29E379AC6E79BBBFFFE07203492AAC95.d.5ADFA80EA915602731EE3446FE78C44F.e.134")&gt;</var>
<status status="PASS" start="2025-09-16T20:15:53.220139" elapsed="0.009070"/>
</iter>
<iter>
<kw name="Get Text" owner="SeleniumLibrary">
<msg time="2025-09-16T20:15:53.236334" level="INFO">${txt} = Animesh</msg>
<var>${txt}</var>
<arg>${i}</arg>
<doc>Returns the text value of the element identified by ``locator``.</doc>
<status status="PASS" start="2025-09-16T20:15:53.229486" elapsed="0.006896"/>
</kw>
<kw name="Append To File" owner="OperatingSystem">
<msg time="2025-09-16T20:15:53.237198" level="INFO" html="true">Appended to file '&lt;a href="file://C:\Users\ASUS\PycharmProjects\RobotFramework\Resources\Data\logs.txt"&gt;C:\Users\ASUS\PycharmProjects\RobotFramework\Resources\Data\logs.txt&lt;/a&gt;'.</msg>
<arg>${path}</arg>
<arg>${txt}\n</arg>
<doc>Appends the given content to the specified file.</doc>
<status status="PASS" start="2025-09-16T20:15:53.236549" elapsed="0.000757"/>
</kw>
<var name="${i}">&lt;selenium.webdriver.remote.webelement.WebElement (session="92a10f4c7382a7fc69d19c5a25d128bb", element="f.29E379AC6E79BBBFFFE07203492AAC95.d.5ADFA80EA915602731EE3446FE78C44F.e.135")&gt;</var>
<status status="PASS" start="2025-09-16T20:15:53.229361" elapsed="0.008012"/>
</iter>
<iter>
<kw name="Get Text" owner="SeleniumLibrary">
<msg time="2025-09-16T20:15:53.245401" level="INFO">${txt} = Javascript</msg>
<var>${txt}</var>
<arg>${i}</arg>
<doc>Returns the text value of the element identified by ``locator``.</doc>
<status status="PASS" start="2025-09-16T20:15:53.237635" elapsed="0.007814"/>
</kw>
<kw name="Append To File" owner="OperatingSystem">
<msg time="2025-09-16T20:15:53.246276" level="INFO" html="true">Appended to file '&lt;a href="file://C:\Users\ASUS\PycharmProjects\RobotFramework\Resources\Data\logs.txt"&gt;C:\Users\ASUS\PycharmProjects\RobotFramework\Resources\Data\logs.txt&lt;/a&gt;'.</msg>
<arg>${path}</arg>
<arg>${txt}\n</arg>
<doc>Appends the given content to the specified file.</doc>
<status status="PASS" start="2025-09-16T20:15:53.245618" elapsed="0.000765"/>
</kw>
<var name="${i}">&lt;selenium.webdriver.remote.webelement.WebElement (session="92a10f4c7382a7fc69d19c5a25d128bb", element="f.29E379AC6E79BBBFFFE07203492AAC95.d.5ADFA80EA915602731EE3446FE78C44F.e.136")&gt;</var>
<status status="PASS" start="2025-09-16T20:15:53.237511" elapsed="0.008936"/>
</iter>
<iter>
<kw name="Get Text" owner="SeleniumLibrary">
<msg time="2025-09-16T20:15:53.253606" level="INFO">${txt} = 300</msg>
<var>${txt}</var>
<arg>${i}</arg>
<doc>Returns the text value of the element identified by ``locator``.</doc>
<status status="PASS" start="2025-09-16T20:15:53.246724" elapsed="0.006929"/>
</kw>
<kw name="Append To File" owner="OperatingSystem">
<msg time="2025-09-16T20:15:53.254455" level="INFO" html="true">Appended to file '&lt;a href="file://C:\Users\ASUS\PycharmProjects\RobotFramework\Resources\Data\logs.txt"&gt;C:\Users\ASUS\PycharmProjects\RobotFramework\Resources\Data\logs.txt&lt;/a&gt;'.</msg>
<arg>${path}</arg>
<arg>${txt}\n</arg>
<doc>Appends the given content to the specified file.</doc>
<status status="PASS" start="2025-09-16T20:15:53.253819" elapsed="0.000744"/>
</kw>
<var name="${i}">&lt;selenium.webdriver.remote.webelement.WebElement (session="92a10f4c7382a7fc69d19c5a25d128bb", element="f.29E379AC6E79BBBFFFE07203492AAC95.d.5ADFA80EA915602731EE3446FE78C44F.e.137")&gt;</var>
<status status="PASS" start="2025-09-16T20:15:53.246600" elapsed="0.008113"/>
</iter>
<iter>
<kw name="Get Text" owner="SeleniumLibrary">
<msg time="2025-09-16T20:15:53.263058" level="INFO">${txt} = Master In Selenium</msg>
<var>${txt}</var>
<arg>${i}</arg>
<doc>Returns the text value of the element identified by ``locator``.</doc>
<status status="PASS" start="2025-09-16T20:15:53.255014" elapsed="0.008094"/>
</kw>
<kw name="Append To File" owner="OperatingSystem">
<msg time="2025-09-16T20:15:53.263974" level="INFO" html="true">Appended to file '&lt;a href="file://C:\Users\ASUS\PycharmProjects\RobotFramework\Resources\Data\logs.txt"&gt;C:\Users\ASUS\PycharmProjects\RobotFramework\Resources\Data\logs.txt&lt;/a&gt;'.</msg>
<arg>${path}</arg>
<arg>${txt}\n</arg>
<doc>Appends the given content to the specified file.</doc>
<status status="PASS" start="2025-09-16T20:15:53.263276" elapsed="0.000797"/>
</kw>
<var name="${i}">&lt;selenium.webdriver.remote.webelement.WebElement (session="92a10f4c7382a7fc69d19c5a25d128bb", element="f.29E379AC6E79BBBFFFE07203492AAC95.d.5ADFA80EA915602731EE3446FE78C44F.e.138")&gt;</var>
<status status="PASS" start="2025-09-16T20:15:53.254861" elapsed="0.009287"/>
</iter>
<iter>
<kw name="Get Text" owner="SeleniumLibrary">
<msg time="2025-09-16T20:15:53.271254" level="INFO">${txt} = Mukesh</msg>
<var>${txt}</var>
<arg>${i}</arg>
<doc>Returns the text value of the element identified by ``locator``.</doc>
<status status="PASS" start="2025-09-16T20:15:53.264451" elapsed="0.006849"/>
</kw>
<kw name="Append To File" owner="OperatingSystem">
<msg time="2025-09-16T20:15:53.272113" level="INFO" html="true">Appended to file '&lt;a href="file://C:\Users\ASUS\PycharmProjects\RobotFramework\Resources\Data\logs.txt"&gt;C:\Users\ASUS\PycharmProjects\RobotFramework\Resources\Data\logs.txt&lt;/a&gt;'.</msg>
<arg>${path}</arg>
<arg>${txt}\n</arg>
<doc>Appends the given content to the specified file.</doc>
<status status="PASS" start="2025-09-16T20:15:53.271470" elapsed="0.000756"/>
</kw>
<var name="${i}">&lt;selenium.webdriver.remote.webelement.WebElement (session="92a10f4c7382a7fc69d19c5a25d128bb", element="f.29E379AC6E79BBBFFFE07203492AAC95.d.5ADFA80EA915602731EE3446FE78C44F.e.139")&gt;</var>
<status status="PASS" start="2025-09-16T20:15:53.264305" elapsed="0.007990"/>
</iter>
<iter>
<kw name="Get Text" owner="SeleniumLibrary">
<msg time="2025-09-16T20:15:53.280284" level="INFO">${txt} = Selenium</msg>
<var>${txt}</var>
<arg>${i}</arg>
<doc>Returns the text value of the element identified by ``locator``.</doc>
<status status="PASS" start="2025-09-16T20:15:53.272563" elapsed="0.007769"/>
</kw>
<kw name="Append To File" owner="OperatingSystem">
<msg time="2025-09-16T20:15:53.281163" level="INFO" html="true">Appended to file '&lt;a href="file://C:\Users\ASUS\PycharmProjects\RobotFramework\Resources\Data\logs.txt"&gt;C:\Users\ASUS\PycharmProjects\RobotFramework\Resources\Data\logs.txt&lt;/a&gt;'.</msg>
<arg>${path}</arg>
<arg>${txt}\n</arg>
<doc>Appends the given content to the specified file.</doc>
<status status="PASS" start="2025-09-16T20:15:53.280510" elapsed="0.000762"/>
</kw>
<var name="${i}">&lt;selenium.webdriver.remote.webelement.WebElement (session="92a10f4c7382a7fc69d19c5a25d128bb", element="f.29E379AC6E79BBBFFFE07203492AAC95.d.5ADFA80EA915602731EE3446FE78C44F.e.140")&gt;</var>
<status status="PASS" start="2025-09-16T20:15:53.272438" elapsed="0.008904"/>
</iter>
<iter>
<kw name="Get Text" owner="SeleniumLibrary">
<msg time="2025-09-16T20:15:53.288400" level="INFO">${txt} = 3000</msg>
<var>${txt}</var>
<arg>${i}</arg>
<doc>Returns the text value of the element identified by ``locator``.</doc>
<status status="PASS" start="2025-09-16T20:15:53.281620" elapsed="0.006828"/>
</kw>
<kw name="Append To File" owner="OperatingSystem">
<msg time="2025-09-16T20:15:53.289273" level="INFO" html="true">Appended to file '&lt;a href="file://C:\Users\ASUS\PycharmProjects\RobotFramework\Resources\Data\logs.txt"&gt;C:\Users\ASUS\PycharmProjects\RobotFramework\Resources\Data\logs.txt&lt;/a&gt;'.</msg>
<arg>${path}</arg>
<arg>${txt}\n</arg>
<doc>Appends the given content to the specified file.</doc>
<status status="PASS" start="2025-09-16T20:15:53.288616" elapsed="0.000765"/>
</kw>
<var name="${i}">&lt;selenium.webdriver.remote.webelement.WebElement (session="92a10f4c7382a7fc69d19c5a25d128bb", element="f.29E379AC6E79BBBFFFE07203492AAC95.d.5ADFA80EA915602731EE3446FE78C44F.e.141")&gt;</var>
<status status="PASS" start="2025-09-16T20:15:53.281494" elapsed="0.007964"/>
</iter>
<iter>
<kw name="Get Text" owner="SeleniumLibrary">
<msg time="2025-09-16T20:15:53.298021" level="INFO">${txt} = Master In Java</msg>
<var>${txt}</var>
<arg>${i}</arg>
<doc>Returns the text value of the element identified by ``locator``.</doc>
<status status="PASS" start="2025-09-16T20:15:53.289727" elapsed="0.008343"/>
</kw>
<kw name="Append To File" owner="OperatingSystem">
<msg time="2025-09-16T20:15:53.298894" level="INFO" html="true">Appended to file '&lt;a href="file://C:\Users\ASUS\PycharmProjects\RobotFramework\Resources\Data\logs.txt"&gt;C:\Users\ASUS\PycharmProjects\RobotFramework\Resources\Data\logs.txt&lt;/a&gt;'.</msg>
<arg>${path}</arg>
<arg>${txt}\n</arg>
<doc>Appends the given content to the specified file.</doc>
<status status="PASS" start="2025-09-16T20:15:53.298237" elapsed="0.000765"/>
</kw>
<var name="${i}">&lt;selenium.webdriver.remote.webelement.WebElement (session="92a10f4c7382a7fc69d19c5a25d128bb", element="f.29E379AC6E79BBBFFFE07203492AAC95.d.5ADFA80EA915602731EE3446FE78C44F.e.142")&gt;</var>
<status status="PASS" start="2025-09-16T20:15:53.289604" elapsed="0.009465"/>
</iter>
<iter>
<kw name="Get Text" owner="SeleniumLibrary">
<msg time="2025-09-16T20:15:53.306197" level="INFO">${txt} = Amod</msg>
<var>${txt}</var>
<arg>${i}</arg>
<doc>Returns the text value of the element identified by ``locator``.</doc>
<status status="PASS" start="2025-09-16T20:15:53.299331" elapsed="0.006913"/>
</kw>
<kw name="Append To File" owner="OperatingSystem">
<msg time="2025-09-16T20:15:53.307069" level="INFO" html="true">Appended to file '&lt;a href="file://C:\Users\ASUS\PycharmProjects\RobotFramework\Resources\Data\logs.txt"&gt;C:\Users\ASUS\PycharmProjects\RobotFramework\Resources\Data\logs.txt&lt;/a&gt;'.</msg>
<arg>${path}</arg>
<arg>${txt}\n</arg>
<doc>Appends the given content to the specified file.</doc>
<status status="PASS" start="2025-09-16T20:15:53.306412" elapsed="0.000771"/>
</kw>
<var name="${i}">&lt;selenium.webdriver.remote.webelement.WebElement (session="92a10f4c7382a7fc69d19c5a25d128bb", element="f.29E379AC6E79BBBFFFE07203492AAC95.d.5ADFA80EA915602731EE3446FE78C44F.e.143")&gt;</var>
<status status="PASS" start="2025-09-16T20:15:53.299210" elapsed="0.008040"/>
</iter>
<iter>
<kw name="Get Text" owner="SeleniumLibrary">
<msg time="2025-09-16T20:15:53.315535" level="INFO">${txt} = JAVA</msg>
<var>${txt}</var>
<arg>${i}</arg>
<doc>Returns the text value of the element identified by ``locator``.</doc>
<status status="PASS" start="2025-09-16T20:15:53.307514" elapsed="0.008069"/>
</kw>
<kw name="Append To File" owner="OperatingSystem">
<msg time="2025-09-16T20:15:53.316414" level="INFO" html="true">Appended to file '&lt;a href="file://C:\Users\ASUS\PycharmProjects\RobotFramework\Resources\Data\logs.txt"&gt;C:\Users\ASUS\PycharmProjects\RobotFramework\Resources\Data\logs.txt&lt;/a&gt;'.</msg>
<arg>${path}</arg>
<arg>${txt}\n</arg>
<doc>Appends the given content to the specified file.</doc>
<status status="PASS" start="2025-09-16T20:15:53.315752" elapsed="0.000767"/>
</kw>
<var name="${i}">&lt;selenium.webdriver.remote.webelement.WebElement (session="92a10f4c7382a7fc69d19c5a25d128bb", element="f.29E379AC6E79BBBFFFE07203492AAC95.d.5ADFA80EA915602731EE3446FE78C44F.e.144")&gt;</var>
<status status="PASS" start="2025-09-16T20:15:53.307391" elapsed="0.009191"/>
</iter>
<iter>
<kw name="Get Text" owner="SeleniumLibrary">
<msg time="2025-09-16T20:15:53.323841" level="INFO">${txt} = 2000</msg>
<var>${txt}</var>
<arg>${i}</arg>
<doc>Returns the text value of the element identified by ``locator``.</doc>
<status status="PASS" start="2025-09-16T20:15:53.316940" elapsed="0.006948"/>
</kw>
<kw name="Append To File" owner="OperatingSystem">
<msg time="2025-09-16T20:15:53.324883" level="INFO" html="true">Appended to file '&lt;a href="file://C:\Users\ASUS\PycharmProjects\RobotFramework\Resources\Data\logs.txt"&gt;C:\Users\ASUS\PycharmProjects\RobotFramework\Resources\Data\logs.txt&lt;/a&gt;'.</msg>
<arg>${path}</arg>
<arg>${txt}\n</arg>
<doc>Appends the given content to the specified file.</doc>
<status status="PASS" start="2025-09-16T20:15:53.324054" elapsed="0.001026"/>
</kw>
<var name="${i}">&lt;selenium.webdriver.remote.webelement.WebElement (session="92a10f4c7382a7fc69d19c5a25d128bb", element="f.29E379AC6E79BBBFFFE07203492AAC95.d.5ADFA80EA915602731EE3446FE78C44F.e.145")&gt;</var>
<status status="PASS" start="2025-09-16T20:15:53.316782" elapsed="0.008440"/>
</iter>
<iter>
<kw name="Get Text" owner="SeleniumLibrary">
<msg time="2025-09-16T20:15:53.333057" level="INFO">${txt} = Master In JS</msg>
<var>${txt}</var>
<arg>${i}</arg>
<doc>Returns the text value of the element identified by ``locator``.</doc>
<status status="PASS" start="2025-09-16T20:15:53.325794" elapsed="0.007311"/>
</kw>
<kw name="Append To File" owner="OperatingSystem">
<msg time="2025-09-16T20:15:53.333912" level="INFO" html="true">Appended to file '&lt;a href="file://C:\Users\ASUS\PycharmProjects\RobotFramework\Resources\Data\logs.txt"&gt;C:\Users\ASUS\PycharmProjects\RobotFramework\Resources\Data\logs.txt&lt;/a&gt;'.</msg>
<arg>${path}</arg>
<arg>${txt}\n</arg>
<doc>Appends the given content to the specified file.</doc>
<status status="PASS" start="2025-09-16T20:15:53.333274" elapsed="0.000743"/>
</kw>
<var name="${i}">&lt;selenium.webdriver.remote.webelement.WebElement (session="92a10f4c7382a7fc69d19c5a25d128bb", element="f.29E379AC6E79BBBFFFE07203492AAC95.d.5ADFA80EA915602731EE3446FE78C44F.e.146")&gt;</var>
<status status="PASS" start="2025-09-16T20:15:53.325537" elapsed="0.008547"/>
</iter>
<iter>
<kw name="Get Text" owner="SeleniumLibrary">
<msg time="2025-09-16T20:15:53.341125" level="INFO">${txt} = Amit</msg>
<var>${txt}</var>
<arg>${i}</arg>
<doc>Returns the text value of the element identified by ``locator``.</doc>
<status status="PASS" start="2025-09-16T20:15:53.334351" elapsed="0.006821"/>
</kw>
<kw name="Append To File" owner="OperatingSystem">
<msg time="2025-09-16T20:15:53.342717" level="INFO" html="true">Appended to file '&lt;a href="file://C:\Users\ASUS\PycharmProjects\RobotFramework\Resources\Data\logs.txt"&gt;C:\Users\ASUS\PycharmProjects\RobotFramework\Resources\Data\logs.txt&lt;/a&gt;'.</msg>
<arg>${path}</arg>
<arg>${txt}\n</arg>
<doc>Appends the given content to the specified file.</doc>
<status status="PASS" start="2025-09-16T20:15:53.341600" elapsed="0.001290"/>
</kw>
<var name="${i}">&lt;selenium.webdriver.remote.webelement.WebElement (session="92a10f4c7382a7fc69d19c5a25d128bb", element="f.29E379AC6E79BBBFFFE07203492AAC95.d.5ADFA80EA915602731EE3446FE78C44F.e.147")&gt;</var>
<status status="PASS" start="2025-09-16T20:15:53.334227" elapsed="0.008770"/>
</iter>
<iter>
<kw name="Get Text" owner="SeleniumLibrary">
<msg time="2025-09-16T20:15:53.350334" level="INFO">${txt} = Javascript</msg>
<var>${txt}</var>
<arg>${i}</arg>
<doc>Returns the text value of the element identified by ``locator``.</doc>
<status status="PASS" start="2025-09-16T20:15:53.343525" elapsed="0.006858"/>
</kw>
<kw name="Append To File" owner="OperatingSystem">
<msg time="2025-09-16T20:15:53.351206" level="INFO" html="true">Appended to file '&lt;a href="file://C:\Users\ASUS\PycharmProjects\RobotFramework\Resources\Data\logs.txt"&gt;C:\Users\ASUS\PycharmProjects\RobotFramework\Resources\Data\logs.txt&lt;/a&gt;'.</msg>
<arg>${path}</arg>
<arg>${txt}\n</arg>
<doc>Appends the given content to the specified file.</doc>
<status status="PASS" start="2025-09-16T20:15:53.350552" elapsed="0.000762"/>
</kw>
<var name="${i}">&lt;selenium.webdriver.remote.webelement.WebElement (session="92a10f4c7382a7fc69d19c5a25d128bb", element="f.29E379AC6E79BBBFFFE07203492AAC95.d.5ADFA80EA915602731EE3446FE78C44F.e.148")&gt;</var>
<status status="PASS" start="2025-09-16T20:15:53.343301" elapsed="0.008082"/>
</iter>
<iter>
<kw name="Get Text" owner="SeleniumLibrary">
<msg time="2025-09-16T20:15:53.359053" level="INFO">${txt} = 1000</msg>
<var>${txt}</var>
<arg>${i}</arg>
<doc>Returns the text value of the element identified by ``locator``.</doc>
<status status="PASS" start="2025-09-16T20:15:53.351656" elapsed="0.007453"/>
</kw>
<kw name="Append To File" owner="OperatingSystem">
<msg time="2025-09-16T20:15:53.360369" level="INFO" html="true">Appended to file '&lt;a href="file://C:\Users\ASUS\PycharmProjects\RobotFramework\Resources\Data\logs.txt"&gt;C:\Users\ASUS\PycharmProjects\RobotFramework\Resources\Data\logs.txt&lt;/a&gt;'.</msg>
<arg>${path}</arg>
<arg>${txt}\n</arg>
<doc>Appends the given content to the specified file.</doc>
<status status="PASS" start="2025-09-16T20:15:53.359381" elapsed="0.001119"/>
</kw>
<var name="${i}">&lt;selenium.webdriver.remote.webelement.WebElement (session="92a10f4c7382a7fc69d19c5a25d128bb", element="f.29E379AC6E79BBBFFFE07203492AAC95.d.5ADFA80EA915602731EE3446FE78C44F.e.149")&gt;</var>
<status status="PASS" start="2025-09-16T20:15:53.351533" elapsed="0.009042"/>
</iter>
<var>${i}</var>
<value>@{tb_val}</value>
<status status="PASS" start="2025-09-16T20:15:53.146973" elapsed="0.213667"/>
</for>
<kw name="Get WebElements" owner="SeleniumLibrary">
<msg time="2025-09-16T20:15:53.370917" level="INFO">${tb_val_1} = [&lt;selenium.webdriver.remote.webelement.WebElement (session="92a10f4c7382a7fc69d19c5a25d128bb", element="f.29E379AC6E79BBBFFFE07203492AAC95.d.5ADFA80EA915602731EE3446FE78C44F.e.151")&gt;, &lt;selenium.webdri...</msg>
<var>${tb_val_1}</var>
<arg>${dynamic_table}</arg>
<doc>Returns a list of WebElement objects matching the ``locator``.</doc>
<status status="PASS" start="2025-09-16T20:15:53.360806" elapsed="0.010161"/>
</kw>
<for flavor="IN">
<iter>
<kw name="Get Text" owner="SeleniumLibrary">
<msg time="2025-09-16T20:15:53.401401" level="INFO">${txt_1} = System</msg>
<var>${txt_1}</var>
<arg>${i}</arg>
<doc>Returns the text value of the element identified by ``locator``.</doc>
<status status="PASS" start="2025-09-16T20:15:53.371362" elapsed="0.030144"/>
</kw>
<kw name="Append To File" owner="OperatingSystem">
<msg time="2025-09-16T20:15:53.403450" level="INFO" html="true">Appended to file '&lt;a href="file://C:\Users\ASUS\PycharmProjects\RobotFramework\Resources\Data\logs.txt"&gt;C:\Users\ASUS\PycharmProjects\RobotFramework\Resources\Data\logs.txt&lt;/a&gt;'.</msg>
<arg>${path}</arg>
<arg>${txt_1}\n</arg>
<doc>Appends the given content to the specified file.</doc>
<status status="PASS" start="2025-09-16T20:15:53.401876" elapsed="0.001768"/>
</kw>
<var name="${i}">&lt;selenium.webdriver.remote.webelement.WebElement (session="92a10f4c7382a7fc69d19c5a25d128bb", element="f.29E379AC6E79BBBFFFE07203492AAC95.d.5ADFA80EA915602731EE3446FE78C44F.e.151")&gt;</var>
<status status="PASS" start="2025-09-16T20:15:53.371237" elapsed="0.032550"/>
</iter>
<iter>
<kw name="Get Text" owner="SeleniumLibrary">
<msg time="2025-09-16T20:15:53.416096" level="INFO">${txt_1} = 2.4%</msg>
<var>${txt_1}</var>
<arg>${i}</arg>
<doc>Returns the text value of the element identified by ``locator``.</doc>
<status status="PASS" start="2025-09-16T20:15:53.404274" elapsed="0.011882"/>
</kw>
<kw name="Append To File" owner="OperatingSystem">
<msg time="2025-09-16T20:15:53.417186" level="INFO" html="true">Appended to file '&lt;a href="file://C:\Users\ASUS\PycharmProjects\RobotFramework\Resources\Data\logs.txt"&gt;C:\Users\ASUS\PycharmProjects\RobotFramework\Resources\Data\logs.txt&lt;/a&gt;'.</msg>
<arg>${path}</arg>
<arg>${txt_1}\n</arg>
<doc>Appends the given content to the specified file.</doc>
<status status="PASS" start="2025-09-16T20:15:53.416368" elapsed="0.001027"/>
</kw>
<var name="${i}">&lt;selenium.webdriver.remote.webelement.WebElement (session="92a10f4c7382a7fc69d19c5a25d128bb", element="f.29E379AC6E79BBBFFFE07203492AAC95.d.5ADFA80EA915602731EE3446FE78C44F.e.152")&gt;</var>
<status status="PASS" start="2025-09-16T20:15:53.404049" elapsed="0.013437"/>
</iter>
<iter>
<kw name="Get Text" owner="SeleniumLibrary">
<msg time="2025-09-16T20:15:53.426272" level="INFO">${txt_1} = 1.8 Mbps</msg>
<var>${txt_1}</var>
<arg>${i}</arg>
<doc>Returns the text value of the element identified by ``locator``.</doc>
<status status="PASS" start="2025-09-16T20:15:53.417831" elapsed="0.008488"/>
</kw>
<kw name="Append To File" owner="OperatingSystem">
<msg time="2025-09-16T20:15:53.427118" level="INFO" html="true">Appended to file '&lt;a href="file://C:\Users\ASUS\PycharmProjects\RobotFramework\Resources\Data\logs.txt"&gt;C:\Users\ASUS\PycharmProjects\RobotFramework\Resources\Data\logs.txt&lt;/a&gt;'.</msg>
<arg>${path}</arg>
<arg>${txt_1}\n</arg>
<doc>Appends the given content to the specified file.</doc>
<status status="PASS" start="2025-09-16T20:15:53.426486" elapsed="0.000739"/>
</kw>
<var name="${i}">&lt;selenium.webdriver.remote.webelement.WebElement (session="92a10f4c7382a7fc69d19c5a25d128bb", element="f.29E379AC6E79BBBFFFE07203492AAC95.d.5ADFA80EA915602731EE3446FE78C44F.e.153")&gt;</var>
<status status="PASS" start="2025-09-16T20:15:53.417670" elapsed="0.009624"/>
</iter>
<iter>
<kw name="Get Text" owner="SeleniumLibrary">
<msg time="2025-09-16T20:15:53.435022" level="INFO">${txt_1} = 93.2 MB</msg>
<var>${txt_1}</var>
<arg>${i}</arg>
<doc>Returns the text value of the element identified by ``locator``.</doc>
<status status="PASS" start="2025-09-16T20:15:53.427559" elapsed="0.007511"/>
</kw>
<kw name="Append To File" owner="OperatingSystem">
<msg time="2025-09-16T20:15:53.435913" level="INFO" html="true">Appended to file '&lt;a href="file://C:\Users\ASUS\PycharmProjects\RobotFramework\Resources\Data\logs.txt"&gt;C:\Users\ASUS\PycharmProjects\RobotFramework\Resources\Data\logs.txt&lt;/a&gt;'.</msg>
<arg>${path}</arg>
<arg>${txt_1}\n</arg>
<doc>Appends the given content to the specified file.</doc>
<status status="PASS" start="2025-09-16T20:15:53.435238" elapsed="0.000782"/>
</kw>
<var name="${i}">&lt;selenium.webdriver.remote.webelement.WebElement (session="92a10f4c7382a7fc69d19c5a25d128bb", element="f.29E379AC6E79BBBFFFE07203492AAC95.d.5ADFA80EA915602731EE3446FE78C44F.e.154")&gt;</var>
<status status="PASS" start="2025-09-16T20:15:53.427436" elapsed="0.008649"/>
</iter>
<iter>
<kw name="Get Text" owner="SeleniumLibrary">
<msg time="2025-09-16T20:15:53.444055" level="INFO">${txt_1} = 0.11 MB/s</msg>
<var>${txt_1}</var>
<arg>${i}</arg>
<doc>Returns the text value of the element identified by ``locator``.</doc>
<status status="PASS" start="2025-09-16T20:15:53.436361" elapsed="0.007742"/>
</kw>
<kw name="Append To File" owner="OperatingSystem">
<msg time="2025-09-16T20:15:53.444909" level="INFO" html="true">Appended to file '&lt;a href="file://C:\Users\ASUS\PycharmProjects\RobotFramework\Resources\Data\logs.txt"&gt;C:\Users\ASUS\PycharmProjects\RobotFramework\Resources\Data\logs.txt&lt;/a&gt;'.</msg>
<arg>${path}</arg>
<arg>${txt_1}\n</arg>
<doc>Appends the given content to the specified file.</doc>
<status status="PASS" start="2025-09-16T20:15:53.444269" elapsed="0.000761"/>
</kw>
<var name="${i}">&lt;selenium.webdriver.remote.webelement.WebElement (session="92a10f4c7382a7fc69d19c5a25d128bb", element="f.29E379AC6E79BBBFFFE07203492AAC95.d.5ADFA80EA915602731EE3446FE78C44F.e.155")&gt;</var>
<status status="PASS" start="2025-09-16T20:15:53.436237" elapsed="0.008874"/>
</iter>
<iter>
<kw name="Get Text" owner="SeleniumLibrary">
<msg time="2025-09-16T20:15:53.453026" level="INFO">${txt_1} = Chrome</msg>
<var>${txt_1}</var>
<arg>${i}</arg>
<doc>Returns the text value of the element identified by ``locator``.</doc>
<status status="PASS" start="2025-09-16T20:15:53.445405" elapsed="0.007670"/>
</kw>
<kw name="Append To File" owner="OperatingSystem">
<msg time="2025-09-16T20:15:53.453898" level="INFO" html="true">Appended to file '&lt;a href="file://C:\Users\ASUS\PycharmProjects\RobotFramework\Resources\Data\logs.txt"&gt;C:\Users\ASUS\PycharmProjects\RobotFramework\Resources\Data\logs.txt&lt;/a&gt;'.</msg>
<arg>${path}</arg>
<arg>${txt_1}\n</arg>
<doc>Appends the given content to the specified file.</doc>
<status status="PASS" start="2025-09-16T20:15:53.453253" elapsed="0.000762"/>
</kw>
<var name="${i}">&lt;selenium.webdriver.remote.webelement.WebElement (session="92a10f4c7382a7fc69d19c5a25d128bb", element="f.29E379AC6E79BBBFFFE07203492AAC95.d.5ADFA80EA915602731EE3446FE78C44F.e.156")&gt;</var>
<status status="PASS" start="2025-09-16T20:15:53.445265" elapsed="0.008818"/>
</iter>
<iter>
<kw name="Get Text" owner="SeleniumLibrary">
<msg time="2025-09-16T20:15:53.461900" level="INFO">${txt_1} = 1.8%</msg>
<var>${txt_1}</var>
<arg>${i}</arg>
<doc>Returns the text value of the element identified by ``locator``.</doc>
<status status="PASS" start="2025-09-16T20:15:53.454362" elapsed="0.007586"/>
</kw>
<kw name="Append To File" owner="OperatingSystem">
<msg time="2025-09-16T20:15:53.462763" level="INFO" html="true">Appended to file '&lt;a href="file://C:\Users\ASUS\PycharmProjects\RobotFramework\Resources\Data\logs.txt"&gt;C:\Users\ASUS\PycharmProjects\RobotFramework\Resources\Data\logs.txt&lt;/a&gt;'.</msg>
<arg>${path}</arg>
<arg>${txt_1}\n</arg>
<doc>Appends the given content to the specified file.</doc>
<status status="PASS" start="2025-09-16T20:15:53.462123" elapsed="0.000757"/>
</kw>
<var name="${i}">&lt;selenium.webdriver.remote.webelement.WebElement (session="92a10f4c7382a7fc69d19c5a25d128bb", element="f.29E379AC6E79BBBFFFE07203492AAC95.d.5ADFA80EA915602731EE3446FE78C44F.e.157")&gt;</var>
<status status="PASS" start="2025-09-16T20:15:53.454231" elapsed="0.008714"/>
</iter>
<iter>
<kw name="Get Text" owner="SeleniumLibrary">
<msg time="2025-09-16T20:15:53.471029" level="INFO">${txt_1} = 6.7 Mbps</msg>
<var>${txt_1}</var>
<arg>${i}</arg>
<doc>Returns the text value of the element identified by ``locator``.</doc>
<status status="PASS" start="2025-09-16T20:15:53.463212" elapsed="0.007864"/>
</kw>
<kw name="Append To File" owner="OperatingSystem">
<msg time="2025-09-16T20:15:53.471884" level="INFO" html="true">Appended to file '&lt;a href="file://C:\Users\ASUS\PycharmProjects\RobotFramework\Resources\Data\logs.txt"&gt;C:\Users\ASUS\PycharmProjects\RobotFramework\Resources\Data\logs.txt&lt;/a&gt;'.</msg>
<arg>${path}</arg>
<arg>${txt_1}\n</arg>
<doc>Appends the given content to the specified file.</doc>
<status status="PASS" start="2025-09-16T20:15:53.471245" elapsed="0.000745"/>
</kw>
<var name="${i}">&lt;selenium.webdriver.remote.webelement.WebElement (session="92a10f4c7382a7fc69d19c5a25d128bb", element="f.29E379AC6E79BBBFFFE07203492AAC95.d.5ADFA80EA915602731EE3446FE78C44F.e.158")&gt;</var>
<status status="PASS" start="2025-09-16T20:15:53.463084" elapsed="0.008972"/>
</iter>
<iter>
<kw name="Get Text" owner="SeleniumLibrary">
<msg time="2025-09-16T20:15:53.481455" level="INFO">${txt_1} = 36.1 MB</msg>
<var>${txt_1}</var>
<arg>${i}</arg>
<doc>Returns the text value of the element identified by ``locator``.</doc>
<status status="PASS" start="2025-09-16T20:15:53.472316" elapsed="0.009188"/>
</kw>
<kw name="Append To File" owner="OperatingSystem">
<msg time="2025-09-16T20:15:53.482305" level="INFO" html="true">Appended to file '&lt;a href="file://C:\Users\ASUS\PycharmProjects\RobotFramework\Resources\Data\logs.txt"&gt;C:\Users\ASUS\PycharmProjects\RobotFramework\Resources\Data\logs.txt&lt;/a&gt;'.</msg>
<arg>${path}</arg>
<arg>${txt_1}\n</arg>
<doc>Appends the given content to the specified file.</doc>
<status status="PASS" start="2025-09-16T20:15:53.481674" elapsed="0.000745"/>
</kw>
<var name="${i}">&lt;selenium.webdriver.remote.webelement.WebElement (session="92a10f4c7382a7fc69d19c5a25d128bb", element="f.29E379AC6E79BBBFFFE07203492AAC95.d.5ADFA80EA915602731EE3446FE78C44F.e.159")&gt;</var>
<status status="PASS" start="2025-09-16T20:15:53.472195" elapsed="0.010300"/>
</iter>
<iter>
<kw name="Get Text" owner="SeleniumLibrary">
<msg time="2025-09-16T20:15:53.490511" level="INFO">${txt_1} = 0.02 MB/s</msg>
<var>${txt_1}</var>
<arg>${i}</arg>
<doc>Returns the text value of the element identified by ``locator``.</doc>
<status status="PASS" start="2025-09-16T20:15:53.482830" elapsed="0.007728"/>
</kw>
<kw name="Append To File" owner="OperatingSystem">
<msg time="2025-09-16T20:15:53.491404" level="INFO" html="true">Appended to file '&lt;a href="file://C:\Users\ASUS\PycharmProjects\RobotFramework\Resources\Data\logs.txt"&gt;C:\Users\ASUS\PycharmProjects\RobotFramework\Resources\Data\logs.txt&lt;/a&gt;'.</msg>
<arg>${path}</arg>
<arg>${txt_1}\n</arg>
<doc>Appends the given content to the specified file.</doc>
<status status="PASS" start="2025-09-16T20:15:53.490726" elapsed="0.000787"/>
</kw>
<var name="${i}">&lt;selenium.webdriver.remote.webelement.WebElement (session="92a10f4c7382a7fc69d19c5a25d128bb", element="f.29E379AC6E79BBBFFFE07203492AAC95.d.5ADFA80EA915602731EE3446FE78C44F.e.160")&gt;</var>
<status status="PASS" start="2025-09-16T20:15:53.482699" elapsed="0.008881"/>
</iter>
<iter>
<kw name="Get Text" owner="SeleniumLibrary">
<msg time="2025-09-16T20:15:53.499459" level="INFO">${txt_1} = Firefox</msg>
<var>${txt_1}</var>
<arg>${i}</arg>
<doc>Returns the text value of the element identified by ``locator``.</doc>
<status status="PASS" start="2025-09-16T20:15:53.491843" elapsed="0.007665"/>
</kw>
<kw name="Append To File" owner="OperatingSystem">
<msg time="2025-09-16T20:15:53.500321" level="INFO" html="true">Appended to file '&lt;a href="file://C:\Users\ASUS\PycharmProjects\RobotFramework\Resources\Data\logs.txt"&gt;C:\Users\ASUS\PycharmProjects\RobotFramework\Resources\Data\logs.txt&lt;/a&gt;'.</msg>
<arg>${path}</arg>
<arg>${txt_1}\n</arg>
<doc>Appends the given content to the specified file.</doc>
<status status="PASS" start="2025-09-16T20:15:53.499677" elapsed="0.000752"/>
</kw>
<var name="${i}">&lt;selenium.webdriver.remote.webelement.WebElement (session="92a10f4c7382a7fc69d19c5a25d128bb", element="f.29E379AC6E79BBBFFFE07203492AAC95.d.5ADFA80EA915602731EE3446FE78C44F.e.161")&gt;</var>
<status status="PASS" start="2025-09-16T20:15:53.491719" elapsed="0.008779"/>
</iter>
<iter>
<kw name="Get Text" owner="SeleniumLibrary">
<msg time="2025-09-16T20:15:53.508370" level="INFO">${txt_1} = 5.3%</msg>
<var>${txt_1}</var>
<arg>${i}</arg>
<doc>Returns the text value of the element identified by ``locator``.</doc>
<status status="PASS" start="2025-09-16T20:15:53.500767" elapsed="0.007651"/>
</kw>
<kw name="Append To File" owner="OperatingSystem">
<msg time="2025-09-16T20:15:53.509230" level="INFO" html="true">Appended to file '&lt;a href="file://C:\Users\ASUS\PycharmProjects\RobotFramework\Resources\Data\logs.txt"&gt;C:\Users\ASUS\PycharmProjects\RobotFramework\Resources\Data\logs.txt&lt;/a&gt;'.</msg>
<arg>${path}</arg>
<arg>${txt_1}\n</arg>
<doc>Appends the given content to the specified file.</doc>
<status status="PASS" start="2025-09-16T20:15:53.508587" elapsed="0.000750"/>
</kw>
<var name="${i}">&lt;selenium.webdriver.remote.webelement.WebElement (session="92a10f4c7382a7fc69d19c5a25d128bb", element="f.29E379AC6E79BBBFFFE07203492AAC95.d.5ADFA80EA915602731EE3446FE78C44F.e.162")&gt;</var>
<status status="PASS" start="2025-09-16T20:15:53.500644" elapsed="0.008760"/>
</iter>
<iter>
<kw name="Get Text" owner="SeleniumLibrary">
<msg time="2025-09-16T20:15:53.517269" level="INFO">${txt_1} = 2.9 Mbps</msg>
<var>${txt_1}</var>
<arg>${i}</arg>
<doc>Returns the text value of the element identified by ``locator``.</doc>
<status status="PASS" start="2025-09-16T20:15:53.509676" elapsed="0.007642"/>
</kw>
<kw name="Append To File" owner="OperatingSystem">
<msg time="2025-09-16T20:15:53.518135" level="INFO" html="true">Appended to file '&lt;a href="file://C:\Users\ASUS\PycharmProjects\RobotFramework\Resources\Data\logs.txt"&gt;C:\Users\ASUS\PycharmProjects\RobotFramework\Resources\Data\logs.txt&lt;/a&gt;'.</msg>
<arg>${path}</arg>
<arg>${txt_1}\n</arg>
<doc>Appends the given content to the specified file.</doc>
<status status="PASS" start="2025-09-16T20:15:53.517494" elapsed="0.000754"/>
</kw>
<var name="${i}">&lt;selenium.webdriver.remote.webelement.WebElement (session="92a10f4c7382a7fc69d19c5a25d128bb", element="f.29E379AC6E79BBBFFFE07203492AAC95.d.5ADFA80EA915602731EE3446FE78C44F.e.163")&gt;</var>
<status status="PASS" start="2025-09-16T20:15:53.509551" elapsed="0.008766"/>
</iter>
<iter>
<kw name="Get Text" owner="SeleniumLibrary">
<msg time="2025-09-16T20:15:53.526548" level="INFO">${txt_1} = 89.3 MB</msg>
<var>${txt_1}</var>
<arg>${i}</arg>
<doc>Returns the text value of the element identified by ``locator``.</doc>
<status status="PASS" start="2025-09-16T20:15:53.518584" elapsed="0.008012"/>
</kw>
<kw name="Append To File" owner="OperatingSystem">
<msg time="2025-09-16T20:15:53.527400" level="INFO" html="true">Appended to file '&lt;a href="file://C:\Users\ASUS\PycharmProjects\RobotFramework\Resources\Data\logs.txt"&gt;C:\Users\ASUS\PycharmProjects\RobotFramework\Resources\Data\logs.txt&lt;/a&gt;'.</msg>
<arg>${path}</arg>
<arg>${txt_1}\n</arg>
<doc>Appends the given content to the specified file.</doc>
<status status="PASS" start="2025-09-16T20:15:53.526763" elapsed="0.000744"/>
</kw>
<var name="${i}">&lt;selenium.webdriver.remote.webelement.WebElement (session="92a10f4c7382a7fc69d19c5a25d128bb", element="f.29E379AC6E79BBBFFFE07203492AAC95.d.5ADFA80EA915602731EE3446FE78C44F.e.164")&gt;</var>
<status status="PASS" start="2025-09-16T20:15:53.518456" elapsed="0.009118"/>
</iter>
<iter>
<kw name="Get Text" owner="SeleniumLibrary">
<msg time="2025-09-16T20:15:53.535269" level="INFO">${txt_1} = 0.46 MB/s</msg>
<var>${txt_1}</var>
<arg>${i}</arg>
<doc>Returns the text value of the element identified by ``locator``.</doc>
<status status="PASS" start="2025-09-16T20:15:53.527846" elapsed="0.007472"/>
</kw>
<kw name="Append To File" owner="OperatingSystem">
<msg time="2025-09-16T20:15:53.536242" level="INFO" html="true">Appended to file '&lt;a href="file://C:\Users\ASUS\PycharmProjects\RobotFramework\Resources\Data\logs.txt"&gt;C:\Users\ASUS\PycharmProjects\RobotFramework\Resources\Data\logs.txt&lt;/a&gt;'.</msg>
<arg>${path}</arg>
<arg>${txt_1}\n</arg>
<doc>Appends the given content to the specified file.</doc>
<status status="PASS" start="2025-09-16T20:15:53.535484" elapsed="0.000871"/>
</kw>
<var name="${i}">&lt;selenium.webdriver.remote.webelement.WebElement (session="92a10f4c7382a7fc69d19c5a25d128bb", element="f.29E379AC6E79BBBFFFE07203492AAC95.d.5ADFA80EA915602731EE3446FE78C44F.e.165")&gt;</var>
<status status="PASS" start="2025-09-16T20:15:53.527715" elapsed="0.008710"/>
</iter>
<iter>
<kw name="Get Text" owner="SeleniumLibrary">
<msg time="2025-09-16T20:15:53.544270" level="INFO">${txt_1} = Internet Explorer</msg>
<var>${txt_1}</var>
<arg>${i}</arg>
<doc>Returns the text value of the element identified by ``locator``.</doc>
<status status="PASS" start="2025-09-16T20:15:53.536702" elapsed="0.007615"/>
</kw>
[...]
00;font-stretch:100%;font-display:swap;src:url(//fonts.gstatic.com/s/opensans/v43/memSYaGs126MiZpBA-UvWbX2vVnXBbObj2OVZyOOSr4dVJWUgsjZ0B4kaVIGxA.woff2)format('woff2');unicode-range:U+0301,U+0400-045F,U+0490-0491,U+04B0-04B1,U+2116;}@font-face{font-family:'Open Sans';font-style:normal;font-weight:400;font-stretch:100%;font-display:swap;src:url(//fonts.gstatic.com/s/opensans/v43/memSYaGs126MiZpBA-UvWbX2vVnXBbObj2OVZyOOSr4dVJWUgsjZ0B4saVIGxA.woff2)format('woff2');unicode-range:U+1F00-1FFF;}@font-face{font-family:'Open Sans';font-style:normal;font-weight:400;font-stretch:100%;font-display:swap;src:url(//fonts.gstatic.com/s/opensans/v43/memSYaGs126MiZpBA-UvWbX2vVnXBbObj2OVZyOOSr4dVJWUgsjZ0B4jaVIGxA.woff2)format('woff2');unicode-range:U+0370-0377,U+037A-037F,U+0384-038A,U+038C,U+038E-03A1,U+03A3-03FF;}@font-face{font-family:'Open Sans';font-style:normal;font-weight:400;font-stretch:100%;font-display:swap;src:url(//fonts.gstatic.com/s/opensans/v43/memSYaGs126MiZpBA-UvWbX2vVnXBbObj2OVZyOOSr4dVJWUgsjZ0B4iaVIGxA.woff2)format('woff2');unicode-range:U+0307-0308,U+0590-05FF,U+200C-2010,U+20AA,U+25CC,U+FB1D-FB4F;}@font-face{font-family:'Open Sans';font-style:normal;font-weight:400;font-stretch:100%;font-display:swap;src:url(//fonts.gstatic.com/s/opensans/v43/memSYaGs126MiZpBA-UvWbX2vVnXBbObj2OVZyOOSr4dVJWUgsjZ0B5caVIGxA.woff2)format('woff2');unicode-range:U+0302-0303,U+0305,U+0307-0308,U+0310,U+0312,U+0315,U+031A,U+0326-0327,U+032C,U+032F-0330,U+0332-0333,U+0338,U+033A,U+0346,U+034D,U+0391-03A1,U+03A3-03A9,U+03B1-03C9,U+03D1,U+03D5-03D6,U+03F0-03F1,U+03F4-03F5,U+2016-2017,U+2034-2038,U+203C,U+2040,U+2043,U+2047,U+2050,U+2057,U+205F,U+2070-2071,U+2074-208E,U+2090-209C,U+20D0-20DC,U+20E1,U+20E5-20EF,U+2100-2112,U+2114-2115,U+2117-2121,U+2123-214F,U+2190,U+2192,U+2194-21AE,U+21B0-21E5,U+21F1-21F2,U+21F4-2211,U+2213-2214,U+2216-22FF,U+2308-230B,U+2310,U+2319,U+231C-2321,U+2336-237A,U+237C,U+2395,U+239B-23B7,U+23D0,U+23DC-23E1,U+2474-2475,U+25AF,U+25B3,U+25B7,U+25BD,U+25C1,U+25CA,U+25CC,U+25FB,U+266D-266F,U+27C0-27FF,U+2900-2AFF,U+2B0E-2B11,U+2B30-2B4C,U+2BFE,U+3030,U+FF5B,U+FF5D,U+1D400-1D7FF,U+1EE00-1EEFF;}@font-face{font-family:'Open Sans';font-style:normal;font-weight:400;font-stretch:100%;font-display:swap;src:url(//fonts.gstatic.com/s/opensans/v43/memSYaGs126MiZpBA-UvWbX2vVnXBbObj2OVZyOOSr4dVJWUgsjZ0B5OaVIGxA.woff2)format('woff2');unicode-range:U+0001-000C,U+000E-001F,U+007F-009F,U+20DD-20E0,U+20E2-20E4,U+2150-218F,U+2190,U+2192,U+2194-2199,U+21AF,U+21E6-21F0,U+21F3,U+2218-2219,U+2299,U+22C4-22C6,U+2300-243F,U+2440-244A,U+2460-24FF,U+25A0-27BF,U+2800-28FF,U+2921-2922,U+2981,U+29BF,U+29EB,U+2B00-2BFF,U+4DC0-4DFF,U+FFF9-FFFB,U+10140-1018E,U+10190-1019C,U+101A0,U+101D0-101FD,U+102E0-102FB,U+10E60-10E7E,U+1D2C0-1D2D3,U+1D2E0-1D37F,U+1F000-1F0FF,U+1F100-1F1AD,U+1F1E6-1F1FF,U+1F30D-1F30F,U+1F315,U+1F31C,U+1F31E,U+1F320-1F32C,U+1F336,U+1F378,U+1F37D,U+1F382,U+1F393-1F39F,U+1F3A7-1F3A8,U+1F3AC-1F3AF,U+1F3C2,U+1F3C4-1F3C6,U+1F3CA-1F3CE,U+1F3D4-1F3E0,U+1F3ED,U+1F3F1-1F3F3,U+1F3F5-1F3F7,U+1F408,U+1F415,U+1F41F,U+1F426,U+1F43F,U+1F441-1F442,U+1F444,U+1F446-1F449,U+1F44C-1F44E,U+1F453,U+1F46A,U+1F47D,U+1F4A3,U+1F4B0,U+1F4B3,U+1F4B9,U+1F4BB,U+1F4BF,U+1F4C8-1F4CB,U+1F4D6,U+1F4DA,U+1F4DF,U+1F4E3-1F4E6,U+1F4EA-1F4ED,U+1F4F7,U+1F4F9-1F4FB,U+1F4FD-1F4FE,U+1F503,U+1F507-1F50B,U+1F50D,U+1F512-1F513,U+1F53E-1F54A,U+1F54F-1F5FA,U+1F610,U+1F650-1F67F,U+1F687,U+1F68D,U+1F691,U+1F694,U+1F698,U+1F6AD,U+1F6B2,U+1F6B9-1F6BA,U+1F6BC,U+1F6C6-1F6CF,U+1F6D3-1F6D7,U+1F6E0-1F6EA,U+1F6F0-1F6F3,U+1F6F7-1F6FC,U+1F700-1F7FF,U+1F800-1F80B,U+1F810-1F847,U+1F850-1F859,U+1F860-1F887,U+1F890-1F8AD,U+1F8B0-1F8BB,U+1F8C0-1F8C1,U+1F900-1F90B,U+1F93B,U+1F946,U+1F984,U+1F996,U+1F9E9,U+1FA00-1FA6F,U+1FA70-1FA7C,U+1FA80-1FA89,U+1FA8F-1FAC6,U+1FACE-1FADC,U+1FADF-1FAE9,U+1FAF0-1FAF8,U+1FB00-1FBFF;}@font-face{font-family:'Open Sans';font-style:normal;font-weight:400;font-stretch:100%;font-display:swap;src:url(//fonts.gstatic.com/s/opensans/v43/memSYaGs126MiZpBA-UvWbX2vVnXBbObj2OVZyOOSr4dVJWUgsjZ0B4vaVIGxA.woff2)format('woff2');unicode-range:U+0102-0103,U+0110-0111,U+0128-0129,U+0168-0169,U+01A0-01A1,U+01AF-01B0,U+0300-0301,U+0303-0304,U+0308-0309,U+0323,U+0329,U+1EA0-1EF9,U+20AB;}@font-face{font-family:'Open Sans';font-style:normal;font-weight:400;font-stretch:100%;font-display:swap;src:url(//fonts.gstatic.com/s/opensans/v43/memSYaGs126MiZpBA-UvWbX2vVnXBbObj2OVZyOOSr4dVJWUgsjZ0B4uaVIGxA.woff2)format('woff2');unicode-range:U+0100-02BA,U+02BD-02C5,U+02C7-02CC,U+02CE-02D7,U+02DD-02FF,U+0304,U+0308,U+0329,U+1D00-1DBF,U+1E00-1E9F,U+1EF2-1EFF,U+2020,U+20A0-20AB,U+20AD-20C0,U+2113,U+2C60-2C7F,U+A720-A7FF;}@font-face{font-family:'Open Sans';font-style:normal;font-weight:400;font-stretch:100%;font-display:swap;src:url(//fonts.gstatic.com/s/opensans/v43/memSYaGs126MiZpBA-UvWbX2vVnXBbObj2OVZyOOSr4dVJWUgsjZ0B4gaVI.woff2)format('woff2');unicode-range:U+0000-00FF,U+0131,U+0152-0153,U+02BB-02BC,U+02C6,U+02DA,U+02DC,U+0304,U+0308,U+0329,U+2000-206F,U+20AC,U+2122,U+2191,U+2193,U+2212,U+2215,U+FEFF,U+FFFD;}&lt;/style&gt;
&lt;style id='page-skin-1' type='text/css'&gt;&lt;!--
/*
-----------------------------------------------
Blogger Template Style
Name:     Simple
Designer: Blogger
URL:      www.blogger.com
----------------------------------------------- */
/* Variable definitions
====================
&lt;Variable name="keycolor" description="Main Color" type="color" default="#66bbdd"/&gt;
&lt;Group description="Page Text" selector="body"&gt;
&lt;Variable name="body.font" description="Font" type="font"
default="normal normal 12px Calibri, Tahoma, Helvetica, FreeSans, sans-serif"/&gt;
&lt;Variable name="body.text.color" description="Text Color" type="color" default="#222222"/&gt;
&lt;/Group&gt;
&lt;Group description="Backgrounds" selector=".body-fauxcolumns-outer"&gt;
&lt;Variable name="body.background.color" description="Outer Background" type="color" default="#66bbdd"/&gt;
&lt;Variable name="content.background.color" description="Main Background" type="color" default="#ffffff"/&gt;
&lt;Variable name="header.background.color" description="Header Background" type="color" default="transparent"/&gt;
&lt;/Group&gt;
&lt;Group description="Links" selector=".main-outer"&gt;
&lt;Variable name="link.color" description="Link Color" type="color" default="#2288bb"/&gt;
&lt;Variable name="link.visited.color" description="Visited Color" type="color" default="#888888"/&gt;
&lt;Variable name="link.hover.color" description="Hover Color" type="color" default="#33aaff"/&gt;
&lt;/Group&gt;
&lt;Group description="Blog Title" selector=".header h1"&gt;
&lt;Variable name="header.font" description="Font" type="font"
de... (set the log level to DEBUG or TRACE to see the full content) 
 </msg>
<msg time="2025-09-16T20:16:37.949880" level="INFO">C:\Users\ASUS\PycharmProjects\RobotFramework\.venv\Lib\site-packages\urllib3\connectionpool.py:1097: InsecureRequestWarning: Unverified HTTPS request is being made to host 'testautomationpractice.blogspot.com'. Adding certificate verification is strongly advised. See: https://urllib3.readthedocs.io/en/latest/advanced-usage.html#tls-warnings
  warnings.warn(</msg>
<msg time="2025-09-16T20:16:37.951173" level="INFO">${response} = &lt;Response [200]&gt;</msg>
<var>${response}</var>
<arg>site</arg>
<arg>${url}</arg>
<doc>Sends a GET request on a previously created HTTP Session.</doc>
<status status="PASS" start="2025-09-16T20:16:37.279568" elapsed="0.671775"/>
</kw>
<kw name="Set Variable" owner="BuiltIn">
<msg time="2025-09-16T20:16:37.957489" level="INFO">${status} = 200</msg>
<var>${status}</var>
<arg>${response.status_code}</arg>
<doc>Returns the given values which can then be assigned to a variables.</doc>
<status status="PASS" start="2025-09-16T20:16:37.953363" elapsed="0.004182"/>
</kw>
<kw name="Run Keyword If" owner="BuiltIn">
<kw name="Log To Console" owner="BuiltIn">
<arg>OK: ${url} (Status: ${status})</arg>
<doc>Logs the given message to the console.</doc>
<status status="PASS" start="2025-09-16T20:16:37.958247" elapsed="0.000499"/>
</kw>
<arg>${status} &gt;= 400</arg>
<arg>Log To Console</arg>
<arg>Broken Link: ${url} (Status: ${status})</arg>
<arg>ELSE</arg>
<arg>Log To Console</arg>
<arg>OK: ${url} (Status: ${status})</arg>
<doc>Runs the given keyword with the given arguments, if ``condition`` is true.</doc>
<status status="PASS" start="2025-09-16T20:16:37.957768" elapsed="0.001114"/>
</kw>
<arg>${url}</arg>
<status status="PASS" start="2025-09-16T20:16:29.329225" elapsed="8.629792"/>
</kw>
<status status="PASS" start="2025-09-16T20:16:29.328142" elapsed="8.631192"/>
</test>
<test id="s1-t6" name="TC007_Form submission" line="47">
<kw name="Form submission" owner="keywords">
<kw name="Get Text" owner="SeleniumLibrary">
<msg time="2025-09-16T20:16:37.982848" level="INFO">${txt_val1} = This is a paragraph in Section 1.</msg>
<var>${txt_val1}</var>
<arg>${p1}</arg>
<doc>Returns the text value of the element identified by ``locator``.</doc>
<status status="PASS" start="2025-09-16T20:16:37.961248" elapsed="0.021646"/>
</kw>
<kw name="Wait Until Element Is Enabled" owner="SeleniumLibrary">
<arg>${sec1}</arg>
<arg>${time}</arg>
<doc>Waits until the element ``locator`` is enabled.</doc>
<status status="PASS" start="2025-09-16T20:16:37.983060" elapsed="0.023378"/>
</kw>
<kw name="Input Text" owner="SeleniumLibrary">
<msg time="2025-09-16T20:16:38.006918" level="INFO">Typing text 'This is a paragraph in Section 1.' into text field 'id:input1'.</msg>
<arg>${sec1}</arg>
<arg>${txt_val1}</arg>
<doc>Types the given ``text`` into the text field identified by ``locator``.</doc>
<status status="PASS" start="2025-09-16T20:16:38.006644" elapsed="0.150969"/>
</kw>
<kw name="Click Button" owner="SeleniumLibrary">
<msg time="2025-09-16T20:16:38.158471" level="INFO">Clicking button 'id:btn1'.</msg>
<arg>${sec1_btn}</arg>
<doc>Clicks the button identified by ``locator``.</doc>
<status status="PASS" start="2025-09-16T20:16:38.158001" elapsed="0.075593"/>
</kw>
<kw name="Get Text" owner="SeleniumLibrary">
<msg time="2025-09-16T20:16:38.252420" level="INFO">${txt_val2} = This is a paragraph in Section 2.</msg>
<var>${txt_val2}</var>
<arg>${p2}</arg>
<doc>Returns the text value of the element identified by ``locator``.</doc>
<status status="PASS" start="2025-09-16T20:16:38.233914" elapsed="0.018559"/>
</kw>
<kw name="Wait Until Element Is Enabled" owner="SeleniumLibrary">
<arg>${sec2}</arg>
<arg>${time}</arg>
<doc>Waits until the element ``locator`` is enabled.</doc>
<status status="PASS" start="2025-09-16T20:16:38.252660" elapsed="0.022439"/>
</kw>
<kw name="Input Text" owner="SeleniumLibrary">
<msg time="2025-09-16T20:16:38.275710" level="INFO">Typing text 'This is a paragraph in Section 2.' into text field 'id:input2'.</msg>
<arg>${sec2}</arg>
<arg>${txt_val2}</arg>
<doc>Types the given ``text`` into the text field identified by ``locator``.</doc>
<status status="PASS" start="2025-09-16T20:16:38.275335" elapsed="0.223614"/>
</kw>
<kw name="Click Button" owner="SeleniumLibrary">
<msg time="2025-09-16T20:16:38.499614" level="INFO">Clicking button 'id:btn2'.</msg>
<arg>${sec2_btn}</arg>
<doc>Clicks the button identified by ``locator``.</doc>
<status status="PASS" start="2025-09-16T20:16:38.499245" elapsed="0.223221"/>
</kw>
<kw name="Get Text" owner="SeleniumLibrary">
<msg time="2025-09-16T20:16:38.750398" level="INFO">${txt_val3} = This is a paragraph in Section 3.</msg>
<var>${txt_val3}</var>
<arg>${p3}</arg>
<doc>Returns the text value of the element identified by ``locator``.</doc>
<status status="PASS" start="2025-09-16T20:16:38.722847" elapsed="0.027638"/>
</kw>
<kw name="Wait Until Element Is Enabled" owner="SeleniumLibrary">
<arg>${sec3}</arg>
<arg>${time}</arg>
<doc>Waits until the element ``locator`` is enabled.</doc>
<status status="PASS" start="2025-09-16T20:16:38.750811" elapsed="0.049946"/>
</kw>
<kw name="Input Text" owner="SeleniumLibrary">
<msg time="2025-09-16T20:16:38.801526" level="INFO">Typing text 'This is a paragraph in Section 3.' into text field 'id:input3'.</msg>
<arg>${sec3}</arg>
<arg>${txt_val3}</arg>
<doc>Types the given ``text`` into the text field identified by ``locator``.</doc>
<status status="PASS" start="2025-09-16T20:16:38.801069" elapsed="0.182915"/>
</kw>
<kw name="Click Button" owner="SeleniumLibrary">
<msg time="2025-09-16T20:16:38.984947" level="INFO">Clicking button 'id:btn3'.</msg>
<arg>${sec3_btn}</arg>
<doc>Clicks the button identified by ``locator``.</doc>
<status status="PASS" start="2025-09-16T20:16:38.984423" elapsed="0.080196"/>
</kw>
<kw name="Get WebElements" owner="SeleniumLibrary">
<msg time="2025-09-16T20:16:39.078368" level="INFO">${ele} = [&lt;selenium.webdriver.remote.webelement.WebElement (session="92a10f4c7382a7fc69d19c5a25d128bb", element="f.29E379AC6E79BBBFFFE07203492AAC95.d.5ADFA80EA915602731EE3446FE78C44F.e.328")&gt;, &lt;selenium.webdri...</msg>
<var>${ele}</var>
<arg>${footer_links}</arg>
<doc>Returns a list of WebElement objects matching the ``locator``.</doc>
<status status="PASS" start="2025-09-16T20:16:39.064970" elapsed="0.013458"/>
</kw>
<for flavor="IN">
<iter>
<kw name="Get Text" owner="SeleniumLibrary">
<msg time="2025-09-16T20:16:39.088211" level="INFO">${text} = Home</msg>
<var>${text}</var>
<arg>${index}</arg>
<doc>Returns the text value of the element identified by ``locator``.</doc>
<status status="PASS" start="2025-09-16T20:16:39.079149" elapsed="0.009163"/>
</kw>
<if>
<branch type="IF" condition="$text == 'Home'">
<kw name="Log To Console" owner="BuiltIn">
<arg>Skipping 'Home' link</arg>
<doc>Logs the given message to the console.</doc>
<status status="PASS" start="2025-09-16T20:16:39.088946" elapsed="0.000515"/>
</kw>
<continue>
<status status="PASS" start="2025-09-16T20:16:39.089672" elapsed="0.000148"/>
</continue>
<status status="PASS" start="2025-09-16T20:16:39.088516" elapsed="0.001416"/>
</branch>
<status status="PASS" start="2025-09-16T20:16:39.088469" elapsed="0.001550"/>
</if>
<kw name="Click Element" owner="SeleniumLibrary">
<arg>${index}</arg>
<doc>Click the element identified by ``locator``.</doc>
<status status="NOT RUN" start="2025-09-16T20:16:39.090285" elapsed="0.000070"/>
</kw>
<kw name="Go Back" owner="SeleniumLibrary">
<doc>Simulates the user clicking the back button on their browser.</doc>
<status status="NOT RUN" start="2025-09-16T20:16:39.090572" elapsed="0.000046"/>
</kw>
<kw name="Sleep" owner="BuiltIn">
<arg>1s</arg>
<doc>Pauses the test executed for the given time.</doc>
<status status="NOT RUN" start="2025-09-16T20:16:39.090867" elapsed="0.000060"/>
</kw>
<var name="${index}">&lt;selenium.webdriver.remote.webelement.WebElement (session="92a10f4c7382a7fc69d19c5a25d128bb", element="f.29E379AC6E79BBBFFFE07203492AAC95.d.5ADFA80EA915602731EE3446FE78C44F.e.328")&gt;</var>
<status status="PASS" start="2025-09-16T20:16:39.078952" elapsed="0.012358"/>
</iter>
<iter>
<kw name="Get Text" owner="SeleniumLibrary">
<msg time="2025-09-16T20:16:39.103145" level="INFO">${text} = Hidden Elements &amp; AJAX</msg>
<var>${text}</var>
<arg>${index}</arg>
<doc>Returns the text value of the element identified by ``locator``.</doc>
<status status="PASS" start="2025-09-16T20:16:39.092203" elapsed="0.011024"/>
</kw>
<if>
<branch type="IF" condition="$text == 'Home'">
<kw name="Log To Console" owner="BuiltIn">
<arg>Skipping 'Home' link</arg>
<doc>Logs the given message to the console.</doc>
<status status="NOT RUN" start="2025-09-16T20:16:39.103791" elapsed="0.000038"/>
</kw>
<continue>
<status status="NOT RUN" start="2025-09-16T20:16:39.103905" elapsed="0.000039"/>
</continue>
<status status="NOT RUN" start="2025-09-16T20:16:39.103432" elapsed="0.000555"/>
</branch>
<status status="PASS" start="2025-09-16T20:16:39.103388" elapsed="0.000639"/>
</if>
<kw name="Click Element" owner="SeleniumLibrary">
<msg time="2025-09-16T20:16:39.104419" level="INFO">Clicking element '&lt;selenium.webdriver.remote.webelement.WebElement (session="92a10f4c7382a7fc69d19c5a25d128bb", element="f.29E379AC6E79BBBFFFE07203492AAC95.d.5ADFA80EA915602731EE3446FE78C44F.e.329")&gt;'.</msg>
<arg>${index}</arg>
<doc>Click the element identified by ``locator``.</doc>
<status status="PASS" start="2025-09-16T20:16:39.104153" elapsed="2.848712"/>
</kw>
<kw name="Go Back" owner="SeleniumLibrary">
<doc>Simulates the user clicking the back button on their browser.</doc>
<status status="PASS" start="2025-09-16T20:16:41.953051" elapsed="0.028375"/>
</kw>
<kw name="Sleep" owner="BuiltIn">
<msg time="2025-09-16T20:16:42.982988" level="INFO">Slept 1 second.</msg>
<arg>1s</arg>
<doc>Pauses the test executed for the given time.</doc>
<status status="PASS" start="2025-09-16T20:16:41.981922" elapsed="1.002449"/>
</kw>
<var name="${index}">&lt;selenium.webdriver.remote.webelement.WebElement (session="92a10f4c7382a7fc69d19c5a25d128bb", element="f.29E379AC6E79BBBFFFE07203492AAC95.d.5ADFA80EA915602731EE3446FE78C44F.e.329")&gt;</var>
<status status="PASS" start="2025-09-16T20:16:39.091961" elapsed="3.892885"/>
</iter>
<iter>
<kw name="Get Text" owner="SeleniumLibrary">
<msg time="2025-09-16T20:16:43.018842" level="INFO">${text} = Download Files</msg>
<var>${text}</var>
<arg>${index}</arg>
<doc>Returns the text value of the element identified by ``locator``.</doc>
<status status="PASS" start="2025-09-16T20:16:42.986233" elapsed="0.032702"/>
</kw>
<if>
<branch type="IF" condition="$text == 'Home'">
<kw name="Log To Console" owner="BuiltIn">
<arg>Skipping 'Home' link</arg>
<doc>Logs the given message to the console.</doc>
<status status="NOT RUN" start="2025-09-16T20:16:43.019636" elapsed="0.000071"/>
</kw>
<continue>
<status status="NOT RUN" start="2025-09-16T20:16:43.019845" elapsed="0.000059"/>
</continue>
<status status="NOT RUN" start="2025-09-16T20:16:43.019175" elapsed="0.000808"/>
</branch>
<status status="PASS" start="2025-09-16T20:16:43.019125" elapsed="0.000938"/>
</if>
<kw name="Click Element" owner="SeleniumLibrary">
<msg time="2025-09-16T20:16:43.020667" level="INFO">Clicking element '&lt;selenium.webdriver.remote.webelement.WebElement (session="92a10f4c7382a7fc69d19c5a25d128bb", element="f.29E379AC6E79BBBFFFE07203492AAC95.d.5ADFA80EA915602731EE3446FE78C44F.e.330")&gt;'.</msg>
<arg>${index}</arg>
<doc>Click the element identified by ``locator``.</doc>
<status status="PASS" start="2025-09-16T20:16:43.020263" elapsed="1.899623"/>
</kw>
<kw name="Go Back" owner="SeleniumLibrary">
<doc>Simulates the user clicking the back button on their browser.</doc>
<status status="PASS" start="2025-09-16T20:16:44.920092" elapsed="0.048321"/>
</kw>
<kw name="Sleep" owner="BuiltIn">
<msg time="2025-09-16T20:16:45.969209" level="INFO">Slept 1 second.</msg>
<arg>1s</arg>
<doc>Pauses the test executed for the given time.</doc>
<status status="PASS" start="2025-09-16T20:16:44.968705" elapsed="1.000650"/>
</kw>
<var name="${index}">&lt;selenium.webdriver.remote.webelement.WebElement (session="92a10f4c7382a7fc69d19c5a25d128bb", element="f.29E379AC6E79BBBFFFE07203492AAC95.d.5ADFA80EA915602731EE3446FE78C44F.e.330")&gt;</var>
<status status="PASS" start="2025-09-16T20:16:42.985747" elapsed="2.983688"/>
</iter>
<var>${index}</var>
<value>@{ele}</value>
<status status="PASS" start="2025-09-16T20:16:39.078546" elapsed="6.890961"/>
</for>
<status status="PASS" start="2025-09-16T20:16:37.960864" elapsed="8.008755"/>
</kw>
<status status="PASS" start="2025-09-16T20:16:37.960026" elapsed="8.009949"/>
</test>
<status status="PASS" start="2025-09-16T20:15:44.831898" elapsed="61.139270"/>
</suite>
<statistics>
<total>
<stat pass="6" fail="0" skip="0">All Tests</stat>
</total>
<tag>
</tag>
<suite>
<stat name="Test" id="s1" pass="6" fail="0" skip="0">Test</stat>
</suite>
</statistics>
<errors>
<msg time="2025-09-16T20:15:44.869332" level="ERROR">Error in file 'C:\Users\ASUS\PycharmProjects\RobotFramework\TestCases\test.robot' on line 2: Invalid resource file extension '.py'. Supported extensions are '.json', '.resource', '.rest', '.robot', '.rsrc', '.rst', '.tsv' and '.txt'.</msg>
</errors>
</robot>
