<?xml version="1.0" encoding="UTF-8"?>
<robot generator="Robot 7.3.2 (Python 3.13.5 on win32)" generated="2025-09-25T19:00:59.083361" rpa="false" schemaversion="5">
<suite id="s1" name="Test 001" source="C:\Users\ASUS\PycharmProjects\RobotFramework\python\Day7\Testcases\test_001.robot">
<test id="s1-t1" name="TC001_Login with valid credentials" line="10">
<kw name="Open Browser and enter valid details" owner="keywords">
<kw name="Open Browser" owner="SeleniumLibrary">
<msg time="2025-09-25T19:01:00.935674" level="INFO">Opening browser 'chrome' to base url 'https://opensource-demo.orangehrmlive.com/web/index.php/auth/login'.</msg>
<arg>${url}</arg>
<arg>${browser}</arg>
<doc>Opens a new browser instance to the optional ``url``.</doc>
<status status="PASS" start="2025-09-25T19:01:00.935055" elapsed="6.138866"/>
</kw>
<kw name="Maximize Browser Window" owner="SeleniumLibrary">
<doc>Maximizes current browser window.</doc>
<status status="PASS" start="2025-09-25T19:01:07.074365" elapsed="0.032215"/>
</kw>
<arg>${url}</arg>
<arg>${browser}</arg>
<status status="PASS" start="2025-09-25T19:01:00.932760" elapsed="6.174137"/>
</kw>
<kw name="Enter the information" owner="keywords">
<kw name="Get Title" owner="SeleniumLibrary">
<msg time="2025-09-25T19:01:07.127838" level="INFO">${title} = OrangeHRM</msg>
<var>${title}</var>
<doc>Returns the title of the current page.</doc>
<status status="PASS" start="2025-09-25T19:01:07.109111" elapsed="0.018850"/>
</kw>
<kw name="Wait Until Element Is Visible" owner="SeleniumLibrary">
<arg>${name}</arg>
<arg>${time}</arg>
<doc>Waits until the element ``locator`` is visible.</doc>
<status status="PASS" start="2025-09-25T19:01:07.128391" elapsed="1.190531"/>
</kw>
<kw name="Run Keyword And Continue On Failure" owner="BuiltIn">
<kw name="Input Text" owner="SeleniumLibrary">
<msg time="2025-09-25T19:01:08.320598" level="INFO">Typing text 'Admin' into text field 'xpath://input[@name='username']'.</msg>
<arg>${name}</arg>
<arg>${user_val}</arg>
<doc>Types the given ``text`` into the text field identified by ``locator``.</doc>
<status status="PASS" start="2025-09-25T19:01:08.319952" elapsed="0.200523"/>
</kw>
<arg>Input Text</arg>
<arg>${name}</arg>
<arg>${user_val}</arg>
<doc>Runs the keyword and continues execution even if a failure occurs.</doc>
<status status="PASS" start="2025-09-25T19:01:08.319431" elapsed="0.201223"/>
</kw>
<kw name="Wait Until Element Is Visible" owner="SeleniumLibrary">
<arg>${password}</arg>
<arg>${time}</arg>
<doc>Waits until the element ``locator`` is visible.</doc>
<status status="PASS" start="2025-09-25T19:01:08.520938" elapsed="0.023896"/>
</kw>
<kw name="Run Keyword And Continue On Failure" owner="BuiltIn">
<kw name="Input Text" owner="SeleniumLibrary">
<msg time="2025-09-25T19:01:08.546332" level="INFO">Typing text 'admin123' into text field 'xpath://input[@name='password']'.</msg>
<arg>${password}</arg>
<arg>${pass_val}</arg>
<doc>Types the given ``text`` into the text field identified by ``locator``.</doc>
<status status="PASS" start="2025-09-25T19:01:08.545593" elapsed="0.145744"/>
</kw>
<arg>Input Text</arg>
<arg>${password}</arg>
<arg>${pass_val}</arg>
<doc>Runs the keyword and continues execution even if a failure occurs.</doc>
<status status="PASS" start="2025-09-25T19:01:08.545218" elapsed="0.146333"/>
</kw>
<kw name="Wait Until Element Is Visible" owner="SeleniumLibrary">
<arg>${button}</arg>
<arg>${time}</arg>
<doc>Waits until the element ``locator`` is visible.</doc>
<status status="PASS" start="2025-09-25T19:01:08.691877" elapsed="0.035516"/>
</kw>
<kw name="Run Keyword And Continue On Failure" owner="BuiltIn">
<kw name="Click Element" owner="SeleniumLibrary">
<msg time="2025-09-25T19:01:08.728533" level="INFO">Clicking element 'xpath://button[@type='submit']'.</msg>
<arg>${button}</arg>
<doc>Click the element identified by ``locator``.</doc>
<status status="PASS" start="2025-09-25T19:01:08.728124" elapsed="1.789629"/>
</kw>
<arg>click element</arg>
<arg>${button}</arg>
<doc>Runs the keyword and continues execution even if a failure occurs.</doc>
<status status="PASS" start="2025-09-25T19:01:08.727761" elapsed="1.790765"/>
</kw>
<kw name="Log To Console" owner="BuiltIn">
<arg>${title}</arg>
<doc>Logs the given message to the console.</doc>
<status status="PASS" start="2025-09-25T19:01:10.519511" elapsed="0.001497"/>
</kw>
<kw name="Run Keyword And Return Status" owner="BuiltIn">
<kw name="Should Be Equal" owner="BuiltIn">
<arg>${title}</arg>
<arg>${title_val}</arg>
<doc>Fails if the given objects are unequal.</doc>
<status status="PASS" start="2025-09-25T19:01:10.522665" elapsed="0.001081"/>
</kw>
<msg time="2025-09-25T19:01:10.524332" level="INFO">${sts} = True</msg>
<var>${sts}</var>
<arg>Should Be Equal</arg>
<arg>${title}</arg>
<arg>${title_val}</arg>
<doc>Runs the given keyword with given arguments and returns the status as a Boolean value.</doc>
<status status="PASS" start="2025-09-25T19:01:10.521797" elapsed="0.002704"/>
</kw>
<if>
<branch type="IF" condition="${sts}">
<kw name="Log To Console" owner="BuiltIn">
<arg>Matched!!!!</arg>
<doc>Logs the given message to the console.</doc>
<status status="PASS" start="2025-09-25T19:01:10.525908" elapsed="0.001060"/>
</kw>
<status status="PASS" start="2025-09-25T19:01:10.525100" elapsed="0.002172"/>
</branch>
<branch type="ELSE">
<kw name="Run Keyword And Continue On Failure" owner="BuiltIn">
<doc>Runs the keyword and continues execution even if a failure occurs.</doc>
<status status="NOT RUN" start="2025-09-25T19:01:10.528186" elapsed="0.000160"/>
</kw>
<kw name="Fail" owner="BuiltIn">
<arg>Failed!!!</arg>
<doc>Fails the test with the given message and optionally alters its tags.</doc>
<status status="NOT RUN" start="2025-09-25T19:01:10.528918" elapsed="0.000159"/>
</kw>
<status status="NOT RUN" start="2025-09-25T19:01:10.527552" elapsed="0.002293"/>
</branch>
<status status="PASS" start="2025-09-25T19:01:10.524950" elapsed="0.005139"/>
</if>
<arg>${user_val}</arg>
<arg>${pass_val}</arg>
<arg>${title_val}</arg>
<status status="PASS" start="2025-09-25T19:01:07.107907" elapsed="3.423072"/>
</kw>
<status status="PASS" start="2025-09-25T19:01:00.930987" elapsed="9.603659"/>
</test>
<status status="PASS" start="2025-09-25T19:00:59.087447" elapsed="11.450503"/>
</suite>
<statistics>
<total>
<stat pass="1" fail="0" skip="0">All Tests</stat>
</total>
<tag>
</tag>
<suite>
<stat name="Test 001" id="s1" pass="1" fail="0" skip="0">Test 001</stat>
</suite>
</statistics>
<errors>
<msg time="2025-09-25T19:00:59.162939" level="ERROR">Error in file 'C:\Users\ASUS\PycharmProjects\RobotFramework\python\Day7\Testcases\test_001.robot' on line 2: Invalid resource file extension '.py'. Supported extensions are '.json', '.resource', '.rest', '.robot', '.rsrc', '.rst', '.tsv' and '.txt'.</msg>
</errors>
</robot>
